INFO 2019-04-18 02:34:44,274 basehttp 124 "GET /static/index.html HTTP/1.1" 304 0
WARNING 2019-04-18 02:34:44,458 base 152 Not Found: /favicon.ico
WARNING 2019-04-18 02:34:44,459 basehttp 124 "GET /favicon.ico HTTP/1.1" 404 1967
INFO 2019-04-18 02:35:06,039 basehttp 124 "GET /static/index.html HTTP/1.1" 304 0
INFO 2019-04-18 02:35:06,547 basehttp 124 "GET /static/index.html HTTP/1.1" 304 0
INFO 2019-04-18 02:35:06,746 basehttp 124 "GET /static/index.html HTTP/1.1" 304 0
INFO 2019-04-18 02:35:06,860 basehttp 124 "GET /static/index.html HTTP/1.1" 304 0
INFO 2019-04-18 02:35:07,050 basehttp 124 "GET /static/index.html HTTP/1.1" 304 0
INFO 2019-04-18 02:35:49,820 basehttp 124 "GET /static/index.html HTTP/1.1" 200 25037
INFO 2019-04-18 02:35:49,856 basehttp 124 "GET /static/js/host.js HTTP/1.1" 200 75
INFO 2019-04-18 02:35:49,857 basehttp 124 "GET /static/css/reset.css HTTP/1.1" 200 638
INFO 2019-04-18 02:35:49,859 basehttp 124 "GET /static/css/main.css HTTP/1.1" 200 39722
INFO 2019-04-18 02:35:49,863 basehttp 124 "GET /static/js/axios-0.18.0.min.js HTTP/1.1" 200 12941
INFO 2019-04-18 02:35:49,864 basehttp 124 "GET /static/images/logo.png HTTP/1.1" 200 7450
INFO 2019-04-18 02:35:49,865 basehttp 124 "GET /static/js/jquery-1.12.4.min.js HTTP/1.1" 200 97163
INFO 2019-04-18 02:35:49,865 basehttp 124 "GET /static/images/goods/goods001.jpg HTTP/1.1" 200 5391
INFO 2019-04-18 02:35:49,867 basehttp 124 "GET /static/js/vue-2.5.16.js HTTP/1.1" 200 289307
INFO 2019-04-18 02:35:49,884 basehttp 124 "GET /static/js/slide.js HTTP/1.1" 200 1822
INFO 2019-04-18 02:35:49,885 basehttp 124 "GET /static/js/index.js HTTP/1.1" 200 1727
INFO 2019-04-18 02:35:49,891 basehttp 124 "GET /static/images/goods/goods002.jpg HTTP/1.1" 200 5377
INFO 2019-04-18 02:35:49,891 basehttp 124 "GET /static/js/common.js HTTP/1.1" 200 891
INFO 2019-04-18 02:35:49,894 basehttp 124 "GET /static/images/slide01.jpg HTTP/1.1" 200 67813
INFO 2019-04-18 02:35:49,908 basehttp 124 "GET /static/images/slide02.jpg HTTP/1.1" 200 89905
INFO 2019-04-18 02:35:49,908 basehttp 124 "GET /static/images/slide03.jpg HTTP/1.1" 200 70152
INFO 2019-04-18 02:35:49,930 basehttp 124 "GET /static/images/banner01.jpg HTTP/1.1" 200 23658
INFO 2019-04-18 02:35:49,930 basehttp 124 "GET /static/images/goods/goods005.jpg HTTP/1.1" 200 7578
INFO 2019-04-18 02:35:49,930 basehttp 124 "GET /static/images/adv01.jpg HTTP/1.1" 200 39831
INFO 2019-04-18 02:35:49,931 basehttp 124 "GET /static/images/goods/goods003.jpg HTTP/1.1" 200 8579
INFO 2019-04-18 02:35:49,931 basehttp 124 "GET /static/images/goods/goods004.jpg HTTP/1.1" 200 6565
INFO 2019-04-18 02:35:49,933 basehttp 124 "GET /static/images/slide04.jpg HTTP/1.1" 200 107973
INFO 2019-04-18 02:35:49,939 basehttp 124 "GET /static/images/goods/goods008.jpg HTTP/1.1" 200 7072
INFO 2019-04-18 02:35:49,939 basehttp 124 "GET /static/images/icons.png HTTP/1.1" 200 7740
INFO 2019-04-18 02:35:49,940 basehttp 124 "GET /static/images/goods/goods009.jpg HTTP/1.1" 200 8738
INFO 2019-04-18 02:35:49,940 basehttp 124 "GET /static/images/banner03.jpg HTTP/1.1" 200 22681
INFO 2019-04-18 02:35:49,940 basehttp 124 "GET /static/images/banner02.jpg HTTP/1.1" 200 26729
WARNING 2019-04-18 02:35:50,155 base 152 Not Found: /carts/simple/
WARNING 2019-04-18 02:35:50,155 basehttp 124 "GET /carts/simple/ HTTP/1.1" 404 1973
WARNING 2019-04-18 02:36:11,490 base 152 Not Found: /carts/simple/
WARNING 2019-04-18 02:36:11,490 basehttp 124 "GET /carts/simple/ HTTP/1.1" 404 1973
WARNING 2019-04-18 02:36:12,145 base 152 Not Found: /carts/simple/
WARNING 2019-04-18 02:36:12,145 basehttp 124 "GET /carts/simple/ HTTP/1.1" 404 1973
WARNING 2019-04-18 02:36:12,658 base 152 Not Found: /carts/simple/
WARNING 2019-04-18 02:36:12,659 basehttp 124 "GET /carts/simple/ HTTP/1.1" 404 1973
WARNING 2019-04-18 02:36:13,179 base 152 Not Found: /carts/simple/
WARNING 2019-04-18 02:36:13,179 basehttp 124 "GET /carts/simple/ HTTP/1.1" 404 1973
INFO 2019-04-18 02:36:15,146 basehttp 124 "GET /static/list.html HTTP/1.1" 200 12302
WARNING 2019-04-18 02:36:15,167 basehttp 124 "GET /static/%7B%7B%20static('images/goods/goods001.jpg')%20%7D%7D HTTP/1.1" 404 1772
INFO 2019-04-18 02:36:15,167 basehttp 124 "GET /static/css/jquery.pagination.css HTTP/1.1" 200 523
WARNING 2019-04-18 02:36:15,168 basehttp 124 "GET /static/%7B%7B%20static('images/logo.png')%20%7D%7D HTTP/1.1" 404 1742
INFO 2019-04-18 02:36:15,175 basehttp 124 "GET /static/js/list.js HTTP/1.1" 200 2105
INFO 2019-04-18 02:36:15,175 basehttp 124 "GET /static/js/jquery.pagination.min.js HTTP/1.1" 200 2935
WARNING 2019-04-18 02:36:15,188 basehttp 124 "GET /static/%7B%7B%20static('images/goods/goods003.jpg')%20%7D%7D HTTP/1.1" 404 1772
WARNING 2019-04-18 02:36:15,193 basehttp 124 "GET /static/%7B%7B%20static('images/goods/goods002.jpg')%20%7D%7D HTTP/1.1" 404 1772
WARNING 2019-04-18 02:36:15,198 basehttp 124 "GET /static/%7B%7B%20static('images/goods/goods005.jpg')%20%7D%7D HTTP/1.1" 404 1772
WARNING 2019-04-18 02:36:15,199 basehttp 124 "GET /static/%7B%7B%20static('images/goods/goods001.jpg')%20%7D%7D HTTP/1.1" 404 1772
INFO 2019-04-18 02:36:15,200 basehttp 124 "GET /static/images/shop_cart.png HTTP/1.1" 200 1317
WARNING 2019-04-18 02:36:17,756 base 152 Not Found: /carts/simple/
WARNING 2019-04-18 02:36:17,757 basehttp 124 "GET /carts/simple/ HTTP/1.1" 404 1973
INFO 2019-04-18 02:36:19,862 basehttp 124 "GET /static/login.html HTTP/1.1" 200 2616
INFO 2019-04-18 02:36:19,872 basehttp 124 "GET /static/images/logo02.png HTTP/1.1" 200 8466
INFO 2019-04-18 02:36:19,872 basehttp 124 "GET /static/js/login.js HTTP/1.1" 200 5212
INFO 2019-04-18 02:36:19,884 basehttp 124 "GET /static/images/icons02.png HTTP/1.1" 200 3935
INFO 2019-04-18 02:36:19,886 basehttp 124 "GET /static/images/login_banner.png HTTP/1.1" 200 319312
INFO 2019-04-18 02:36:19,888 basehttp 124 "GET /static/images/QQ-weixin.png HTTP/1.1" 200 1816
WARNING 2019-04-18 02:36:21,485 base 152 Not Found: /carts/simple/
WARNING 2019-04-18 02:36:21,486 basehttp 124 "GET /carts/simple/ HTTP/1.1" 404 1973
INFO 2019-04-18 02:36:22,606 basehttp 124 "GET /static/register.html HTTP/1.1" 200 853
WARNING 2019-04-18 02:36:24,835 base 152 Not Found: /carts/simple/
WARNING 2019-04-18 02:36:24,835 basehttp 124 "GET /carts/simple/ HTTP/1.1" 404 1973
INFO 2019-04-18 02:36:26,100 basehttp 124 "GET /static/user_center_info.html HTTP/1.1" 200 5315
INFO 2019-04-18 02:36:26,114 basehttp 124 "GET /static/images/goods/goods007.jpg HTTP/1.1" 200 3936
INFO 2019-04-18 02:36:26,114 basehttp 124 "GET /static/images/goods/goods006.jpg HTTP/1.1" 200 6836
INFO 2019-04-18 02:36:26,121 basehttp 124 "GET /static/js/user_center_info.js HTTP/1.1" 200 4692
INFO 2019-04-18 02:36:26,124 basehttp 124 "GET /static/images/left_bg.jpg HTTP/1.1" 200 1367
WARNING 2019-04-18 02:36:30,037 base 152 Not Found: /carts/simple/
WARNING 2019-04-18 02:36:30,038 basehttp 124 "GET /carts/simple/ HTTP/1.1" 404 1973
WARNING 2019-04-18 03:05:05,064 base 152 Not Found: /
WARNING 2019-04-18 03:05:05,070 basehttp 124 "GET / HTTP/1.1" 404 2092
ERROR 2019-04-18 03:05:34,760 exception 135 Internal Server Error: /register/
Traceback (most recent call last):
  File "/Users/meihao/.virtualenvs/project/lib/python3.6/site-packages/django/core/handlers/exception.py", line 41, in inner
    response = get_response(request)
  File "/Users/meihao/.virtualenvs/project/lib/python3.6/site-packages/django/core/handlers/base.py", line 187, in _get_response
    response = self.process_exception_by_middleware(e, request)
  File "/Users/meihao/.virtualenvs/project/lib/python3.6/site-packages/django/core/handlers/base.py", line 185, in _get_response
    response = wrapped_callback(request, *callback_args, **callback_kwargs)
  File "/Users/meihao/.virtualenvs/project/lib/python3.6/site-packages/django/views/generic/base.py", line 68, in view
    return self.dispatch(request, *args, **kwargs)
  File "/Users/meihao/.virtualenvs/project/lib/python3.6/site-packages/django/views/generic/base.py", line 88, in dispatch
    return handler(request, *args, **kwargs)
  File "/Users/meihao/Desktop/project/meiduo_mall/meiduo_mall/apps/users/views.py", line 13, in get
    return render(request, 'register.html')
  File "/Users/meihao/.virtualenvs/project/lib/python3.6/site-packages/django/shortcuts.py", line 30, in render
    content = loader.render_to_string(template_name, context, request, using=using)
  File "/Users/meihao/.virtualenvs/project/lib/python3.6/site-packages/django/template/loader.py", line 68, in render_to_string
    return template.render(context, request)
  File "/Users/meihao/.virtualenvs/project/lib/python3.6/site-packages/django/template/backends/jinja2.py", line 81, in render
    return self.template.render(context)
  File "/Users/meihao/.virtualenvs/project/lib/python3.6/site-packages/jinja2/asyncsupport.py", line 76, in render
    return original_render(self, *args, **kwargs)
  File "/Users/meihao/.virtualenvs/project/lib/python3.6/site-packages/jinja2/environment.py", line 1008, in render
    return self.environment.handle_exception(exc_info, True)
  File "/Users/meihao/.virtualenvs/project/lib/python3.6/site-packages/jinja2/environment.py", line 780, in handle_exception
    reraise(exc_type, exc_value, tb)
  File "/Users/meihao/.virtualenvs/project/lib/python3.6/site-packages/jinja2/_compat.py", line 37, in reraise
    raise value.with_traceback(tb)
  File "/Users/meihao/Desktop/project/meiduo_mall/meiduo_mall/templates/register.html", line 95, in top-level template code
    <a href="{{ url('users:logout') }}">退出</a>
  File "/Users/meihao/.virtualenvs/project/lib/python3.6/site-packages/django/urls/base.py", line 91, in reverse
    return force_text(iri_to_uri(resolver._reverse_with_prefix(view, prefix, *args, **kwargs)))
  File "/Users/meihao/.virtualenvs/project/lib/python3.6/site-packages/django/urls/resolvers.py", line 497, in _reverse_with_prefix
    raise NoReverseMatch(msg)
django.urls.exceptions.NoReverseMatch: Reverse for 'logout' not found. 'logout' is not a valid view function or pattern name.
ERROR 2019-04-18 03:05:35,879 basehttp 124 "GET /register/ HTTP/1.1" 500 131578
INFO 2019-04-18 03:06:38,863 basehttp 124 "GET /register/ HTTP/1.1" 200 3826
INFO 2019-04-18 03:06:38,910 basehttp 124 "GET /static/css/reset.css HTTP/1.1" 200 638
INFO 2019-04-18 03:06:38,913 basehttp 124 "GET /static/images/pic_code.jpg HTTP/1.1" 200 4507
INFO 2019-04-18 03:06:38,914 basehttp 124 "GET /static/js/register.js HTTP/1.1" 200 15584
INFO 2019-04-18 03:06:38,915 basehttp 124 "GET /static/images/logo.png HTTP/1.1" 200 7450
INFO 2019-04-18 03:06:38,917 basehttp 124 "GET /static/css/main.css HTTP/1.1" 200 39722
INFO 2019-04-18 03:06:38,932 basehttp 124 "GET /static/images/interval_line.png HTTP/1.1" 200 1123
INFO 2019-04-18 03:06:38,940 basehttp 124 "GET /static/images/icons02.png HTTP/1.1" 200 3935
INFO 2019-04-18 03:06:38,941 basehttp 124 "GET /static/images/register_banner.png HTTP/1.1" 200 54894
INFO 2019-04-18 03:15:09,928 basehttp 124 "GET /register/ HTTP/1.1" 200 3895
INFO 2019-04-18 03:17:08,471 basehttp 124 "GET /register/ HTTP/1.1" 200 4808
INFO 2019-04-20 02:25:44,976 basehttp 124 "GET / HTTP/1.1" 200 25122
WARNING 2019-04-20 02:25:45,276 base 152 Not Found: /carts/simple/
WARNING 2019-04-20 02:25:45,276 basehttp 124 "GET /carts/simple/ HTTP/1.1" 404 2313
WARNING 2019-04-20 02:25:45,302 base 152 Not Found: /favicon.ico
WARNING 2019-04-20 02:25:45,303 basehttp 124 "GET /favicon.ico HTTP/1.1" 404 2307
INFO 2019-04-20 02:26:02,556 basehttp 124 "GET /register/ HTTP/1.1" 200 4720
WARNING 2019-04-20 02:26:02,571 base 152 Not Found: /register/images/logo.png
WARNING 2019-04-20 02:26:02,575 base 152 Not Found: /register/images/pic_code.jpg
WARNING 2019-04-20 02:26:02,576 basehttp 124 "GET /register/images/logo.png HTTP/1.1" 404 2346
WARNING 2019-04-20 02:26:02,576 basehttp 124 "GET /register/images/pic_code.jpg HTTP/1.1" 404 2358
WARNING 2019-04-20 02:26:02,667 base 152 Not Found: /register/images/logo.png
WARNING 2019-04-20 02:26:02,671 base 152 Not Found: /register/images/pic_code.jpg
WARNING 2019-04-20 02:26:02,672 basehttp 124 "GET /register/images/logo.png HTTP/1.1" 404 2346
WARNING 2019-04-20 02:26:02,673 basehttp 124 "GET /register/images/pic_code.jpg HTTP/1.1" 404 2358
WARNING 2019-04-20 02:26:58,293 base 152 Not Found: /register/index.html
WARNING 2019-04-20 02:26:58,294 basehttp 124 "GET /register/index.html HTTP/1.1" 404 2331
INFO 2019-04-20 02:27:00,306 basehttp 124 "GET /register/ HTTP/1.1" 200 4954
INFO 2019-04-20 02:27:00,318 basehttp 124 "GET /static/images/pic_code.jpg HTTP/1.1" 200 4507
INFO 2019-04-20 03:11:03,248 basehttp 124 "GET /register/ HTTP/1.1" 200 4954
INFO 2019-04-20 03:11:06,870 basehttp 124 "GET /usernames/meihao/count/ HTTP/1.1" 200 41
INFO 2019-04-20 03:11:14,441 basehttp 124 "GET /usernames/meihao/count/ HTTP/1.1" 200 41
INFO 2019-04-20 03:12:34,448 basehttp 124 "GET /usernames/meihao/count/ HTTP/1.1" 200 41
INFO 2019-04-20 03:21:25,883 basehttp 124 "GET /usernames/meihao/count/ HTTP/1.1" 200 41
INFO 2019-04-20 03:21:40,289 basehttp 124 "GET /usernames/meihao/count/ HTTP/1.1" 200 41
INFO 2019-04-20 03:21:58,449 basehttp 124 "GET /usernames/meihao/count/ HTTP/1.1" 200 41
INFO 2019-04-20 03:22:52,475 basehttp 124 "GET /usernames/meihao/count/ HTTP/1.1" 200 41
INFO 2019-04-20 03:25:22,737 basehttp 124 "GET /usernames/meihao/count/ HTTP/1.1" 200 41
INFO 2019-04-20 03:56:03,363 basehttp 124 "GET /usernames/meihao/count/ HTTP/1.1" 200 41
INFO 2019-04-20 03:59:28,705 basehttp 124 "GET /usernames/meihao/count/ HTTP/1.1" 200 41
INFO 2019-04-20 04:11:03,431 basehttp 124 "GET /usernames/meihao/count/ HTTP/1.1" 200 41
INFO 2019-04-20 04:11:03,624 basehttp 124 "GET /register/ HTTP/1.1" 200 5084
ERROR 2019-04-20 04:11:03,684 exception 135 Internal Server Error: /image_codes/9a9fbcb5-80b1-42a2-bd4d-0c4a1344a71a/
Traceback (most recent call last):
  File "/Users/meihao/.virtualenvs/project/lib/python3.6/site-packages/redis/connection.py", line 492, in connect
    sock = self._connect()
  File "/Users/meihao/.virtualenvs/project/lib/python3.6/site-packages/redis/connection.py", line 550, in _connect
    raise err
  File "/Users/meihao/.virtualenvs/project/lib/python3.6/site-packages/redis/connection.py", line 538, in _connect
    sock.connect(socket_address)
ConnectionRefusedError: [Errno 61] Connection refused

During handling of the above exception, another exception occurred:

Traceback (most recent call last):
  File "/Users/meihao/.virtualenvs/project/lib/python3.6/site-packages/django/core/handlers/exception.py", line 41, in inner
    response = get_response(request)
  File "/Users/meihao/.virtualenvs/project/lib/python3.6/site-packages/django/core/handlers/base.py", line 187, in _get_response
    response = self.process_exception_by_middleware(e, request)
  File "/Users/meihao/.virtualenvs/project/lib/python3.6/site-packages/django/core/handlers/base.py", line 185, in _get_response
    response = wrapped_callback(request, *callback_args, **callback_kwargs)
  File "/Users/meihao/.virtualenvs/project/lib/python3.6/site-packages/django/views/generic/base.py", line 68, in view
    return self.dispatch(request, *args, **kwargs)
  File "/Users/meihao/.virtualenvs/project/lib/python3.6/site-packages/django/views/generic/base.py", line 88, in dispatch
    return handler(request, *args, **kwargs)
  File "/Users/meihao/Desktop/project/meiduo_mall/meiduo_mall/apps/verifications/views.py", line 20, in get
    redis_conn.setex('img_code_%s' % uuid, 300, text)  # expire
  File "/Users/meihao/.virtualenvs/project/lib/python3.6/site-packages/redis/client.py", line 1472, in setex
    return self.execute_command('SETEX', name, time, value)
  File "/Users/meihao/.virtualenvs/project/lib/python3.6/site-packages/redis/client.py", line 772, in execute_command
    connection = pool.get_connection(command_name, **options)
  File "/Users/meihao/.virtualenvs/project/lib/python3.6/site-packages/redis/connection.py", line 994, in get_connection
    connection.connect()
  File "/Users/meihao/.virtualenvs/project/lib/python3.6/site-packages/redis/connection.py", line 497, in connect
    raise ConnectionError(self._error_message(e))
redis.exceptions.ConnectionError: Error 61 connecting to 127.0.0.1:6379. Connection refused.
ERROR 2019-04-20 04:11:03,747 basehttp 124 "GET /image_codes/9a9fbcb5-80b1-42a2-bd4d-0c4a1344a71a/ HTTP/1.1" 500 113171
ERROR 2019-04-20 04:11:05,741 exception 135 Internal Server Error: /image_codes/b6ca7b86-4e52-48ac-b74d-2cc4e92e6190/
Traceback (most recent call last):
  File "/Users/meihao/.virtualenvs/project/lib/python3.6/site-packages/redis/connection.py", line 492, in connect
    sock = self._connect()
  File "/Users/meihao/.virtualenvs/project/lib/python3.6/site-packages/redis/connection.py", line 550, in _connect
    raise err
  File "/Users/meihao/.virtualenvs/project/lib/python3.6/site-packages/redis/connection.py", line 538, in _connect
    sock.connect(socket_address)
ConnectionRefusedError: [Errno 61] Connection refused

During handling of the above exception, another exception occurred:

Traceback (most recent call last):
  File "/Users/meihao/.virtualenvs/project/lib/python3.6/site-packages/django/core/handlers/exception.py", line 41, in inner
    response = get_response(request)
  File "/Users/meihao/.virtualenvs/project/lib/python3.6/site-packages/django/core/handlers/base.py", line 187, in _get_response
    response = self.process_exception_by_middleware(e, request)
  File "/Users/meihao/.virtualenvs/project/lib/python3.6/site-packages/django/core/handlers/base.py", line 185, in _get_response
    response = wrapped_callback(request, *callback_args, **callback_kwargs)
  File "/Users/meihao/.virtualenvs/project/lib/python3.6/site-packages/django/views/generic/base.py", line 68, in view
    return self.dispatch(request, *args, **kwargs)
  File "/Users/meihao/.virtualenvs/project/lib/python3.6/site-packages/django/views/generic/base.py", line 88, in dispatch
    return handler(request, *args, **kwargs)
  File "/Users/meihao/Desktop/project/meiduo_mall/meiduo_mall/apps/verifications/views.py", line 20, in get
    redis_conn.setex('img_code_%s' % uuid, 300, text)  # expire
  File "/Users/meihao/.virtualenvs/project/lib/python3.6/site-packages/redis/client.py", line 1472, in setex
    return self.execute_command('SETEX', name, time, value)
  File "/Users/meihao/.virtualenvs/project/lib/python3.6/site-packages/redis/client.py", line 772, in execute_command
    connection = pool.get_connection(command_name, **options)
  File "/Users/meihao/.virtualenvs/project/lib/python3.6/site-packages/redis/connection.py", line 994, in get_connection
    connection.connect()
  File "/Users/meihao/.virtualenvs/project/lib/python3.6/site-packages/redis/connection.py", line 497, in connect
    raise ConnectionError(self._error_message(e))
redis.exceptions.ConnectionError: Error 61 connecting to 127.0.0.1:6379. Connection refused.
ERROR 2019-04-20 04:11:05,784 basehttp 124 "GET /image_codes/b6ca7b86-4e52-48ac-b74d-2cc4e92e6190/ HTTP/1.1" 500 113177
INFO 2019-04-20 04:11:38,190 basehttp 124 "GET /register/ HTTP/1.1" 200 5084
INFO 2019-04-20 04:11:38,242 basehttp 124 "GET /image_codes/1d275c51-be5d-4ae0-8153-0ae900a14519/ HTTP/1.1" 200 3327
INFO 2019-04-20 04:11:40,030 basehttp 124 "GET /image_codes/534170a7-94b1-4a62-9a3e-99e957a30424/ HTTP/1.1" 200 3220
INFO 2019-04-20 04:11:40,731 basehttp 124 "GET /image_codes/77f38078-8538-436c-9126-13f87d802518/ HTTP/1.1" 200 3228
INFO 2019-04-20 04:11:40,892 basehttp 124 "GET /image_codes/dbf6a587-24f5-4c63-a5cb-64f1d63ba3d1/ HTTP/1.1" 200 3252
INFO 2019-04-20 04:11:41,093 basehttp 124 "GET /image_codes/0d44bb5f-9b45-4c95-bddb-a003406f5544/ HTTP/1.1" 200 3571
INFO 2019-04-20 04:11:41,228 basehttp 124 "GET /image_codes/016e5242-cad7-40fb-b75a-c7294814b3be/ HTTP/1.1" 200 3426
INFO 2019-04-20 04:11:41,433 basehttp 124 "GET /image_codes/171cd01c-f5ce-4d0f-b617-8712a390243d/ HTTP/1.1" 200 3019
INFO 2019-04-20 04:11:41,554 basehttp 124 "GET /image_codes/18b890a3-e519-451e-b189-9c03b38be749/ HTTP/1.1" 200 2848
INFO 2019-04-20 04:11:41,784 basehttp 124 "GET /image_codes/47839d18-0fe7-4fb9-8385-d2741611ba11/ HTTP/1.1" 200 3329
INFO 2019-04-20 04:11:41,891 basehttp 124 "GET /image_codes/163c80d5-2b0e-4f91-be26-364758809b8b/ HTTP/1.1" 200 3009
INFO 2019-04-20 04:11:42,043 basehttp 124 "GET /image_codes/2b3c3622-e7c3-471c-8aaf-af426c4b3886/ HTTP/1.1" 200 2963
INFO 2019-04-20 04:11:42,249 basehttp 124 "GET /image_codes/4134f105-8205-45f5-a880-d86aa29ac048/ HTTP/1.1" 200 3304
INFO 2019-04-20 04:11:42,354 basehttp 124 "GET /image_codes/94f045b7-ac15-4532-9b88-d69511d4f9d4/ HTTP/1.1" 200 3192
INFO 2019-04-20 04:11:42,515 basehttp 124 "GET /image_codes/05ec6164-ae46-449e-aa72-25ec722f0a29/ HTTP/1.1" 200 3144
INFO 2019-04-20 04:11:42,739 basehttp 124 "GET /image_codes/900ef561-d3a9-4876-bdbf-8a5cd379dbf4/ HTTP/1.1" 200 3319
INFO 2019-04-20 04:11:42,929 basehttp 124 "GET /image_codes/138868cc-d1ad-416d-910d-4ecb8b13faa8/ HTTP/1.1" 200 3117
INFO 2019-04-20 04:11:43,052 basehttp 124 "GET /image_codes/ab35d6b0-4c0f-42c9-b45e-c133d1b2c67a/ HTTP/1.1" 200 3208
INFO 2019-04-20 04:11:43,270 basehttp 124 "GET /image_codes/62671442-a7e9-42f1-9f25-28e840089929/ HTTP/1.1" 200 3127
INFO 2019-04-20 04:11:43,395 basehttp 124 "GET /image_codes/d1b2ce92-4e81-4e8e-9e93-e5f9c7fd2889/ HTTP/1.1" 200 2909
INFO 2019-04-20 04:12:14,402 basehttp 124 "GET /image_codes/0a5a80dd-71fd-40ad-a535-3cc8e234978c/ HTTP/1.1" 200 3317
INFO 2019-04-20 04:12:14,523 basehttp 124 "GET /image_codes/16a0baf2-7c2a-4f68-873c-ed73df29d32d/ HTTP/1.1" 200 3115
INFO 2019-04-20 04:12:14,743 basehttp 124 "GET /image_codes/3be239e3-f589-4d11-81ed-d38246b00e69/ HTTP/1.1" 200 3356
INFO 2019-04-20 04:12:14,857 basehttp 124 "GET /image_codes/fc66eb05-e357-4f03-a4d4-6e0e6d0f7b1a/ HTTP/1.1" 200 3236
INFO 2019-04-20 04:12:15,467 basehttp 124 "GET /image_codes/f1e50d0a-a1fb-496b-8eb9-55a7b0e6ee3e/ HTTP/1.1" 200 3455
INFO 2019-04-20 04:12:15,612 basehttp 124 "GET /image_codes/09d3921e-2dad-4e34-ab10-bf9dfe1b95eb/ HTTP/1.1" 200 3048
INFO 2019-04-20 04:12:15,795 basehttp 124 "GET /image_codes/85262cc2-fa31-4e83-957c-da2bc72cecbc/ HTTP/1.1" 200 3178
INFO 2019-04-20 04:12:15,938 basehttp 124 "GET /image_codes/9ab9d082-83ef-4a38-a5f1-db10e6d47330/ HTTP/1.1" 200 3054
INFO 2019-04-21 02:08:56,215 basehttp 124 "GET / HTTP/1.1" 200 25122
WARNING 2019-04-21 02:08:56,516 base 152 Not Found: /carts/simple/
WARNING 2019-04-21 02:08:56,542 base 152 Not Found: /favicon.ico
WARNING 2019-04-21 02:08:56,544 basehttp 124 "GET /carts/simple/ HTTP/1.1" 404 3077
WARNING 2019-04-21 02:08:56,547 basehttp 124 "GET /favicon.ico HTTP/1.1" 404 3071
INFO 2019-04-21 02:09:10,223 basehttp 124 "GET /register/ HTTP/1.1" 200 5084
ERROR 2019-04-21 02:09:10,361 exception 135 Internal Server Error: /image_codes/c3463e7c-14ff-45fb-9a9d-d511536559a5/
Traceback (most recent call last):
  File "/Users/meihao/.virtualenvs/project/lib/python3.6/site-packages/redis/connection.py", line 492, in connect
    sock = self._connect()
  File "/Users/meihao/.virtualenvs/project/lib/python3.6/site-packages/redis/connection.py", line 550, in _connect
    raise err
  File "/Users/meihao/.virtualenvs/project/lib/python3.6/site-packages/redis/connection.py", line 538, in _connect
    sock.connect(socket_address)
ConnectionRefusedError: [Errno 61] Connection refused

During handling of the above exception, another exception occurred:

Traceback (most recent call last):
  File "/Users/meihao/.virtualenvs/project/lib/python3.6/site-packages/django/core/handlers/exception.py", line 41, in inner
    response = get_response(request)
  File "/Users/meihao/.virtualenvs/project/lib/python3.6/site-packages/django/core/handlers/base.py", line 187, in _get_response
    response = self.process_exception_by_middleware(e, request)
  File "/Users/meihao/.virtualenvs/project/lib/python3.6/site-packages/django/core/handlers/base.py", line 185, in _get_response
    response = wrapped_callback(request, *callback_args, **callback_kwargs)
  File "/Users/meihao/.virtualenvs/project/lib/python3.6/site-packages/django/views/generic/base.py", line 68, in view
    return self.dispatch(request, *args, **kwargs)
  File "/Users/meihao/.virtualenvs/project/lib/python3.6/site-packages/django/views/generic/base.py", line 88, in dispatch
    return handler(request, *args, **kwargs)
  File "/Users/meihao/Desktop/project/meiduo_mall/meiduo_mall/apps/verifications/views.py", line 78, in get
    redis_conn.setex('img_code_%s' % uuid, 300, text)  # expire
  File "/Users/meihao/.virtualenvs/project/lib/python3.6/site-packages/redis/client.py", line 1472, in setex
    return self.execute_command('SETEX', name, time, value)
  File "/Users/meihao/.virtualenvs/project/lib/python3.6/site-packages/redis/client.py", line 772, in execute_command
    connection = pool.get_connection(command_name, **options)
  File "/Users/meihao/.virtualenvs/project/lib/python3.6/site-packages/redis/connection.py", line 994, in get_connection
    connection.connect()
  File "/Users/meihao/.virtualenvs/project/lib/python3.6/site-packages/redis/connection.py", line 497, in connect
    raise ConnectionError(self._error_message(e))
redis.exceptions.ConnectionError: Error 61 connecting to 127.0.0.1:6379. Connection refused.
ERROR 2019-04-21 02:09:10,682 basehttp 124 "GET /image_codes/c3463e7c-14ff-45fb-9a9d-d511536559a5/ HTTP/1.1" 500 115184
INFO 2019-04-21 02:10:36,566 basehttp 124 "GET /register/ HTTP/1.1" 200 5034
ERROR 2019-04-21 02:10:36,623 exception 135 Internal Server Error: /image_codes/5d3beb99-4486-4160-ae6b-0c4fda834d2e/
Traceback (most recent call last):
  File "/Users/meihao/.virtualenvs/project/lib/python3.6/site-packages/redis/connection.py", line 492, in connect
    sock = self._connect()
  File "/Users/meihao/.virtualenvs/project/lib/python3.6/site-packages/redis/connection.py", line 550, in _connect
    raise err
  File "/Users/meihao/.virtualenvs/project/lib/python3.6/site-packages/redis/connection.py", line 538, in _connect
    sock.connect(socket_address)
ConnectionRefusedError: [Errno 61] Connection refused

During handling of the above exception, another exception occurred:

Traceback (most recent call last):
  File "/Users/meihao/.virtualenvs/project/lib/python3.6/site-packages/django/core/handlers/exception.py", line 41, in inner
    response = get_response(request)
  File "/Users/meihao/.virtualenvs/project/lib/python3.6/site-packages/django/core/handlers/base.py", line 187, in _get_response
    response = self.process_exception_by_middleware(e, request)
  File "/Users/meihao/.virtualenvs/project/lib/python3.6/site-packages/django/core/handlers/base.py", line 185, in _get_response
    response = wrapped_callback(request, *callback_args, **callback_kwargs)
  File "/Users/meihao/.virtualenvs/project/lib/python3.6/site-packages/django/views/generic/base.py", line 68, in view
    return self.dispatch(request, *args, **kwargs)
  File "/Users/meihao/.virtualenvs/project/lib/python3.6/site-packages/django/views/generic/base.py", line 88, in dispatch
    return handler(request, *args, **kwargs)
  File "/Users/meihao/Desktop/project/meiduo_mall/meiduo_mall/apps/verifications/views.py", line 78, in get
    redis_conn.setex('img_code_%s' % uuid, 300, text)  # expire
  File "/Users/meihao/.virtualenvs/project/lib/python3.6/site-packages/redis/client.py", line 1472, in setex
    return self.execute_command('SETEX', name, time, value)
  File "/Users/meihao/.virtualenvs/project/lib/python3.6/site-packages/redis/client.py", line 772, in execute_command
    connection = pool.get_connection(command_name, **options)
  File "/Users/meihao/.virtualenvs/project/lib/python3.6/site-packages/redis/connection.py", line 994, in get_connection
    connection.connect()
  File "/Users/meihao/.virtualenvs/project/lib/python3.6/site-packages/redis/connection.py", line 497, in connect
    raise ConnectionError(self._error_message(e))
redis.exceptions.ConnectionError: Error 61 connecting to 127.0.0.1:6379. Connection refused.
ERROR 2019-04-21 02:10:36,914 basehttp 124 "GET /image_codes/5d3beb99-4486-4160-ae6b-0c4fda834d2e/ HTTP/1.1" 500 115149
ERROR 2019-04-21 02:10:50,230 exception 135 Internal Server Error: /image_codes/e4d4d252-291b-41a7-b9e6-bd26e3dbf213/
Traceback (most recent call last):
  File "/Users/meihao/.virtualenvs/project/lib/python3.6/site-packages/redis/connection.py", line 492, in connect
    sock = self._connect()
  File "/Users/meihao/.virtualenvs/project/lib/python3.6/site-packages/redis/connection.py", line 550, in _connect
    raise err
  File "/Users/meihao/.virtualenvs/project/lib/python3.6/site-packages/redis/connection.py", line 538, in _connect
    sock.connect(socket_address)
ConnectionRefusedError: [Errno 61] Connection refused

During handling of the above exception, another exception occurred:

Traceback (most recent call last):
  File "/Users/meihao/.virtualenvs/project/lib/python3.6/site-packages/django/core/handlers/exception.py", line 41, in inner
    response = get_response(request)
  File "/Users/meihao/.virtualenvs/project/lib/python3.6/site-packages/django/core/handlers/base.py", line 187, in _get_response
    response = self.process_exception_by_middleware(e, request)
  File "/Users/meihao/.virtualenvs/project/lib/python3.6/site-packages/django/core/handlers/base.py", line 185, in _get_response
    response = wrapped_callback(request, *callback_args, **callback_kwargs)
  File "/Users/meihao/.virtualenvs/project/lib/python3.6/site-packages/django/views/generic/base.py", line 68, in view
    return self.dispatch(request, *args, **kwargs)
  File "/Users/meihao/.virtualenvs/project/lib/python3.6/site-packages/django/views/generic/base.py", line 88, in dispatch
    return handler(request, *args, **kwargs)
  File "/Users/meihao/Desktop/project/meiduo_mall/meiduo_mall/apps/verifications/views.py", line 78, in get
    redis_conn.setex('img_code_%s' % uuid, 300, text)  # expire
  File "/Users/meihao/.virtualenvs/project/lib/python3.6/site-packages/redis/client.py", line 1472, in setex
    return self.execute_command('SETEX', name, time, value)
  File "/Users/meihao/.virtualenvs/project/lib/python3.6/site-packages/redis/client.py", line 772, in execute_command
    connection = pool.get_connection(command_name, **options)
  File "/Users/meihao/.virtualenvs/project/lib/python3.6/site-packages/redis/connection.py", line 994, in get_connection
    connection.connect()
  File "/Users/meihao/.virtualenvs/project/lib/python3.6/site-packages/redis/connection.py", line 497, in connect
    raise ConnectionError(self._error_message(e))
redis.exceptions.ConnectionError: Error 61 connecting to 127.0.0.1:6379. Connection refused.
ERROR 2019-04-21 02:10:50,512 basehttp 124 "GET /image_codes/e4d4d252-291b-41a7-b9e6-bd26e3dbf213/ HTTP/1.1" 500 115169
ERROR 2019-04-21 02:10:50,574 exception 135 Internal Server Error: /image_codes/f10e0682-7378-4730-a473-40d52ef7d9bf/
Traceback (most recent call last):
  File "/Users/meihao/.virtualenvs/project/lib/python3.6/site-packages/redis/connection.py", line 492, in connect
    sock = self._connect()
  File "/Users/meihao/.virtualenvs/project/lib/python3.6/site-packages/redis/connection.py", line 550, in _connect
    raise err
  File "/Users/meihao/.virtualenvs/project/lib/python3.6/site-packages/redis/connection.py", line 538, in _connect
    sock.connect(socket_address)
ConnectionRefusedError: [Errno 61] Connection refused

During handling of the above exception, another exception occurred:

Traceback (most recent call last):
  File "/Users/meihao/.virtualenvs/project/lib/python3.6/site-packages/django/core/handlers/exception.py", line 41, in inner
    response = get_response(request)
  File "/Users/meihao/.virtualenvs/project/lib/python3.6/site-packages/django/core/handlers/base.py", line 187, in _get_response
    response = self.process_exception_by_middleware(e, request)
  File "/Users/meihao/.virtualenvs/project/lib/python3.6/site-packages/django/core/handlers/base.py", line 185, in _get_response
    response = wrapped_callback(request, *callback_args, **callback_kwargs)
  File "/Users/meihao/.virtualenvs/project/lib/python3.6/site-packages/django/views/generic/base.py", line 68, in view
    return self.dispatch(request, *args, **kwargs)
  File "/Users/meihao/.virtualenvs/project/lib/python3.6/site-packages/django/views/generic/base.py", line 88, in dispatch
    return handler(request, *args, **kwargs)
  File "/Users/meihao/Desktop/project/meiduo_mall/meiduo_mall/apps/verifications/views.py", line 78, in get
    redis_conn.setex('img_code_%s' % uuid, 300, text)  # expire
  File "/Users/meihao/.virtualenvs/project/lib/python3.6/site-packages/redis/client.py", line 1472, in setex
    return self.execute_command('SETEX', name, time, value)
  File "/Users/meihao/.virtualenvs/project/lib/python3.6/site-packages/redis/client.py", line 772, in execute_command
    connection = pool.get_connection(command_name, **options)
  File "/Users/meihao/.virtualenvs/project/lib/python3.6/site-packages/redis/connection.py", line 994, in get_connection
    connection.connect()
  File "/Users/meihao/.virtualenvs/project/lib/python3.6/site-packages/redis/connection.py", line 497, in connect
    raise ConnectionError(self._error_message(e))
redis.exceptions.ConnectionError: Error 61 connecting to 127.0.0.1:6379. Connection refused.
ERROR 2019-04-21 02:10:50,863 basehttp 124 "GET /image_codes/f10e0682-7378-4730-a473-40d52ef7d9bf/ HTTP/1.1" 500 115154
INFO 2019-04-21 02:10:59,654 basehttp 124 "GET /register/ HTTP/1.1" 200 5034
INFO 2019-04-21 02:10:59,720 basehttp 124 "GET /image_codes/a82c5f7e-bf51-4e39-b304-8b8d2bf8cb18/ HTTP/1.1" 200 2900
INFO 2019-04-21 02:11:04,616 basehttp 124 "GET /usernames/meihao/count/ HTTP/1.1" 200 41
INFO 2019-04-21 02:11:36,613 basehttp 124 "GET /mobiles/15910261231/count/ HTTP/1.1" 200 41
INFO 2019-04-21 02:11:41,588 basehttp 124 "GET /mobiles/15910261231/count/ HTTP/1.1" 200 41
INFO 2019-04-21 02:11:42,606 basehttp 124 "GET /mobiles/15910261231/count/ HTTP/1.1" 200 41
INFO 2019-04-21 02:11:45,553 basehttp 124 "GET /mobiles/15910261231/count/ HTTP/1.1" 200 41
INFO 2019-04-21 02:11:47,118 basehttp 124 "GET /mobiles/15910261231/count/ HTTP/1.1" 200 41
INFO 2019-04-21 02:11:49,038 basehttp 124 "GET /mobiles/15910261231/count/ HTTP/1.1" 200 41
INFO 2019-04-21 02:12:25,297 basehttp 124 "GET /mobiles/15910261231/count/ HTTP/1.1" 200 41
INFO 2019-04-21 02:13:04,019 basehttp 124 "GET /register/ HTTP/1.1" 200 5034
INFO 2019-04-21 02:13:04,081 basehttp 124 "GET /image_codes/9a1cb488-3928-403e-a5c5-613013756508/ HTTP/1.1" 200 3602
INFO 2019-04-21 02:13:06,455 basehttp 124 "GET /usernames/meihao/count/ HTTP/1.1" 200 41
INFO 2019-04-21 02:13:10,847 basehttp 124 "GET /mobiles/15910261231/count/ HTTP/1.1" 200 41
INFO 2019-04-21 02:13:21,358 basehttp 124 "GET /mobiles/15910261232/count/ HTTP/1.1" 200 41
INFO 2019-04-21 02:13:29,214 basehttp 124 "GET /mobiles/15910261232/count/ HTTP/1.1" 200 41
ERROR 2019-04-21 02:14:12,970 exception 135 Internal Server Error: /mobiles/15910261232/count/
Traceback (most recent call last):
  File "/Users/meihao/.virtualenvs/project/lib/python3.6/site-packages/django/db/backends/utils.py", line 64, in execute
    return self.cursor.execute(sql, params)
  File "/Users/meihao/.virtualenvs/project/lib/python3.6/site-packages/django/db/backends/mysql/base.py", line 101, in execute
    return self.cursor.execute(query, args)
  File "/Users/meihao/.virtualenvs/project/lib/python3.6/site-packages/pymysql/cursors.py", line 170, in execute
    result = self._query(query)
  File "/Users/meihao/.virtualenvs/project/lib/python3.6/site-packages/pymysql/cursors.py", line 328, in _query
    conn.query(q)
  File "/Users/meihao/.virtualenvs/project/lib/python3.6/site-packages/pymysql/connections.py", line 517, in query
    self._affected_rows = self._read_query_result(unbuffered=unbuffered)
  File "/Users/meihao/.virtualenvs/project/lib/python3.6/site-packages/pymysql/connections.py", line 732, in _read_query_result
    result.read()
  File "/Users/meihao/.virtualenvs/project/lib/python3.6/site-packages/pymysql/connections.py", line 1075, in read
    first_packet = self.connection._read_packet()
  File "/Users/meihao/.virtualenvs/project/lib/python3.6/site-packages/pymysql/connections.py", line 684, in _read_packet
    packet.check_error()
  File "/Users/meihao/.virtualenvs/project/lib/python3.6/site-packages/pymysql/protocol.py", line 220, in check_error
    err.raise_mysql_exception(self._data)
  File "/Users/meihao/.virtualenvs/project/lib/python3.6/site-packages/pymysql/err.py", line 109, in raise_mysql_exception
    raise errorclass(errno, errval)
pymysql.err.ProgrammingError: (1146, "Table 'project.tb_users' doesn't exist")

The above exception was the direct cause of the following exception:

Traceback (most recent call last):
  File "/Users/meihao/.virtualenvs/project/lib/python3.6/site-packages/django/core/handlers/exception.py", line 41, in inner
    response = get_response(request)
  File "/Users/meihao/.virtualenvs/project/lib/python3.6/site-packages/django/core/handlers/base.py", line 187, in _get_response
    response = self.process_exception_by_middleware(e, request)
  File "/Users/meihao/.virtualenvs/project/lib/python3.6/site-packages/django/core/handlers/base.py", line 185, in _get_response
    response = wrapped_callback(request, *callback_args, **callback_kwargs)
  File "/Users/meihao/.virtualenvs/project/lib/python3.6/site-packages/django/views/generic/base.py", line 68, in view
    return self.dispatch(request, *args, **kwargs)
  File "/Users/meihao/.virtualenvs/project/lib/python3.6/site-packages/django/views/generic/base.py", line 88, in dispatch
    return handler(request, *args, **kwargs)
  File "/Users/meihao/Desktop/project/meiduo_mall/meiduo_mall/apps/users/views.py", line 22, in get
    count = User.objects.filter(mobile=mobile).count()
  File "/Users/meihao/.virtualenvs/project/lib/python3.6/site-packages/django/db/models/query.py", line 364, in count
    return self.query.get_count(using=self.db)
  File "/Users/meihao/.virtualenvs/project/lib/python3.6/site-packages/django/db/models/sql/query.py", line 499, in get_count
    number = obj.get_aggregation(using, ['__count'])['__count']
  File "/Users/meihao/.virtualenvs/project/lib/python3.6/site-packages/django/db/models/sql/query.py", line 480, in get_aggregation
    result = compiler.execute_sql(SINGLE)
  File "/Users/meihao/.virtualenvs/project/lib/python3.6/site-packages/django/db/models/sql/compiler.py", line 899, in execute_sql
    raise original_exception
  File "/Users/meihao/.virtualenvs/project/lib/python3.6/site-packages/django/db/models/sql/compiler.py", line 889, in execute_sql
    cursor.execute(sql, params)
  File "/Users/meihao/.virtualenvs/project/lib/python3.6/site-packages/django/db/backends/utils.py", line 79, in execute
    return super(CursorDebugWrapper, self).execute(sql, params)
  File "/Users/meihao/.virtualenvs/project/lib/python3.6/site-packages/django/db/backends/utils.py", line 64, in execute
    return self.cursor.execute(sql, params)
  File "/Users/meihao/.virtualenvs/project/lib/python3.6/site-packages/django/db/utils.py", line 94, in __exit__
    six.reraise(dj_exc_type, dj_exc_value, traceback)
  File "/Users/meihao/.virtualenvs/project/lib/python3.6/site-packages/django/utils/six.py", line 685, in reraise
    raise value.with_traceback(tb)
  File "/Users/meihao/.virtualenvs/project/lib/python3.6/site-packages/django/db/backends/utils.py", line 64, in execute
    return self.cursor.execute(sql, params)
  File "/Users/meihao/.virtualenvs/project/lib/python3.6/site-packages/django/db/backends/mysql/base.py", line 101, in execute
    return self.cursor.execute(query, args)
  File "/Users/meihao/.virtualenvs/project/lib/python3.6/site-packages/pymysql/cursors.py", line 170, in execute
    result = self._query(query)
  File "/Users/meihao/.virtualenvs/project/lib/python3.6/site-packages/pymysql/cursors.py", line 328, in _query
    conn.query(q)
  File "/Users/meihao/.virtualenvs/project/lib/python3.6/site-packages/pymysql/connections.py", line 517, in query
    self._affected_rows = self._read_query_result(unbuffered=unbuffered)
  File "/Users/meihao/.virtualenvs/project/lib/python3.6/site-packages/pymysql/connections.py", line 732, in _read_query_result
    result.read()
  File "/Users/meihao/.virtualenvs/project/lib/python3.6/site-packages/pymysql/connections.py", line 1075, in read
    first_packet = self.connection._read_packet()
  File "/Users/meihao/.virtualenvs/project/lib/python3.6/site-packages/pymysql/connections.py", line 684, in _read_packet
    packet.check_error()
  File "/Users/meihao/.virtualenvs/project/lib/python3.6/site-packages/pymysql/protocol.py", line 220, in check_error
    err.raise_mysql_exception(self._data)
  File "/Users/meihao/.virtualenvs/project/lib/python3.6/site-packages/pymysql/err.py", line 109, in raise_mysql_exception
    raise errorclass(errno, errval)
django.db.utils.ProgrammingError: (1146, "Table 'project.tb_users' doesn't exist")
ERROR 2019-04-21 02:14:13,508 basehttp 124 "GET /mobiles/15910261232/count/ HTTP/1.1" 500 197000
INFO 2019-04-21 02:15:06,739 basehttp 124 "GET /register/ HTTP/1.1" 200 5034
INFO 2019-04-21 02:15:06,808 basehttp 124 "GET /image_codes/7bc79258-560b-4e43-830d-b1e678adde3b/ HTTP/1.1" 200 3519
INFO 2019-04-21 02:15:09,345 basehttp 124 "GET /usernames/meihao/count/ HTTP/1.1" 200 41
INFO 2019-04-21 02:15:21,261 basehttp 124 "GET /mobiles/15910261231/count/ HTTP/1.1" 200 41
INFO 2019-04-21 02:15:27,557 basehttp 124 "GET /mobiles/15910261231/count/ HTTP/1.1" 200 41
INFO 2019-04-21 02:16:55,391 views 48 647828
INFO 2019-04-21 02:17:17,234 basehttp 124 "GET /sms_codes/15910261231/?image_code=kqc7&image_code_id=7bc79258-560b-4e43-830d-b1e678adde3b HTTP/1.1" 200 29
INFO 2019-04-21 02:17:53,377 basehttp 124 "GET /mobiles/15910261231/count/ HTTP/1.1" 200 41
INFO 2019-04-21 02:17:53,382 basehttp 124 "GET /usernames/meihao/count/ HTTP/1.1" 200 41
INFO 2019-04-21 02:17:53,528 basehttp 124 "POST /register/ HTTP/1.1" 302 0
INFO 2019-04-21 02:17:53,539 basehttp 124 "GET / HTTP/1.1" 200 25122
WARNING 2019-04-21 02:17:53,687 base 152 Not Found: /carts/simple/
WARNING 2019-04-21 02:17:53,690 basehttp 124 "GET /carts/simple/ HTTP/1.1" 404 3077
INFO 2019-04-21 02:26:09,989 basehttp 124 "GET /register/ HTTP/1.1" 200 6563
INFO 2019-04-21 02:26:10,245 basehttp 124 "GET /image_codes/254abb8f-51fd-46f8-95ef-e1c699ca4500/ HTTP/1.1" 200 2954
INFO 2019-04-21 02:27:01,372 basehttp 124 "GET /register/ HTTP/1.1" 200 5373
INFO 2019-04-21 02:27:01,419 basehttp 124 "GET /image_codes/a3fa2a5c-8257-4002-9f60-6889c3cf58f1/ HTTP/1.1" 200 3209
INFO 2019-04-21 02:27:08,598 basehttp 124 "GET /image_codes/bdad0684-fe58-4782-b100-6771e0029946/ HTTP/1.1" 200 3753
INFO 2019-04-21 02:27:09,052 basehttp 124 "GET /image_codes/64517c81-d252-4807-9f66-6c9ae3b10fb7/ HTTP/1.1" 200 2510
INFO 2019-04-21 02:45:59,578 basehttp 124 "GET /usernames/meihao123/count/ HTTP/1.1" 200 41
INFO 2019-04-21 02:46:07,363 basehttp 124 "GET /mobiles/15910261232/count/ HTTP/1.1" 200 41
INFO 2019-04-21 02:46:14,166 basehttp 124 "GET /sms_codes/15910261232/?image_code=3gic&image_code_id=64517c81-d252-4807-9f66-6c9ae3b10fb7 HTTP/1.1" 200 78
INFO 2019-04-21 02:46:14,169 basehttp 124 "GET /mobiles/15910261232/count/ HTTP/1.1" 200 41
INFO 2019-04-21 02:46:14,178 basehttp 124 "GET /image_codes/7532d34d-7dc6-430e-830e-ae73a095e5a1/ HTTP/1.1" 200 3112
INFO 2019-04-21 02:46:15,987 basehttp 124 "GET /image_codes/e748feaa-6fa1-493f-841d-b24b5d9ee7c0/ HTTP/1.1" 200 3255
INFO 2019-04-21 02:46:21,240 views 52 557289
INFO 2019-04-21 02:46:21,241 basehttp 124 "GET /sms_codes/15910261232/?image_code=6bkc&image_code_id=e748feaa-6fa1-493f-841d-b24b5d9ee7c0 HTTP/1.1" 200 29
INFO 2019-04-21 02:46:21,244 basehttp 124 "GET /mobiles/15910261232/count/ HTTP/1.1" 200 41
INFO 2019-04-21 02:46:43,333 basehttp 124 "GET /register/ HTTP/1.1" 200 5373
INFO 2019-04-21 02:46:43,371 basehttp 124 "GET /image_codes/5be65822-eb83-4a3e-b8e1-83249c2bba5d/ HTTP/1.1" 200 3232
INFO 2019-04-21 02:46:46,777 basehttp 124 "GET /mobiles/15910261231/count/ HTTP/1.1" 200 41
INFO 2019-04-21 02:46:48,037 basehttp 124 "GET /image_codes/74451b43-ea1a-46b5-bd08-0507b7559c1c/ HTTP/1.1" 200 3475
INFO 2019-04-21 02:46:53,734 basehttp 124 "GET /mobiles/15910261232/count/ HTTP/1.1" 200 41
INFO 2019-04-21 02:46:54,753 basehttp 124 "GET /sms_codes/15910261232/?image_code=7uaq&image_code_id=74451b43-ea1a-46b5-bd08-0507b7559c1c HTTP/1.1" 200 78
INFO 2019-04-21 02:46:54,761 basehttp 124 "GET /mobiles/15910261232/count/ HTTP/1.1" 200 41
INFO 2019-04-21 02:46:54,766 basehttp 124 "GET /image_codes/02da85c9-a839-49ab-8407-987ecdef0a76/ HTTP/1.1" 200 3241
INFO 2019-04-21 02:47:11,441 basehttp 124 "GET /sms_codes/15910261232/?image_code=7uaq&image_code_id=02da85c9-a839-49ab-8407-987ecdef0a76 HTTP/1.1" 200 78
INFO 2019-04-21 02:47:11,448 basehttp 124 "GET /mobiles/15910261232/count/ HTTP/1.1" 200 41
INFO 2019-04-21 02:47:11,453 basehttp 124 "GET /image_codes/310a5690-6471-4816-9c84-8b34809e40c0/ HTTP/1.1" 200 3459
INFO 2019-04-21 02:47:11,576 basehttp 124 "GET /sms_codes/15910261232/?image_code=7uaq&image_code_id=310a5690-6471-4816-9c84-8b34809e40c0 HTTP/1.1" 200 78
INFO 2019-04-21 02:47:11,583 basehttp 124 "GET /mobiles/15910261232/count/ HTTP/1.1" 200 41
INFO 2019-04-21 02:47:11,588 basehttp 124 "GET /image_codes/d09b4afc-50f1-471a-8a03-b523baf0a83d/ HTTP/1.1" 200 3204
INFO 2019-04-21 04:15:34,624 basehttp 124 "GET /register/ HTTP/1.1" 200 5373
INFO 2019-04-21 04:15:34,702 basehttp 124 "GET /image_codes/6e506b11-8a73-462b-aed9-421b9609ca67/ HTTP/1.1" 200 3429
INFO 2019-04-21 04:15:38,751 basehttp 124 "GET /usernames/meihao321/count/ HTTP/1.1" 200 41
INFO 2019-04-21 04:16:32,630 basehttp 124 "GET /mobiles/15821013701/count/ HTTP/1.1" 200 41
INFO 2019-04-21 04:16:57,243 views 52 375683
INFO 2019-04-21 04:16:57,254 basehttp 124 "GET /mobiles/15821013701/count/ HTTP/1.1" 200 41
INFO 2019-04-21 04:18:52,977 basehttp 124 "GET /register/ HTTP/1.1" 200 5373
INFO 2019-04-21 04:18:53,047 basehttp 124 "GET /image_codes/7ebe941b-4bc5-47e5-bb4f-a19bdf5aab67/ HTTP/1.1" 200 3247
INFO 2019-04-21 04:18:58,019 basehttp 124 "GET /usernames/meihao321/count/ HTTP/1.1" 200 41
INFO 2019-04-21 04:19:08,509 basehttp 124 "GET /mobiles/15821013701/count/ HTTP/1.1" 200 41
INFO 2019-04-21 04:19:13,558 views 52 221305
INFO 2019-04-21 04:19:13,565 basehttp 124 "GET /mobiles/15821013701/count/ HTTP/1.1" 200 41
INFO 2019-04-21 04:19:47,568 basehttp 124 "GET /mobiles/15821013701/count/ HTTP/1.1" 200 41
INFO 2019-04-21 04:19:47,952 basehttp 124 "GET /register/ HTTP/1.1" 200 5373
INFO 2019-04-21 04:19:48,021 basehttp 124 "GET /image_codes/19dc84cf-64e8-4952-bc9e-ab8f6d062c7e/ HTTP/1.1" 200 3133
INFO 2019-04-21 04:19:49,930 basehttp 124 "GET /mobiles/15821013701/count/ HTTP/1.1" 200 41
INFO 2019-04-21 04:19:51,182 basehttp 124 "GET /image_codes/3d40c95f-6e0b-437e-94d9-3538b79ab233/ HTTP/1.1" 200 3271
INFO 2019-04-21 04:19:56,455 basehttp 124 "GET /sms_codes/15821013701/?image_code=dvoi&image_code_id=3d40c95f-6e0b-437e-94d9-3538b79ab233 HTTP/1.1" 200 78
INFO 2019-04-21 04:19:56,491 basehttp 124 "GET /mobiles/15821013701/count/ HTTP/1.1" 200 41
INFO 2019-04-21 04:19:56,494 basehttp 124 "GET /image_codes/f8e1e2e3-c2a9-4dc8-ab8f-9a193d4f72ca/ HTTP/1.1" 200 2645
INFO 2019-04-21 04:20:21,414 basehttp 124 "GET /register/ HTTP/1.1" 200 5373
INFO 2019-04-21 04:20:21,485 basehttp 124 "GET /register/ HTTP/1.1" 200 5373
INFO 2019-04-21 04:20:21,735 basehttp 124 "GET /image_codes/9f0aef21-fe80-4495-9a34-ef158163cb2a/ HTTP/1.1" 200 3159
INFO 2019-04-21 04:20:31,089 basehttp 124 "GET /mobiles/15821013701/count/ HTTP/1.1" 200 41
INFO 2019-04-21 04:20:31,977 basehttp 124 "GET /image_codes/c94a3476-2a63-44b3-9be3-1903c7446815/ HTTP/1.1" 200 3346
INFO 2019-04-21 04:20:36,793 views 52 856863
INFO 2019-04-21 04:20:36,805 basehttp 124 "GET /mobiles/15821013701/count/ HTTP/1.1" 200 41
INFO 2019-04-21 04:21:45,016 basehttp 124 "GET /sms_codes/15821013701/?image_code=buvj&image_code_id=c94a3476-2a63-44b3-9be3-1903c7446815 HTTP/1.1" 200 29
INFO 2019-04-23 01:02:37,991 basehttp 124 "GET / HTTP/1.1" 200 25112
WARNING 2019-04-23 01:02:38,389 base 152 Not Found: /carts/simple/
WARNING 2019-04-23 01:02:38,390 basehttp 124 "GET /carts/simple/ HTTP/1.1" 404 3247
WARNING 2019-04-23 01:02:38,417 base 152 Not Found: /favicon.ico
WARNING 2019-04-23 01:02:38,417 basehttp 124 "GET /favicon.ico HTTP/1.1" 404 3241
INFO 2019-04-23 01:02:45,877 basehttp 124 "GET /login/ HTTP/1.1" 200 2629
INFO 2019-04-23 01:05:34,318 basehttp 124 "GET /login/ HTTP/1.1" 200 2703
INFO 2019-04-23 01:42:52,278 basehttp 124 "GET /login/ HTTP/1.1" 200 4197
WARNING 2019-04-23 01:43:51,586 basehttp 124 "GET /static/js/axios.min.map HTTP/1.1" 404 1661
ERROR 2019-04-23 01:52:16,237 exception 135 Internal Server Error: /login/
Traceback (most recent call last):
  File "/Users/meihao/.virtualenvs/project/lib/python3.6/site-packages/django_redis/cache.py", line 32, in _decorator
    return method(self, *args, **kwargs)
  File "/Users/meihao/.virtualenvs/project/lib/python3.6/site-packages/django_redis/cache.py", line 124, in has_key
    return self.client.has_key(*args, **kwargs)
  File "/Users/meihao/.virtualenvs/project/lib/python3.6/site-packages/django_redis/client/default.py", line 478, in has_key
    raise ConnectionInterrupted(connection=client, parent=e)
django_redis.exceptions.ConnectionInterrupted: Redis ConnectionError: Error 61 connecting to 127.0.0.1:6379. Connection refused.

During handling of the above exception, another exception occurred:

Traceback (most recent call last):
  File "/Users/meihao/.virtualenvs/project/lib/python3.6/site-packages/django/core/handlers/exception.py", line 41, in inner
    response = get_response(request)
  File "/Users/meihao/.virtualenvs/project/lib/python3.6/site-packages/django/core/handlers/base.py", line 187, in _get_response
    response = self.process_exception_by_middleware(e, request)
  File "/Users/meihao/.virtualenvs/project/lib/python3.6/site-packages/django/core/handlers/base.py", line 185, in _get_response
    response = wrapped_callback(request, *callback_args, **callback_kwargs)
  File "/Users/meihao/.virtualenvs/project/lib/python3.6/site-packages/django/views/generic/base.py", line 68, in view
    return self.dispatch(request, *args, **kwargs)
  File "/Users/meihao/.virtualenvs/project/lib/python3.6/site-packages/django/views/generic/base.py", line 88, in dispatch
    return handler(request, *args, **kwargs)
  File "/Users/meihao/Desktop/project/meiduo_mall/meiduo_mall/apps/users/views.py", line 52, in post
    login(request, user)
  File "/Users/meihao/.virtualenvs/project/lib/python3.6/site-packages/django/contrib/auth/__init__.py", line 140, in login
    request.session.cycle_key()
  File "/Users/meihao/.virtualenvs/project/lib/python3.6/site-packages/django/contrib/sessions/backends/base.py", line 311, in cycle_key
    self.create()
  File "/Users/meihao/.virtualenvs/project/lib/python3.6/site-packages/django/contrib/sessions/backends/cache.py", line 44, in create
    self._session_key = self._get_new_session_key()
  File "/Users/meihao/.virtualenvs/project/lib/python3.6/site-packages/django/contrib/sessions/backends/base.py", line 164, in _get_new_session_key
    if not self.exists(session_key):
  File "/Users/meihao/.virtualenvs/project/lib/python3.6/site-packages/django/contrib/sessions/backends/cache.py", line 71, in exists
    return session_key and (self.cache_key_prefix + session_key) in self._cache
  File "/Users/meihao/.virtualenvs/project/lib/python3.6/site-packages/django/core/cache/backends/base.py", line 203, in __contains__
    return self.has_key(key)
  File "/Users/meihao/.virtualenvs/project/lib/python3.6/site-packages/django_redis/cache.py", line 39, in _decorator
    raise e.parent
  File "/Users/meihao/.virtualenvs/project/lib/python3.6/site-packages/django_redis/client/default.py", line 476, in has_key
    return client.exists(key) == 1
  File "/Users/meihao/.virtualenvs/project/lib/python3.6/site-packages/redis/client.py", line 1239, in exists
    return self.execute_command('EXISTS', *names)
  File "/Users/meihao/.virtualenvs/project/lib/python3.6/site-packages/redis/client.py", line 772, in execute_command
    connection = pool.get_connection(command_name, **options)
  File "/Users/meihao/.virtualenvs/project/lib/python3.6/site-packages/redis/connection.py", line 994, in get_connection
    connection.connect()
  File "/Users/meihao/.virtualenvs/project/lib/python3.6/site-packages/redis/connection.py", line 497, in connect
    raise ConnectionError(self._error_message(e))
redis.exceptions.ConnectionError: Error 61 connecting to 127.0.0.1:6379. Connection refused.
ERROR 2019-04-23 01:52:28,924 basehttp 124 "POST /login/ HTTP/1.1" 500 141017
INFO 2019-04-23 01:52:57,706 basehttp 124 "POST /login/ HTTP/1.1" 302 0
INFO 2019-04-23 01:52:57,753 basehttp 124 "GET / HTTP/1.1" 200 25112
INFO 2019-04-23 01:52:57,810 basehttp 124 "GET /static/js/host.js HTTP/1.1" 200 75
INFO 2019-04-23 01:52:57,824 basehttp 124 "GET /static/css/reset.css HTTP/1.1" 200 638
INFO 2019-04-23 01:52:57,826 basehttp 124 "GET /static/js/axios-0.18.0.min.js HTTP/1.1" 200 12941
INFO 2019-04-23 01:52:57,841 basehttp 124 "GET /static/css/main.css HTTP/1.1" 200 39722
INFO 2019-04-23 01:52:57,842 basehttp 124 "GET /static/images/logo.png HTTP/1.1" 200 7450
INFO 2019-04-23 01:52:57,852 basehttp 124 "GET /static/images/goods/goods001.jpg HTTP/1.1" 200 5391
INFO 2019-04-23 01:52:57,855 basehttp 124 "GET /static/js/slide.js HTTP/1.1" 200 1822
INFO 2019-04-23 01:52:57,863 basehttp 124 "GET /static/js/jquery-1.12.4.min.js HTTP/1.1" 200 97163
INFO 2019-04-23 01:52:57,865 basehttp 124 "GET /static/js/index.js HTTP/1.1" 200 1727
INFO 2019-04-23 01:52:57,868 basehttp 124 "GET /static/js/vue-2.5.16.js HTTP/1.1" 200 289307
INFO 2019-04-23 01:52:57,899 basehttp 124 "GET /static/js/common.js HTTP/1.1" 200 891
INFO 2019-04-23 01:52:57,901 basehttp 124 "GET /static/images/goods/goods002.jpg HTTP/1.1" 200 5377
INFO 2019-04-23 01:52:57,957 basehttp 124 "GET /static/images/adv01.jpg HTTP/1.1" 200 39831
INFO 2019-04-23 01:52:57,959 basehttp 124 "GET /static/images/slide03.jpg HTTP/1.1" 200 70152
INFO 2019-04-23 01:52:57,960 basehttp 124 "GET /static/images/banner01.jpg HTTP/1.1" 200 23658
INFO 2019-04-23 01:52:57,975 basehttp 124 "GET /static/images/slide01.jpg HTTP/1.1" 200 67813
INFO 2019-04-23 01:52:57,996 basehttp 124 "GET /static/images/slide02.jpg HTTP/1.1" 200 89905
INFO 2019-04-23 01:52:58,016 basehttp 124 "GET /static/images/goods/goods003.jpg HTTP/1.1" 200 8579
INFO 2019-04-23 01:52:58,024 basehttp 124 "GET /static/images/icons.png HTTP/1.1" 200 7740
INFO 2019-04-23 01:52:58,025 basehttp 124 "GET /static/images/slide04.jpg HTTP/1.1" 200 107973
INFO 2019-04-23 01:52:58,028 basehttp 124 "GET /static/images/goods/goods004.jpg HTTP/1.1" 200 6565
INFO 2019-04-23 01:52:58,051 basehttp 124 "GET /static/images/goods/goods005.jpg HTTP/1.1" 200 7578
INFO 2019-04-23 01:52:58,088 basehttp 124 "GET /static/images/banner03.jpg HTTP/1.1" 200 22681
INFO 2019-04-23 01:52:58,089 basehttp 124 "GET /static/images/goods/goods008.jpg HTTP/1.1" 200 7072
INFO 2019-04-23 01:52:58,093 basehttp 124 "GET /static/images/banner02.jpg HTTP/1.1" 200 26729
INFO 2019-04-23 01:52:58,102 basehttp 124 "GET /static/images/goods/goods009.jpg HTTP/1.1" 200 8738
WARNING 2019-04-23 01:52:58,103 basehttp 124 "GET /static/js/axios.min.map HTTP/1.1" 404 1661
WARNING 2019-04-23 01:52:58,110 base 152 Not Found: /carts/simple/
WARNING 2019-04-23 01:52:58,115 basehttp 124 "GET /carts/simple/ HTTP/1.1" 404 3247
INFO 2019-04-23 01:53:02,684 basehttp 124 "GET /login/ HTTP/1.1" 200 4197
INFO 2019-04-23 01:53:02,718 basehttp 124 "GET /static/css/reset.css HTTP/1.1" 200 638
INFO 2019-04-23 01:53:02,729 basehttp 124 "GET /static/js/host.js HTTP/1.1" 200 75
INFO 2019-04-23 01:53:02,740 basehttp 124 "GET /static/css/main.css HTTP/1.1" 200 39722
INFO 2019-04-23 01:53:02,752 basehttp 124 "GET /static/js/axios-0.18.0.min.js HTTP/1.1" 200 12941
INFO 2019-04-23 01:53:02,756 basehttp 124 "GET /static/js/login.js HTTP/1.1" 200 5212
INFO 2019-04-23 01:53:02,758 basehttp 124 "GET /static/images/logo02.png HTTP/1.1" 200 8466
INFO 2019-04-23 01:53:02,768 basehttp 124 "GET /static/js/common.js HTTP/1.1" 200 891
INFO 2019-04-23 01:53:02,772 basehttp 124 "GET /static/js/vue-2.5.16.js HTTP/1.1" 200 289307
INFO 2019-04-23 01:53:02,819 basehttp 124 "GET /static/images/icons02.png HTTP/1.1" 200 3935
INFO 2019-04-23 01:53:02,820 basehttp 124 "GET /static/images/QQ-weixin.png HTTP/1.1" 200 1816
INFO 2019-04-23 01:53:02,825 basehttp 124 "GET /static/images/login_banner.png HTTP/1.1" 200 319312
WARNING 2019-04-23 01:53:02,876 basehttp 124 "GET /static/js/axios.min.map HTTP/1.1" 404 1661
INFO 2019-04-23 01:53:51,015 basehttp 124 "POST /login/ HTTP/1.1" 302 0
INFO 2019-04-23 01:53:51,029 basehttp 124 "GET / HTTP/1.1" 200 25112
WARNING 2019-04-23 01:53:51,229 base 152 Not Found: /carts/simple/
WARNING 2019-04-23 01:53:51,232 basehttp 124 "GET /carts/simple/ HTTP/1.1" 404 3247
INFO 2019-04-23 02:00:13,679 basehttp 124 "GET /login/ HTTP/1.1" 200 4197
INFO 2019-04-23 02:15:21,728 basehttp 124 "GET /login/ HTTP/1.1" 200 4197
INFO 2019-04-23 02:15:55,467 basehttp 124 "POST /login/ HTTP/1.1" 302 0
INFO 2019-04-23 02:15:55,487 basehttp 124 "GET / HTTP/1.1" 200 25112
WARNING 2019-04-23 02:15:55,669 base 152 Not Found: /carts/simple/
WARNING 2019-04-23 02:15:55,673 basehttp 124 "GET /carts/simple/ HTTP/1.1" 404 3247
INFO 2019-04-23 02:16:53,791 basehttp 124 "GET /register/ HTTP/1.1" 200 5373
INFO 2019-04-23 02:16:53,925 basehttp 124 "GET /image_codes/b68ee056-c361-4af3-a4f3-b707d4e935dd/ HTTP/1.1" 200 3027
INFO 2019-04-23 02:17:21,598 basehttp 124 "GET /login/ HTTP/1.1" 200 4197
INFO 2019-04-23 02:18:31,634 basehttp 124 "GET /register/ HTTP/1.1" 200 5373
INFO 2019-04-23 02:18:32,602 basehttp 124 "GET /image_codes/54ec3525-0b3d-44cd-93b6-8106fe554b20/ HTTP/1.1" 200 3360
WARNING 2019-04-23 02:19:05,351 base 152 Not Found: /register/index.html
WARNING 2019-04-23 02:19:05,354 basehttp 124 "GET /register/index.html HTTP/1.1" 404 3265
INFO 2019-04-23 02:19:09,518 basehttp 124 "GET /login/ HTTP/1.1" 200 4197
INFO 2019-04-23 02:22:04,971 basehttp 124 "GET /register/ HTTP/1.1" 200 5373
INFO 2019-04-23 02:22:05,810 basehttp 124 "GET /image_codes/34b997ce-d33a-4b38-8268-8d7c45e10363/ HTTP/1.1" 200 3056
INFO 2019-04-23 02:36:17,559 basehttp 124 "GET / HTTP/1.1" 200 25112
WARNING 2019-04-23 02:36:17,732 base 152 Not Found: /carts/simple/
WARNING 2019-04-23 02:36:17,736 basehttp 124 "GET /carts/simple/ HTTP/1.1" 404 3247
INFO 2019-04-23 02:37:49,699 basehttp 124 "GET / HTTP/1.1" 200 25145
WARNING 2019-04-23 02:37:49,820 base 152 Not Found: /carts/simple/
WARNING 2019-04-23 02:37:49,822 basehttp 124 "GET /carts/simple/ HTTP/1.1" 404 3247
WARNING 2019-04-23 02:43:47,640 basehttp 124 "GET /static/js/axios.min.map HTTP/1.1" 404 1661
INFO 2019-04-23 02:50:20,678 basehttp 124 "GET / HTTP/1.1" 200 34029
WARNING 2019-04-23 02:50:20,850 base 152 Not Found: /carts/simple/
WARNING 2019-04-23 02:50:20,854 basehttp 124 "GET /carts/simple/ HTTP/1.1" 404 3247
INFO 2019-04-23 02:50:25,992 basehttp 124 "GET /register/ HTTP/1.1" 200 5373
INFO 2019-04-23 02:50:28,440 basehttp 124 "GET /login/ HTTP/1.1" 200 4197
INFO 2019-04-23 02:50:35,967 basehttp 124 "POST /login/ HTTP/1.1" 302 0
INFO 2019-04-23 02:50:35,983 basehttp 124 "GET / HTTP/1.1" 200 34029
WARNING 2019-04-23 02:50:36,146 base 152 Not Found: /carts/simple/
WARNING 2019-04-23 02:50:36,149 basehttp 124 "GET /carts/simple/ HTTP/1.1" 404 3247
INFO 2019-04-23 02:57:57,759 basehttp 124 "GET / HTTP/1.1" 200 34107
WARNING 2019-04-23 02:57:57,883 base 152 Not Found: /carts/simple/
WARNING 2019-04-23 02:57:57,887 basehttp 124 "GET /carts/simple/ HTTP/1.1" 404 3419
INFO 2019-04-23 02:58:02,344 basehttp 124 "GET /logout/ HTTP/1.1" 302 0
INFO 2019-04-23 02:58:02,356 basehttp 124 "GET / HTTP/1.1" 200 34107
WARNING 2019-04-23 02:58:02,478 base 152 Not Found: /carts/simple/
WARNING 2019-04-23 02:58:02,480 basehttp 124 "GET /carts/simple/ HTTP/1.1" 404 3419
INFO 2019-04-23 03:00:09,741 basehttp 124 "GET /static/user_center_info.html HTTP/1.1" 200 5354
INFO 2019-04-23 03:00:09,762 basehttp 124 "GET /static/images/goods/goods006.jpg HTTP/1.1" 200 6836
INFO 2019-04-23 03:00:09,764 basehttp 124 "GET /static/images/goods/goods007.jpg HTTP/1.1" 200 3936
INFO 2019-04-23 03:00:09,775 basehttp 124 "GET /static/js/user_center_info.js HTTP/1.1" 200 4692
INFO 2019-04-23 03:00:09,787 basehttp 124 "GET /static/images/shop_cart.png HTTP/1.1" 200 1317
INFO 2019-04-23 03:17:51,599 basehttp 124 "GET / HTTP/1.1" 200 34097
WARNING 2019-04-23 03:17:51,887 base 152 Not Found: /carts/simple/
WARNING 2019-04-23 03:17:51,888 basehttp 124 "GET /carts/simple/ HTTP/1.1" 404 3587
WARNING 2019-04-23 03:18:01,280 base 152 Not Found: /user_center_info.html
WARNING 2019-04-23 03:18:01,280 basehttp 124 "GET /user_center_info.html HTTP/1.1" 404 3611
INFO 2019-04-23 03:18:57,470 basehttp 124 "GET / HTTP/1.1" 200 34181
WARNING 2019-04-23 03:18:57,568 base 152 Not Found: /carts/simple/
WARNING 2019-04-23 03:18:57,568 basehttp 124 "GET /carts/simple/ HTTP/1.1" 404 3587
INFO 2019-04-23 03:19:03,274 basehttp 124 "GET /info/ HTTP/1.1" 302 0
INFO 2019-04-23 03:19:03,283 basehttp 124 "GET /login/?next=/info/ HTTP/1.1" 200 4197
INFO 2019-04-23 03:19:11,998 basehttp 124 "POST /login/?next=/info/ HTTP/1.1" 302 0
INFO 2019-04-23 03:19:12,001 basehttp 124 "GET / HTTP/1.1" 200 34181
WARNING 2019-04-23 03:19:12,145 base 152 Not Found: /carts/simple/
WARNING 2019-04-23 03:19:12,145 basehttp 124 "GET /carts/simple/ HTTP/1.1" 404 3587
INFO 2019-04-23 03:19:22,361 basehttp 124 "GET /info/ HTTP/1.1" 200 5394
INFO 2019-04-23 03:20:54,739 basehttp 124 "GET / HTTP/1.1" 200 34181
WARNING 2019-04-23 03:20:54,867 base 152 Not Found: /carts/simple/
WARNING 2019-04-23 03:20:54,867 basehttp 124 "GET /carts/simple/ HTTP/1.1" 404 3587
INFO 2019-04-23 03:21:01,677 basehttp 124 "GET /logout/ HTTP/1.1" 302 0
INFO 2019-04-23 03:21:01,681 basehttp 124 "GET / HTTP/1.1" 200 34181
WARNING 2019-04-23 03:21:01,778 base 152 Not Found: /carts/simple/
WARNING 2019-04-23 03:21:01,779 basehttp 124 "GET /carts/simple/ HTTP/1.1" 404 3587
INFO 2019-04-23 03:22:21,277 basehttp 124 "GET /login/ HTTP/1.1" 200 4197
INFO 2019-04-23 03:23:02,584 basehttp 124 "GET / HTTP/1.1" 200 34181
WARNING 2019-04-23 03:23:02,708 base 152 Not Found: /carts/simple/
WARNING 2019-04-23 03:23:02,708 basehttp 124 "GET /carts/simple/ HTTP/1.1" 404 3587
INFO 2019-04-23 03:24:28,600 basehttp 124 "GET /info/ HTTP/1.1" 302 0
INFO 2019-04-23 03:24:28,616 basehttp 124 "GET /login/?next=/info/ HTTP/1.1" 200 4197
INFO 2019-04-23 03:25:05,309 basehttp 124 "GET /info/ HTTP/1.1" 302 0
INFO 2019-04-23 03:25:05,311 basehttp 124 "GET /login/?next=/info/ HTTP/1.1" 200 4197
INFO 2019-04-23 03:27:00,022 basehttp 124 "GET /login/?next=/info/ HTTP/1.1" 200 4197
INFO 2019-04-23 03:27:04,753 basehttp 124 "GET /login/ HTTP/1.1" 200 4197
INFO 2019-04-23 03:27:11,683 basehttp 124 "GET /info/ HTTP/1.1" 302 0
INFO 2019-04-23 03:27:11,686 basehttp 124 "GET /login/?next=/info/ HTTP/1.1" 200 4197
INFO 2019-04-23 03:28:27,280 basehttp 124 "GET /info/ HTTP/1.1" 302 0
INFO 2019-04-23 03:28:27,304 basehttp 124 "GET /login/?next=/info/ HTTP/1.1" 200 4197
INFO 2019-04-23 03:28:36,571 basehttp 124 "POST /login/?next=/info/ HTTP/1.1" 302 0
INFO 2019-04-23 03:28:36,658 basehttp 124 "GET /info/ HTTP/1.1" 200 5394
INFO 2019-04-23 03:28:49,202 basehttp 124 "GET / HTTP/1.1" 200 34181
WARNING 2019-04-23 03:28:49,333 base 152 Not Found: /carts/simple/
WARNING 2019-04-23 03:28:49,333 basehttp 124 "GET /carts/simple/ HTTP/1.1" 404 3587
INFO 2019-04-23 03:28:51,428 basehttp 124 "GET /logout/ HTTP/1.1" 302 0
INFO 2019-04-23 03:28:51,431 basehttp 124 "GET / HTTP/1.1" 200 34181
WARNING 2019-04-23 03:28:51,524 base 152 Not Found: /carts/simple/
WARNING 2019-04-23 03:28:51,524 basehttp 124 "GET /carts/simple/ HTTP/1.1" 404 3587
INFO 2019-04-23 03:28:55,178 basehttp 124 "GET /login/ HTTP/1.1" 200 4197
INFO 2019-04-23 03:29:01,874 basehttp 124 "POST /login/ HTTP/1.1" 302 0
INFO 2019-04-23 03:29:01,877 basehttp 124 "GET / HTTP/1.1" 200 34181
WARNING 2019-04-23 03:29:01,998 base 152 Not Found: /carts/simple/
WARNING 2019-04-23 03:29:01,999 basehttp 124 "GET /carts/simple/ HTTP/1.1" 404 3587
INFO 2019-04-23 03:32:46,329 basehttp 124 "GET /logout/ HTTP/1.1" 302 0
INFO 2019-04-23 03:32:46,331 basehttp 124 "GET / HTTP/1.1" 200 34181
WARNING 2019-04-23 03:32:46,414 base 152 Not Found: /carts/simple/
WARNING 2019-04-23 03:32:46,414 basehttp 124 "GET /carts/simple/ HTTP/1.1" 404 3587
INFO 2019-04-23 03:32:47,120 basehttp 124 "GET /info/ HTTP/1.1" 302 0
INFO 2019-04-23 03:32:47,124 basehttp 124 "GET /login/?next=/info/ HTTP/1.1" 200 4197
INFO 2019-04-24 02:01:43,166 basehttp 124 "GET / HTTP/1.1" 200 34181
WARNING 2019-04-24 02:01:43,625 base 152 Not Found: /carts/simple/
WARNING 2019-04-24 02:01:43,626 basehttp 124 "GET /carts/simple/ HTTP/1.1" 404 3754
WARNING 2019-04-24 02:01:43,651 base 152 Not Found: /favicon.ico
WARNING 2019-04-24 02:01:43,651 basehttp 124 "GET /favicon.ico HTTP/1.1" 404 3748
INFO 2019-04-24 02:01:53,213 basehttp 124 "GET /login/ HTTP/1.1" 200 4197
INFO 2019-04-24 02:03:16,100 basehttp 124 "GET /login/ HTTP/1.1" 200 4192
INFO 2019-04-24 02:03:18,260 basehttp 124 "GET /qq/authorization/?next=/ HTTP/1.1" 200 200
ERROR 2019-04-24 02:04:13,444 exception 80 Invalid HTTP_HOST header: 'www.meiduo.site:8000'. You may need to add 'www.meiduo.site' to ALLOWED_HOSTS.
WARNING 2019-04-24 02:04:13,480 basehttp 124 "GET /oauth_callback?code=0DFEB29C458B5E7D0F534524D92808A8&state=%2F HTTP/1.1" 400 66681
ERROR 2019-04-24 02:04:13,799 exception 80 Invalid HTTP_HOST header: 'www.meiduo.site:8000'. You may need to add 'www.meiduo.site' to ALLOWED_HOSTS.
WARNING 2019-04-24 02:04:13,832 basehttp 124 "GET /favicon.ico HTTP/1.1" 400 65707
INFO 2019-04-24 03:09:57,475 basehttp 124 "GET /qq/authorization/?next=/ HTTP/1.1" 200 200
ERROR 2019-04-24 03:10:26,386 exception 80 Invalid HTTP_HOST header: 'www.meiduo.site:8000'. You may need to add 'www.meiduo.site' to ALLOWED_HOSTS.
WARNING 2019-04-24 03:10:26,585 basehttp 124 "GET /oauth_callback?code=E43462E9C043B0E0C132D8D7D29BD8C2&state=%2F HTTP/1.1" 400 68570
ERROR 2019-04-24 03:10:26,925 exception 80 Invalid HTTP_HOST header: 'www.meiduo.site:8000'. You may need to add 'www.meiduo.site' to ALLOWED_HOSTS.
WARNING 2019-04-24 03:10:27,112 basehttp 124 "GET /favicon.ico HTTP/1.1" 400 67596
INFO 2019-04-24 03:12:55,522 basehttp 124 "GET /qq/authorization/?next=/ HTTP/1.1" 200 200
WARNING 2019-04-24 03:13:00,771 base 152 Not Found: /oauth_callback
WARNING 2019-04-24 03:13:00,775 basehttp 124 "GET /oauth_callback?code=648558333438BD0940535133C65C97B5&state=%2F HTTP/1.1" 404 3815
WARNING 2019-04-24 03:13:00,983 base 152 Not Found: /favicon.ico
WARNING 2019-04-24 03:13:00,985 basehttp 124 "GET /favicon.ico HTTP/1.1" 404 3754
WARNING 2019-04-24 03:13:34,209 base 152 Not Found: /oauth_callback
WARNING 2019-04-24 03:13:34,211 basehttp 124 "GET /oauth_callback?code=648558333438BD0940535133C65C97B5&state=%2F HTTP/1.1" 404 3815
WARNING 2019-04-24 03:13:35,974 base 152 Not Found: /oauth_callback
WARNING 2019-04-24 03:13:35,976 basehttp 124 "GET /oauth_callback?code=648558333438BD0940535133C65C97B5&state=%2F HTTP/1.1" 404 3815
WARNING 2019-04-24 03:13:39,873 base 152 Not Found: /oauth_callback
WARNING 2019-04-24 03:13:39,875 basehttp 124 "GET /oauth_callback?code=A600FE3696B8D8BC7957792A3FE0049F&state=%2F HTTP/1.1" 404 3815
INFO 2019-04-24 03:13:42,994 basehttp 124 "GET /login/ HTTP/1.1" 200 4192
INFO 2019-04-24 03:13:43,075 basehttp 124 "GET /static/js/host.js HTTP/1.1" 200 75
INFO 2019-04-24 03:13:43,078 basehttp 124 "GET /static/js/axios-0.18.0.min.js HTTP/1.1" 200 12941
INFO 2019-04-24 03:13:43,080 basehttp 124 "GET /static/css/reset.css HTTP/1.1" 200 638
INFO 2019-04-24 03:13:43,089 basehttp 124 "GET /static/images/logo02.png HTTP/1.1" 200 8466
INFO 2019-04-24 03:13:43,096 basehttp 124 "GET /static/css/main.css HTTP/1.1" 200 39722
INFO 2019-04-24 03:13:43,101 basehttp 124 "GET /static/js/common.js HTTP/1.1" 200 891
INFO 2019-04-24 03:13:43,102 basehttp 124 "GET /static/js/login.js HTTP/1.1" 200 5212
INFO 2019-04-24 03:13:43,106 basehttp 124 "GET /static/js/vue-2.5.16.js HTTP/1.1" 200 289307
INFO 2019-04-24 03:13:43,138 basehttp 124 "GET /static/images/icons02.png HTTP/1.1" 200 3935
INFO 2019-04-24 03:13:43,142 basehttp 124 "GET /static/images/login_banner.png HTTP/1.1" 200 319312
WARNING 2019-04-24 03:13:43,166 basehttp 124 "GET /static/js/axios.min.map HTTP/1.1" 404 1661
INFO 2019-04-24 03:13:43,175 basehttp 124 "GET /static/images/QQ-weixin.png HTTP/1.1" 200 1816
INFO 2019-04-24 03:13:48,510 basehttp 124 "GET /qq/authorization/?next=/ HTTP/1.1" 200 200
WARNING 2019-04-24 03:13:51,606 base 152 Not Found: /oauth_callback
WARNING 2019-04-24 03:13:51,608 basehttp 124 "GET /oauth_callback?code=1E6B82851F5D1E340CCC3720F5E859D4&state=%2F HTTP/1.1" 404 3815
INFO 2019-04-24 03:15:11,485 basehttp 124 "GET /login/ HTTP/1.1" 200 4192
INFO 2019-04-24 03:15:11,562 basehttp 124 "GET /static/js/host.js HTTP/1.1" 200 75
INFO 2019-04-24 03:15:11,574 basehttp 124 "GET /static/js/axios-0.18.0.min.js HTTP/1.1" 200 12941
INFO 2019-04-24 03:15:11,577 basehttp 124 "GET /static/css/reset.css HTTP/1.1" 200 638
INFO 2019-04-24 03:15:11,579 basehttp 124 "GET /static/images/logo02.png HTTP/1.1" 200 8466
INFO 2019-04-24 03:15:11,579 basehttp 124 "GET /static/css/main.css HTTP/1.1" 200 39722
INFO 2019-04-24 03:15:11,582 basehttp 124 "GET /static/js/login.js HTTP/1.1" 200 5212
INFO 2019-04-24 03:15:11,592 basehttp 124 "GET /static/js/common.js HTTP/1.1" 200 891
INFO 2019-04-24 03:15:11,596 basehttp 124 "GET /static/js/vue-2.5.16.js HTTP/1.1" 200 289307
WARNING 2019-04-24 03:15:11,650 basehttp 124 "GET /static/js/axios.min.map HTTP/1.1" 404 1661
INFO 2019-04-24 03:15:11,653 basehttp 124 "GET /static/images/icons02.png HTTP/1.1" 200 3935
INFO 2019-04-24 03:15:11,661 basehttp 124 "GET /static/images/QQ-weixin.png HTTP/1.1" 200 1816
INFO 2019-04-24 03:15:11,664 basehttp 124 "GET /static/images/login_banner.png HTTP/1.1" 200 319312
INFO 2019-04-24 03:15:15,959 basehttp 124 "GET /qq/authorization/?next=/ HTTP/1.1" 200 200
INFO 2019-04-24 03:15:18,931 basehttp 124 "GET /oauth_callback?code=3CB07BCF108C61D54768179B2FB68237&state=%2F HTTP/1.1" 301 0
INFO 2019-04-24 03:18:04,718 basehttp 124 "GET /oauth_callback/?code=3CB07BCF108C61D54768179B2FB68237&state=%2F HTTP/1.1" 200 3934
INFO 2019-04-24 03:18:04,826 basehttp 124 "GET /static/css/reset.css HTTP/1.1" 200 638
INFO 2019-04-24 03:18:04,844 basehttp 124 "GET /static/js/axios-0.18.0.min.js HTTP/1.1" 200 12941
INFO 2019-04-24 03:18:04,846 basehttp 124 "GET /static/js/host.js HTTP/1.1" 200 75
INFO 2019-04-24 03:18:04,847 basehttp 124 "GET /static/css/main.css HTTP/1.1" 200 39722
INFO 2019-04-24 03:18:04,855 basehttp 124 "GET /static/images/logo.png HTTP/1.1" 200 7450
INFO 2019-04-24 03:18:04,867 basehttp 124 "GET /static/images/pic_code.jpg HTTP/1.1" 200 4507
INFO 2019-04-24 03:18:04,870 basehttp 124 "GET /static/js/oauth_callback.js HTTP/1.1" 200 10904
INFO 2019-04-24 03:18:04,872 basehttp 124 "GET /static/js/vue-2.5.16.js HTTP/1.1" 200 289307
WARNING 2019-04-24 03:18:04,916 basehttp 124 "GET /static/js/axios.min.map HTTP/1.1" 404 1667
INFO 2019-04-24 03:18:04,923 basehttp 124 "GET /static/images/interval_line.png HTTP/1.1" 200 1123
INFO 2019-04-24 03:18:04,928 basehttp 124 "GET /static/images/register_banner.png HTTP/1.1" 200 54894
INFO 2019-04-24 04:14:58,840 basehttp 124 "GET / HTTP/1.1" 200 34181
INFO 2019-04-24 04:14:58,873 basehttp 124 "GET /static/images/goods/goods001.jpg HTTP/1.1" 200 5391
INFO 2019-04-24 04:14:58,878 basehttp 124 "GET /static/images/goods/goods002.jpg HTTP/1.1" 200 5377
INFO 2019-04-24 04:14:58,881 basehttp 124 "GET /static/js/jquery-1.12.4.min.js HTTP/1.1" 200 97163
INFO 2019-04-24 04:14:58,898 basehttp 124 "GET /static/js/base.js HTTP/1.1" 200 1016
INFO 2019-04-24 04:14:58,945 basehttp 124 "GET /static/js/index.js HTTP/1.1" 200 1727
INFO 2019-04-24 04:14:58,951 basehttp 124 "GET /static/js/slide.js HTTP/1.1" 200 1822
INFO 2019-04-24 04:14:58,971 basehttp 124 "GET /static/images/adv01.jpg HTTP/1.1" 200 39831
INFO 2019-04-24 04:14:58,974 basehttp 124 "GET /static/images/banner01.jpg HTTP/1.1" 200 23658
INFO 2019-04-24 04:14:58,977 basehttp 124 "GET /static/images/slide02.jpg HTTP/1.1" 200 89905
INFO 2019-04-24 04:14:58,977 basehttp 124 "GET /static/images/slide01.jpg HTTP/1.1" 200 67813
INFO 2019-04-24 04:14:58,994 basehttp 124 "GET /static/images/goods/goods003.jpg HTTP/1.1" 200 8579
INFO 2019-04-24 04:14:59,018 basehttp 124 "GET /static/images/goods/goods004.jpg HTTP/1.1" 200 6565
INFO 2019-04-24 04:14:59,022 basehttp 124 "GET /static/images/goods/goods005.jpg HTTP/1.1" 200 7578
INFO 2019-04-24 04:14:59,026 basehttp 124 "GET /static/images/slide03.jpg HTTP/1.1" 200 70152
INFO 2019-04-24 04:14:59,033 basehttp 124 "GET /static/images/slide04.jpg HTTP/1.1" 200 107973
INFO 2019-04-24 04:14:59,035 basehttp 124 "GET /static/images/icons.png HTTP/1.1" 200 7740
INFO 2019-04-24 04:14:59,047 basehttp 124 "GET /static/images/banner02.jpg HTTP/1.1" 200 26729
INFO 2019-04-24 04:14:59,049 basehttp 124 "GET /static/images/goods/goods008.jpg HTTP/1.1" 200 7072
INFO 2019-04-24 04:14:59,054 basehttp 124 "GET /static/images/banner03.jpg HTTP/1.1" 200 22681
INFO 2019-04-24 04:14:59,056 basehttp 124 "GET /static/images/goods/goods009.jpg HTTP/1.1" 200 8738
WARNING 2019-04-24 04:14:59,091 base 152 Not Found: /carts/simple/
WARNING 2019-04-24 04:14:59,095 basehttp 124 "GET /carts/simple/ HTTP/1.1" 404 3919
INFO 2019-04-24 04:15:08,665 basehttp 124 "GET /info/ HTTP/1.1" 302 0
INFO 2019-04-24 04:15:08,712 basehttp 124 "GET /login/?next=/info/ HTTP/1.1" 200 4192
INFO 2019-04-24 04:15:08,727 basehttp 124 "GET /static/js/login.js HTTP/1.1" 200 5212
INFO 2019-04-24 04:15:08,755 basehttp 124 "GET /static/images/icons02.png HTTP/1.1" 200 3935
INFO 2019-04-24 04:15:08,759 basehttp 124 "GET /static/images/QQ-weixin.png HTTP/1.1" 200 1816
INFO 2019-04-24 04:15:08,764 basehttp 124 "GET /static/images/login_banner.png HTTP/1.1" 200 319312
INFO 2019-04-24 04:15:22,852 basehttp 124 "GET /qq/authorization/?next=/info/ HTTP/1.1" 200 207
WARNING 2019-04-24 04:15:29,782 basehttp 124 "GET /static/js/axios.min.map HTTP/1.1" 404 1667
INFO 2019-04-24 04:15:45,369 basehttp 124 "GET /login/?next=/info/ HTTP/1.1" 200 4192
INFO 2019-04-24 04:15:46,707 basehttp 124 "GET /qq/authorization/?next=/info/ HTTP/1.1" 200 207
INFO 2019-04-24 04:15:47,349 basehttp 124 "GET /qq/authorization/?next=/info/ HTTP/1.1" 200 207
INFO 2019-04-24 04:15:47,566 basehttp 124 "GET /qq/authorization/?next=/info/ HTTP/1.1" 200 207
INFO 2019-04-24 04:15:47,683 basehttp 124 "GET /qq/authorization/?next=/info/ HTTP/1.1" 200 207
INFO 2019-04-24 04:15:47,800 basehttp 124 "GET /qq/authorization/?next=/info/ HTTP/1.1" 200 207
INFO 2019-04-24 04:15:47,925 basehttp 124 "GET /qq/authorization/?next=/info/ HTTP/1.1" 200 207
INFO 2019-04-24 04:16:11,882 basehttp 124 "GET /qq/authorization/?next=/info/ HTTP/1.1" 200 207
INFO 2019-04-24 04:17:16,834 basehttp 124 "GET /login/?next=/info/ HTTP/1.1" 200 4192
INFO 2019-04-24 04:17:26,459 basehttp 124 "GET /login/?next=/info/ HTTP/1.1" 200 4192
INFO 2019-04-24 04:17:41,222 basehttp 124 "GET /qq/authorization/?next=/info/ HTTP/1.1" 200 207
INFO 2019-04-24 04:20:02,282 basehttp 124 "GET /qq/authorization/?next=/info/ HTTP/1.1" 200 207
INFO 2019-04-24 04:20:06,298 basehttp 124 "GET /oauth_callback?code=EB1C758F0DB5B0D19FE4A58BA3298C79&state=%2Finfo%2F HTTP/1.1" 301 0
INFO 2019-04-24 04:20:11,827 basehttp 124 "GET /oauth_callback/?code=EB1C758F0DB5B0D19FE4A58BA3298C79&state=%2Finfo%2F HTTP/1.1" 200 3934
INFO 2019-04-24 04:26:17,313 basehttp 124 "GET /login/?next=/info/ HTTP/1.1" 200 4192
INFO 2019-04-24 04:26:20,871 basehttp 124 "GET /qq/authorization/?next=/info/ HTTP/1.1" 200 207
INFO 2019-04-24 04:26:23,431 basehttp 124 "GET /oauth_callback?code=9B35113C8ABA1DA67AB4BB1061C7E106&state=%2Finfo%2F HTTP/1.1" 301 0
INFO 2019-04-24 04:26:26,251 basehttp 124 "GET /oauth_callback/?code=9B35113C8ABA1DA67AB4BB1061C7E106&state=%2Finfo%2F HTTP/1.1" 200 5103
ERROR 2019-04-24 04:26:26,539 exception 135 Internal Server Error: /image_codes/abe2fb8d-f832-45b3-bf53-6b046103de3f/
Traceback (most recent call last):
  File "/Users/meihao/.virtualenvs/project/lib/python3.6/site-packages/redis/connection.py", line 492, in connect
    sock = self._connect()
  File "/Users/meihao/.virtualenvs/project/lib/python3.6/site-packages/redis/connection.py", line 550, in _connect
    raise err
  File "/Users/meihao/.virtualenvs/project/lib/python3.6/site-packages/redis/connection.py", line 538, in _connect
    sock.connect(socket_address)
ConnectionRefusedError: [Errno 61] Connection refused

During handling of the above exception, another exception occurred:

Traceback (most recent call last):
  File "/Users/meihao/.virtualenvs/project/lib/python3.6/site-packages/django/core/handlers/exception.py", line 41, in inner
    response = get_response(request)
  File "/Users/meihao/.virtualenvs/project/lib/python3.6/site-packages/django/core/handlers/base.py", line 187, in _get_response
    response = self.process_exception_by_middleware(e, request)
  File "/Users/meihao/.virtualenvs/project/lib/python3.6/site-packages/django/core/handlers/base.py", line 185, in _get_response
    response = wrapped_callback(request, *callback_args, **callback_kwargs)
  File "/Users/meihao/.virtualenvs/project/lib/python3.6/site-packages/django/views/generic/base.py", line 68, in view
    return self.dispatch(request, *args, **kwargs)
  File "/Users/meihao/.virtualenvs/project/lib/python3.6/site-packages/django/views/generic/base.py", line 88, in dispatch
    return handler(request, *args, **kwargs)
  File "/Users/meihao/Desktop/project/meiduo_mall/meiduo_mall/apps/verifications/views.py", line 93, in get
    redis_conn.setex('img_code_%s' % uuid, 300, text)  # expire
  File "/Users/meihao/.virtualenvs/project/lib/python3.6/site-packages/redis/client.py", line 1472, in setex
    return self.execute_command('SETEX', name, time, value)
  File "/Users/meihao/.virtualenvs/project/lib/python3.6/site-packages/redis/client.py", line 772, in execute_command
    connection = pool.get_connection(command_name, **options)
  File "/Users/meihao/.virtualenvs/project/lib/python3.6/site-packages/redis/connection.py", line 994, in get_connection
    connection.connect()
  File "/Users/meihao/.virtualenvs/project/lib/python3.6/site-packages/redis/connection.py", line 497, in connect
    raise ConnectionError(self._error_message(e))
redis.exceptions.ConnectionError: Error 61 connecting to 127.0.0.1:6379. Connection refused.
ERROR 2019-04-24 04:26:26,852 basehttp 124 "GET /image_codes/abe2fb8d-f832-45b3-bf53-6b046103de3f/ HTTP/1.1" 500 115744
ERROR 2019-04-24 04:26:40,542 basehttp 124 "GET /oauth_callback/?code=9B35113C8ABA1DA67AB4BB1061C7E106&state=%2Finfo%2F HTTP/1.1" 500 20
INFO 2019-04-24 04:26:46,023 basehttp 124 "GET /qq/authorization/?next=/info/ HTTP/1.1" 200 207
INFO 2019-04-24 04:26:48,233 basehttp 124 "GET /oauth_callback?code=D15987BD6FD3140EE7D02F22F6234739&state=%2Finfo%2F HTTP/1.1" 301 0
INFO 2019-04-24 04:26:50,450 basehttp 124 "GET /oauth_callback/?code=D15987BD6FD3140EE7D02F22F6234739&state=%2Finfo%2F HTTP/1.1" 200 5103
INFO 2019-04-24 04:26:50,725 basehttp 124 "GET /image_codes/2ebe2c0e-0bfc-46a3-919e-c3c506d7c54e/ HTTP/1.1" 200 3625
INFO 2019-04-24 04:27:05,841 views 52 237354
INFO 2019-04-24 04:27:05,845 basehttp 124 "GET /sms_codes/15910261231/?image_code=9jqe&image_code_id=2ebe2c0e-0bfc-46a3-919e-c3c506d7c54e HTTP/1.1" 200 29
INFO 2019-04-24 04:28:06,172 basehttp 124 "POST /oauth_callback/?code=D15987BD6FD3140EE7D02F22F6234739&state=%2Finfo%2F HTTP/1.1" 302 0
INFO 2019-04-24 04:28:06,231 basehttp 124 "GET /info/ HTTP/1.1" 200 5394
INFO 2019-04-24 04:28:06,298 basehttp 124 "GET /static/images/goods/goods007.jpg HTTP/1.1" 200 3936
INFO 2019-04-24 04:28:06,302 basehttp 124 "GET /static/images/goods/goods006.jpg HTTP/1.1" 200 6836
INFO 2019-04-24 04:28:06,305 basehttp 124 "GET /static/js/user_center_info.js HTTP/1.1" 200 4692
INFO 2019-04-24 04:28:06,309 basehttp 124 "GET /static/images/left_bg.jpg HTTP/1.1" 200 1367
INFO 2019-04-24 04:28:06,312 basehttp 124 "GET /static/images/shop_cart.png HTTP/1.1" 200 1317
INFO 2019-04-26 01:22:46,051 basehttp 124 "GET / HTTP/1.1" 200 34181
WARNING 2019-04-26 01:22:46,456 base 152 Not Found: /carts/simple/
WARNING 2019-04-26 01:22:46,459 basehttp 124 "GET /carts/simple/ HTTP/1.1" 404 3919
INFO 2019-04-26 01:22:54,020 basehttp 124 "GET /register/ HTTP/1.1" 200 5373
INFO 2019-04-26 01:22:55,054 basehttp 124 "GET /image_codes/450865fc-d5d4-4308-b3d7-e5222550d691/ HTTP/1.1" 200 3011
WARNING 2019-04-26 01:24:20,926 basehttp 124 "GET /static/js/axios.min.map HTTP/1.1" 404 1661
INFO 2019-04-26 01:39:36,005 basehttp 124 "GET /usernames/meihao/count/ HTTP/1.1" 200 41
INFO 2019-04-26 01:46:52,669 basehttp 124 "GET / HTTP/1.1" 200 34181
WARNING 2019-04-26 01:46:53,158 base 152 Not Found: /carts/simple/
WARNING 2019-04-26 01:46:53,160 basehttp 124 "GET /carts/simple/ HTTP/1.1" 404 3919
INFO 2019-04-26 01:46:56,355 basehttp 124 "GET /info/ HTTP/1.1" 200 5394
INFO 2019-04-26 01:47:35,022 basehttp 124 "GET / HTTP/1.1" 200 34181
WARNING 2019-04-26 01:47:35,169 base 152 Not Found: /carts/simple/
WARNING 2019-04-26 01:47:35,171 basehttp 124 "GET /carts/simple/ HTTP/1.1" 404 3919
INFO 2019-04-26 01:47:40,324 basehttp 124 "GET /info/ HTTP/1.1" 200 5394
INFO 2019-04-26 02:08:47,403 basehttp 124 "GET /info/ HTTP/1.1" 200 8401
WARNING 2019-04-26 02:08:47,486 base 152 Not Found: /browse_histories/
WARNING 2019-04-26 02:08:47,489 basehttp 124 "GET /browse_histories/ HTTP/1.1" 404 3931
INFO 2019-04-26 02:25:43,280 basehttp 124 "GET /info/ HTTP/1.1" 200 8401
WARNING 2019-04-26 02:25:43,360 base 152 Not Found: /browse_histories/
WARNING 2019-04-26 02:25:43,363 basehttp 124 "GET /browse_histories/ HTTP/1.1" 404 4088
INFO 2019-04-26 02:28:21,889 basehttp 124 "PUT /emails/ HTTP/1.1" 200 63
INFO 2019-04-26 03:12:27,677 basehttp 124 "GET /info/ HTTP/1.1" 200 8421
WARNING 2019-04-26 03:12:27,951 base 152 Not Found: /browse_histories/
WARNING 2019-04-26 03:12:27,952 basehttp 124 "GET /browse_histories/ HTTP/1.1" 404 4088
INFO 2019-04-26 07:57:03,214 basehttp 124 "GET / HTTP/1.1" 200 34181
WARNING 2019-04-26 07:57:03,601 base 152 Not Found: /carts/simple/
WARNING 2019-04-26 07:57:03,606 basehttp 124 "GET /carts/simple/ HTTP/1.1" 404 4076
INFO 2019-04-26 07:57:08,200 basehttp 124 "GET /info/ HTTP/1.1" 200 8421
WARNING 2019-04-26 07:57:08,325 base 152 Not Found: /browse_histories/
WARNING 2019-04-26 07:57:08,327 basehttp 124 "GET /browse_histories/ HTTP/1.1" 404 4088
INFO 2019-04-26 08:00:36,050 basehttp 124 "GET /info/ HTTP/1.1" 200 8421
WARNING 2019-04-26 08:00:36,132 base 152 Not Found: /browse_histories/
WARNING 2019-04-26 08:00:36,136 basehttp 124 "GET /browse_histories/ HTTP/1.1" 404 4088
INFO 2019-04-26 08:00:45,697 basehttp 124 "PUT /emails/ HTTP/1.1" 200 63
INFO 2019-04-26 08:22:24,480 basehttp 124 "GET /info/ HTTP/1.1" 200 8421
WARNING 2019-04-26 08:22:24,560 base 152 Not Found: /browse_histories/
WARNING 2019-04-26 08:22:24,564 basehttp 124 "GET /browse_histories/ HTTP/1.1" 404 4258
INFO 2019-04-26 08:22:32,025 basehttp 124 "PUT /emails/ HTTP/1.1" 200 63
INFO 2019-04-26 08:23:55,790 basehttp 124 "GET /emails/verification/?token=eyJhbGciOiJIUzUxMiIsImlhdCI6MTU1NjI2Njk1MSwiZXhwIjoxNTU2MzUzMzUxfQ.eyJ1c2VyX2lkIjoxLCJlbWFpbCI6Iml0Y2FzdDg4ODg4OEAxNjMuY29tIn0.v7O4ht9gbo7sCQgj96msISuOF4XSpiM3WMHEykYncT8smM0ssWEUu6XAESV7ONsOciC7JB-d4rHht0RZp_3MmA HTTP/1.1" 302 0
INFO 2019-04-26 08:23:55,818 basehttp 124 "GET /info/ HTTP/1.1" 302 0
INFO 2019-04-26 08:23:55,870 basehttp 124 "GET /login/?next=/info/ HTTP/1.1" 200 4192
INFO 2019-04-26 08:24:12,831 basehttp 124 "POST /login/?next=/info/ HTTP/1.1" 302 0
INFO 2019-04-26 08:24:12,864 basehttp 124 "GET /info/ HTTP/1.1" 200 8420
WARNING 2019-04-26 08:24:13,024 base 152 Not Found: /browse_histories/
WARNING 2019-04-26 08:24:13,032 basehttp 124 "GET /browse_histories/ HTTP/1.1" 404 4258
WARNING 2019-04-26 08:44:53,930 base 152 Not Found: /areas/
WARNING 2019-04-26 08:44:53,933 basehttp 124 "GET /areas/ HTTP/1.1" 404 4225
INFO 2019-04-26 08:50:32,404 basehttp 124 "GET /addresses/ HTTP/1.1" 200 7289
WARNING 2019-04-26 08:50:32,513 base 152 Not Found: /areas/
WARNING 2019-04-26 08:50:32,517 basehttp 124 "GET /areas/ HTTP/1.1" 404 4401
INFO 2019-04-27 02:13:52,534 basehttp 124 "GET / HTTP/1.1" 200 34181
WARNING 2019-04-27 02:13:52,978 base 152 Not Found: /carts/simple/
WARNING 2019-04-27 02:13:52,978 basehttp 124 "GET /carts/simple/ HTTP/1.1" 404 4757
WARNING 2019-04-27 02:13:53,001 base 152 Not Found: /favicon.ico
WARNING 2019-04-27 02:13:53,001 basehttp 124 "GET /favicon.ico HTTP/1.1" 404 4751
INFO 2019-04-27 02:13:55,112 basehttp 124 "GET /info/ HTTP/1.1" 302 0
INFO 2019-04-27 02:13:55,121 basehttp 124 "GET /login/?next=/info/ HTTP/1.1" 200 4192
INFO 2019-04-27 02:14:00,401 basehttp 124 "POST /login/?next=/info/ HTTP/1.1" 200 4307
INFO 2019-04-27 02:14:09,067 basehttp 124 "GET /register/ HTTP/1.1" 200 5373
ERROR 2019-04-27 02:14:15,324 exception 135 Internal Server Error: /image_codes/00f0e964-880f-4159-82d0-1b4158474c41/
Traceback (most recent call last):
  File "/Users/meihao/.virtualenvs/project/lib/python3.6/site-packages/redis/connection.py", line 492, in connect
    sock = self._connect()
  File "/Users/meihao/.virtualenvs/project/lib/python3.6/site-packages/redis/connection.py", line 550, in _connect
    raise err
  File "/Users/meihao/.virtualenvs/project/lib/python3.6/site-packages/redis/connection.py", line 538, in _connect
    sock.connect(socket_address)
ConnectionRefusedError: [Errno 61] Connection refused

During handling of the above exception, another exception occurred:

Traceback (most recent call last):
  File "/Users/meihao/.virtualenvs/project/lib/python3.6/site-packages/django/core/handlers/exception.py", line 41, in inner
    response = get_response(request)
  File "/Users/meihao/.virtualenvs/project/lib/python3.6/site-packages/django/core/handlers/base.py", line 187, in _get_response
    response = self.process_exception_by_middleware(e, request)
  File "/Users/meihao/.virtualenvs/project/lib/python3.6/site-packages/django/core/handlers/base.py", line 185, in _get_response
    response = wrapped_callback(request, *callback_args, **callback_kwargs)
  File "/Users/meihao/.virtualenvs/project/lib/python3.6/site-packages/django/views/generic/base.py", line 68, in view
    return self.dispatch(request, *args, **kwargs)
  File "/Users/meihao/.virtualenvs/project/lib/python3.6/site-packages/django/views/generic/base.py", line 88, in dispatch
    return handler(request, *args, **kwargs)
  File "/Users/meihao/Desktop/project/meiduo_mall/meiduo_mall/apps/verifications/views.py", line 93, in get
    redis_conn.setex('img_code_%s' % uuid, 300, text)  # expire
  File "/Users/meihao/.virtualenvs/project/lib/python3.6/site-packages/redis/client.py", line 1472, in setex
    return self.execute_command('SETEX', name, time, value)
  File "/Users/meihao/.virtualenvs/project/lib/python3.6/site-packages/redis/client.py", line 772, in execute_command
    connection = pool.get_connection(command_name, **options)
  File "/Users/meihao/.virtualenvs/project/lib/python3.6/site-packages/redis/connection.py", line 994, in get_connection
    connection.connect()
  File "/Users/meihao/.virtualenvs/project/lib/python3.6/site-packages/redis/connection.py", line 497, in connect
    raise ConnectionError(self._error_message(e))
redis.exceptions.ConnectionError: Error 61 connecting to 127.0.0.1:6379. Connection refused.
ERROR 2019-04-27 02:14:15,378 basehttp 124 "GET /image_codes/00f0e964-880f-4159-82d0-1b4158474c41/ HTTP/1.1" 500 114367
INFO 2019-04-27 02:14:17,244 basehttp 124 "GET /usernames/meihao/count/ HTTP/1.1" 200 41
INFO 2019-04-27 02:14:37,155 basehttp 124 "GET /image_codes/07e4ebbd-b486-476f-8adb-7bef3af8c7a8/ HTTP/1.1" 200 3062
INFO 2019-04-27 02:14:41,186 basehttp 124 "GET /mobiles/15910261231/count/ HTTP/1.1" 200 41
INFO 2019-04-27 02:14:44,355 views 52 797432
INFO 2019-04-27 02:14:44,357 basehttp 124 "GET /sms_codes/15910261231/?image_code=qvjc&image_code_id=07e4ebbd-b486-476f-8adb-7bef3af8c7a8 HTTP/1.1" 200 29
INFO 2019-04-27 02:14:44,359 basehttp 124 "GET /mobiles/15910261231/count/ HTTP/1.1" 200 41
INFO 2019-04-27 02:14:53,886 basehttp 124 "GET /usernames/meihao/count/ HTTP/1.1" 200 41
INFO 2019-04-27 02:14:53,886 basehttp 124 "GET /mobiles/15910261231/count/ HTTP/1.1" 200 41
INFO 2019-04-27 02:14:53,967 basehttp 124 "POST /register/ HTTP/1.1" 302 0
INFO 2019-04-27 02:14:53,969 basehttp 124 "GET / HTTP/1.1" 200 34181
WARNING 2019-04-27 02:14:54,110 base 152 Not Found: /carts/simple/
WARNING 2019-04-27 02:14:54,110 basehttp 124 "GET /carts/simple/ HTTP/1.1" 404 4757
INFO 2019-04-27 02:14:57,337 basehttp 124 "GET /info/ HTTP/1.1" 200 8391
WARNING 2019-04-27 02:14:57,467 base 152 Not Found: /browse_histories/
WARNING 2019-04-27 02:14:57,467 basehttp 124 "GET /browse_histories/ HTTP/1.1" 404 4769
WARNING 2019-04-27 02:15:03,519 base 152 Not Found: /info/user_center_site.html
WARNING 2019-04-27 02:15:03,519 basehttp 124 "GET /info/user_center_site.html HTTP/1.1" 404 4796
INFO 2019-04-27 02:15:18,884 basehttp 124 "GET /addresses/ HTTP/1.1" 200 7289
INFO 2019-04-27 02:15:18,957 basehttp 124 "GET /areas/ HTTP/1.1" 200 1774
INFO 2019-04-27 02:18:38,814 basehttp 124 "GET /addresses/ HTTP/1.1" 200 8722
INFO 2019-04-27 02:18:38,864 basehttp 124 "GET /areas/ HTTP/1.1" 200 1774
INFO 2019-04-27 02:19:11,948 basehttp 124 "GET /addresses/ HTTP/1.1" 200 8722
INFO 2019-04-27 02:19:44,348 basehttp 124 "GET /areas/ HTTP/1.1" 200 1774
INFO 2019-04-27 02:20:07,075 basehttp 124 "GET /areas/130000/ HTTP/1.1" 200 703
INFO 2019-04-27 02:22:36,262 basehttp 124 "GET /areas/140000/ HTTP/1.1" 200 603
INFO 2019-04-27 02:23:14,653 basehttp 124 "GET /areas/140300/ HTTP/1.1" 200 303
INFO 2019-04-27 02:39:53,890 basehttp 124 "GET /areas/320000/ HTTP/1.1" 200 701
INFO 2019-04-27 02:48:28,058 basehttp 124 "GET /addresses/ HTTP/1.1" 200 8722
INFO 2019-04-27 02:48:32,377 basehttp 124 "GET /areas/ HTTP/1.1" 200 1774
INFO 2019-04-27 02:48:37,485 basehttp 124 "GET /areas/120000/ HTTP/1.1" 200 143
INFO 2019-04-27 02:48:42,312 basehttp 124 "GET /addresses/ HTTP/1.1" 200 8722
INFO 2019-04-27 02:48:55,187 basehttp 124 "GET /areas/ HTTP/1.1" 200 1774
INFO 2019-04-27 02:48:57,770 basehttp 124 "GET /addresses/ HTTP/1.1" 200 8722
INFO 2019-04-27 02:48:57,861 basehttp 124 "GET /areas/ HTTP/1.1" 200 1774
INFO 2019-04-27 02:49:00,448 basehttp 124 "GET /areas/120000/ HTTP/1.1" 200 143
INFO 2019-04-27 02:49:10,147 basehttp 124 "GET /areas/120100/ HTTP/1.1" 200 839
INFO 2019-04-27 02:49:16,620 basehttp 124 "GET /addresses/ HTTP/1.1" 200 8722
INFO 2019-04-27 02:49:16,706 basehttp 124 "GET /areas/ HTTP/1.1" 200 1774
INFO 2019-04-27 02:49:19,772 basehttp 124 "GET /areas/120000/ HTTP/1.1" 200 143
INFO 2019-04-27 02:49:21,694 basehttp 124 "GET /areas/120100/ HTTP/1.1" 200 839
INFO 2019-04-27 07:46:56,602 basehttp 124 "GET / HTTP/1.1" 200 34181
WARNING 2019-04-27 07:46:56,970 base 152 Not Found: /carts/simple/
WARNING 2019-04-27 07:46:56,974 basehttp 124 "GET /carts/simple/ HTTP/1.1" 404 4924
INFO 2019-04-27 07:47:01,132 basehttp 124 "GET /addresses/ HTTP/1.1" 200 8861
INFO 2019-04-27 07:47:01,217 basehttp 124 "GET /areas/ HTTP/1.1" 200 1774
INFO 2019-04-27 07:49:31,681 basehttp 124 "GET /addresses/ HTTP/1.1" 200 9503
INFO 2019-04-27 07:49:31,768 basehttp 124 "GET /areas/ HTTP/1.1" 200 1774
INFO 2019-04-27 07:50:05,900 basehttp 124 "GET /areas/120000/ HTTP/1.1" 200 143
INFO 2019-04-27 07:50:07,694 basehttp 124 "GET /areas/120100/ HTTP/1.1" 200 839
INFO 2019-04-27 07:52:06,584 basehttp 124 "POST /addresses/create/ HTTP/1.1" 200 288
INFO 2019-04-27 07:52:06,656 basehttp 124 "GET /addresses/ HTTP/1.1" 200 9503
INFO 2019-04-27 07:52:06,790 basehttp 124 "GET /areas/ HTTP/1.1" 200 1774
INFO 2019-04-27 08:12:06,877 basehttp 124 "GET /addresses/ HTTP/1.1" 200 9851
INFO 2019-04-27 08:12:07,124 basehttp 124 "GET /areas/ HTTP/1.1" 200 1774
INFO 2019-04-27 08:13:03,820 basehttp 124 "GET /areas/230000/ HTTP/1.1" 200 761
INFO 2019-04-27 08:13:09,048 basehttp 124 "GET /areas/231100/ HTTP/1.1" 200 385
INFO 2019-04-27 08:13:41,202 basehttp 124 "POST /addresses/create/ HTTP/1.1" 200 296
INFO 2019-04-27 08:13:41,305 basehttp 124 "GET /addresses/ HTTP/1.1" 200 10053
INFO 2019-04-27 08:13:41,411 basehttp 124 "GET /areas/ HTTP/1.1" 200 1774
INFO 2019-04-27 08:51:05,469 basehttp 124 "GET /addresses/ HTTP/1.1" 200 10092
INFO 2019-04-27 08:51:05,603 basehttp 124 "GET /areas/ HTTP/1.1" 200 1774
INFO 2019-04-27 08:52:52,170 basehttp 124 "GET /areas/130000/ HTTP/1.1" 200 703
INFO 2019-04-27 08:52:54,522 basehttp 124 "GET /areas/130200/ HTTP/1.1" 200 741
INFO 2019-04-27 08:53:48,463 basehttp 124 "PUT /addresses/1/ HTTP/1.1" 200 314
INFO 2019-04-27 09:06:37,981 basehttp 124 "GET /addresses/ HTTP/1.1" 200 10149
INFO 2019-04-27 09:06:38,262 basehttp 124 "GET /areas/ HTTP/1.1" 200 1774
INFO 2019-04-27 09:06:45,064 basehttp 124 "DELETE /addresses/2/ HTTP/1.1" 200 29
INFO 2019-04-27 09:07:22,661 basehttp 124 "GET /areas/140000/ HTTP/1.1" 200 603
INFO 2019-04-27 09:07:24,790 basehttp 124 "GET /areas/140500/ HTTP/1.1" 200 367
INFO 2019-04-27 09:07:33,975 basehttp 124 "POST /addresses/create/ HTTP/1.1" 200 300
INFO 2019-04-27 09:07:34,071 basehttp 124 "GET /addresses/ HTTP/1.1" 200 10150
INFO 2019-04-27 09:07:34,182 basehttp 124 "GET /areas/ HTTP/1.1" 200 1774
INFO 2019-04-27 09:07:45,238 basehttp 124 "DELETE /addresses/1/ HTTP/1.1" 200 29
INFO 2019-04-27 09:08:41,389 basehttp 124 "GET /addresses/ HTTP/1.1" 200 10191
INFO 2019-04-27 09:08:41,496 basehttp 124 "GET /areas/ HTTP/1.1" 200 1774
INFO 2019-04-27 09:08:51,629 basehttp 124 "GET /addresses/ HTTP/1.1" 200 10191
INFO 2019-04-27 09:08:51,708 basehttp 124 "GET /areas/ HTTP/1.1" 200 1774
INFO 2019-04-27 09:08:52,222 basehttp 124 "GET /addresses/ HTTP/1.1" 200 10191
INFO 2019-04-27 09:08:52,287 basehttp 124 "GET /areas/ HTTP/1.1" 200 1774
INFO 2019-04-27 09:08:52,901 basehttp 124 "GET /addresses/ HTTP/1.1" 200 10191
INFO 2019-04-27 09:08:52,972 basehttp 124 "GET /areas/ HTTP/1.1" 200 1774
INFO 2019-04-27 09:08:53,277 basehttp 124 "GET /addresses/ HTTP/1.1" 200 10191
INFO 2019-04-27 09:08:53,344 basehttp 124 "GET /areas/ HTTP/1.1" 200 1774
INFO 2019-04-27 09:08:53,510 basehttp 124 "GET /addresses/ HTTP/1.1" 200 10191
INFO 2019-04-27 09:08:53,585 basehttp 124 "GET /areas/ HTTP/1.1" 200 1774
INFO 2019-04-27 09:08:53,993 basehttp 124 "GET /addresses/ HTTP/1.1" 200 10191
INFO 2019-04-27 09:08:54,065 basehttp 124 "GET /areas/ HTTP/1.1" 200 1774
INFO 2019-04-27 09:08:54,298 basehttp 124 "GET /addresses/ HTTP/1.1" 200 10191
INFO 2019-04-27 09:08:54,365 basehttp 124 "GET /areas/ HTTP/1.1" 200 1774
INFO 2019-04-27 09:08:54,571 basehttp 124 "GET /addresses/ HTTP/1.1" 200 10191
INFO 2019-04-27 09:08:54,640 basehttp 124 "GET /areas/ HTTP/1.1" 200 1774
INFO 2019-04-27 09:08:54,911 basehttp 124 "GET /addresses/ HTTP/1.1" 200 10191
INFO 2019-04-27 09:08:54,985 basehttp 124 "GET /areas/ HTTP/1.1" 200 1774
INFO 2019-04-27 09:09:16,646 basehttp 124 "GET /addresses/ HTTP/1.1" 302 0
INFO 2019-04-27 09:09:16,697 basehttp 124 "GET /login/?next=/addresses/ HTTP/1.1" 200 4192
INFO 2019-04-27 09:09:16,739 basehttp 124 "GET /static/css/reset.css HTTP/1.1" 200 638
INFO 2019-04-27 09:09:16,746 basehttp 124 "GET /static/js/host.js HTTP/1.1" 200 75
INFO 2019-04-27 09:09:16,748 basehttp 124 "GET /static/js/axios-0.18.0.min.js HTTP/1.1" 200 12941
INFO 2019-04-27 09:09:16,755 basehttp 124 "GET /static/css/main.css HTTP/1.1" 200 39722
INFO 2019-04-27 09:09:16,761 basehttp 124 "GET /static/images/logo02.png HTTP/1.1" 200 8466
INFO 2019-04-27 09:09:16,763 basehttp 124 "GET /static/js/login.js HTTP/1.1" 200 5212
INFO 2019-04-27 09:09:16,771 basehttp 124 "GET /static/js/common.js HTTP/1.1" 200 891
INFO 2019-04-27 09:09:16,773 basehttp 124 "GET /static/js/vue-2.5.16.js HTTP/1.1" 200 289307
INFO 2019-04-27 09:09:16,801 basehttp 124 "GET /static/images/icons02.png HTTP/1.1" 200 3935
INFO 2019-04-27 09:09:16,804 basehttp 124 "GET /static/images/QQ-weixin.png HTTP/1.1" 200 1816
INFO 2019-04-27 09:09:16,808 basehttp 124 "GET /static/images/login_banner.png HTTP/1.1" 200 319312
INFO 2019-04-27 09:09:22,783 basehttp 124 "POST /login/?next=/addresses/ HTTP/1.1" 302 0
INFO 2019-04-27 09:09:22,850 basehttp 124 "GET /addresses/ HTTP/1.1" 200 10191
INFO 2019-04-27 09:09:22,877 basehttp 124 "GET /static/images/logo.png HTTP/1.1" 200 7450
INFO 2019-04-27 09:09:22,883 basehttp 124 "GET /static/js/user_center_site.js HTTP/1.1" 200 27011
INFO 2019-04-27 09:09:22,885 basehttp 124 "GET /static/js/jquery-1.12.4.min.js HTTP/1.1" 200 97163
INFO 2019-04-27 09:09:22,917 basehttp 124 "GET /static/images/icons.png HTTP/1.1" 200 7740
INFO 2019-04-27 09:09:22,925 basehttp 124 "GET /static/images/left_bg.jpg HTTP/1.1" 200 1367
INFO 2019-04-27 09:09:22,927 basehttp 124 "GET /static/images/edit.png HTTP/1.1" 200 1244
INFO 2019-04-27 09:09:22,968 basehttp 124 "GET /areas/ HTTP/1.1" 200 1774
INFO 2019-04-27 09:17:31,120 basehttp 124 "GET /addresses/ HTTP/1.1" 200 10190
INFO 2019-04-27 09:17:31,200 basehttp 124 "GET /areas/ HTTP/1.1" 200 1774
INFO 2019-04-27 09:17:40,368 basehttp 124 "PUT /addresses/3/default/ HTTP/1.1" 200 29
INFO 2019-04-27 09:17:54,625 basehttp 124 "GET /areas/130000/ HTTP/1.1" 200 703
INFO 2019-04-27 09:17:55,639 basehttp 124 "GET /areas/130300/ HTTP/1.1" 200 461
INFO 2019-04-27 09:18:03,032 basehttp 124 "POST /addresses/create/ HTTP/1.1" 200 280
INFO 2019-04-27 09:18:03,115 basehttp 124 "GET /addresses/ HTTP/1.1" 200 10388
INFO 2019-04-27 09:18:03,200 basehttp 124 "GET /areas/ HTTP/1.1" 200 1774
INFO 2019-04-27 09:18:16,039 basehttp 124 "PUT /addresses/4/default/ HTTP/1.1" 200 29
INFO 2019-04-27 09:27:08,542 basehttp 124 "GET /addresses/ HTTP/1.1" 200 10799
INFO 2019-04-27 09:27:08,619 basehttp 124 "GET /areas/ HTTP/1.1" 200 1774
WARNING 2019-04-27 09:27:26,729 base 152 Not Found: /addresses/4/title/
WARNING 2019-04-27 09:27:26,729 basehttp 124 "PUT /addresses/4/title/ HTTP/1.1" 404 5319
INFO 2019-04-27 09:28:00,532 basehttp 124 "GET /addresses/ HTTP/1.1" 200 10799
INFO 2019-04-27 09:28:00,581 basehttp 124 "GET /areas/ HTTP/1.1" 200 1774
INFO 2019-04-27 09:28:07,873 basehttp 124 "PUT /addresses/4/title/ HTTP/1.1" 200 29
INFO 2019-04-29 01:08:26,091 basehttp 124 "GET / HTTP/1.1" 200 34181
WARNING 2019-04-29 01:08:26,491 base 152 Not Found: /carts/simple/
WARNING 2019-04-29 01:08:26,492 basehttp 124 "GET /carts/simple/ HTTP/1.1" 404 5668
WARNING 2019-04-29 01:08:26,519 base 152 Not Found: /favicon.ico
WARNING 2019-04-29 01:08:26,519 basehttp 124 "GET /favicon.ico HTTP/1.1" 404 5662
INFO 2019-04-29 01:08:37,179 basehttp 124 "GET /password/ HTTP/1.1" 302 0
INFO 2019-04-29 01:08:37,188 basehttp 124 "GET /login/?next=/password/ HTTP/1.1" 200 4192
ERROR 2019-04-29 01:08:44,643 basehttp 124 "POST /login/?next=/password/ HTTP/1.1" 500 140476
INFO 2019-04-29 01:08:56,425 basehttp 124 "POST /login/?next=/password/ HTTP/1.1" 302 0
INFO 2019-04-29 01:08:56,433 basehttp 124 "GET /password/ HTTP/1.1" 200 4361
INFO 2019-04-29 01:08:56,447 basehttp 124 "GET /static/js/user_center_pass.js HTTP/1.1" 200 4955
INFO 2019-04-29 01:43:39,273 basehttp 124 "GET /password/ HTTP/1.1" 200 5177
INFO 2019-04-29 01:45:33,965 basehttp 124 "POST /password/ HTTP/1.1" 302 0
INFO 2019-04-29 01:45:34,018 basehttp 124 "GET /login/ HTTP/1.1" 200 4192
INFO 2019-04-29 01:45:44,567 basehttp 124 "POST /login/ HTTP/1.1" 302 0
INFO 2019-04-29 01:45:44,623 basehttp 124 "GET / HTTP/1.1" 200 34181
WARNING 2019-04-29 01:45:44,800 base 152 Not Found: /carts/simple/
WARNING 2019-04-29 01:45:44,804 basehttp 124 "GET /carts/simple/ HTTP/1.1" 404 5668
INFO 2019-04-29 01:45:53,412 basehttp 124 "GET /logout/ HTTP/1.1" 302 0
INFO 2019-04-29 01:45:53,453 basehttp 124 "GET / HTTP/1.1" 200 34181
WARNING 2019-04-29 01:45:53,588 base 152 Not Found: /carts/simple/
WARNING 2019-04-29 01:45:53,590 basehttp 124 "GET /carts/simple/ HTTP/1.1" 404 5668
INFO 2019-04-29 01:45:54,806 basehttp 124 "GET /login/ HTTP/1.1" 200 4192
INFO 2019-04-29 01:45:59,925 basehttp 124 "POST /login/ HTTP/1.1" 302 0
INFO 2019-04-29 01:45:59,975 basehttp 124 "GET / HTTP/1.1" 200 34181
WARNING 2019-04-29 01:46:00,108 base 152 Not Found: /carts/simple/
WARNING 2019-04-29 01:46:00,110 basehttp 124 "GET /carts/simple/ HTTP/1.1" 404 5668
INFO 2019-04-29 01:46:02,612 basehttp 124 "GET /logout/ HTTP/1.1" 302 0
INFO 2019-04-29 01:46:02,625 basehttp 124 "GET / HTTP/1.1" 200 34181
WARNING 2019-04-29 01:46:02,750 base 152 Not Found: /carts/simple/
WARNING 2019-04-29 01:46:02,752 basehttp 124 "GET /carts/simple/ HTTP/1.1" 404 5668
INFO 2019-04-29 01:46:04,761 basehttp 124 "GET /login/ HTTP/1.1" 200 4192
INFO 2019-04-29 01:46:10,507 basehttp 124 "POST /login/ HTTP/1.1" 302 0
INFO 2019-04-29 01:46:10,522 basehttp 124 "GET / HTTP/1.1" 200 34181
WARNING 2019-04-29 01:46:10,655 base 152 Not Found: /carts/simple/
WARNING 2019-04-29 01:46:10,657 basehttp 124 "GET /carts/simple/ HTTP/1.1" 404 5668
INFO 2019-04-29 01:46:16,291 basehttp 124 "GET /password/ HTTP/1.1" 200 5177
INFO 2019-04-29 01:46:29,112 basehttp 124 "POST /password/ HTTP/1.1" 302 0
INFO 2019-04-29 01:46:29,125 basehttp 124 "GET /login/ HTTP/1.1" 200 4192
INFO 2019-04-29 01:46:36,534 basehttp 124 "POST /login/ HTTP/1.1" 302 0
INFO 2019-04-29 01:46:36,572 basehttp 124 "GET / HTTP/1.1" 200 34181
WARNING 2019-04-29 01:46:36,736 base 152 Not Found: /carts/simple/
WARNING 2019-04-29 01:46:36,738 basehttp 124 "GET /carts/simple/ HTTP/1.1" 404 5668
INFO 2019-04-29 01:46:54,105 basehttp 124 "GET /password/ HTTP/1.1" 200 5177
INFO 2019-04-29 01:47:23,784 basehttp 124 "GET /login/ HTTP/1.1" 200 4192
INFO 2019-04-29 01:47:29,239 basehttp 124 "POST /login/ HTTP/1.1" 200 4307
INFO 2019-04-29 01:47:58,712 basehttp 124 "GET /password/ HTTP/1.1" 200 5177
INFO 2019-04-29 01:48:16,244 basehttp 124 "POST /password/ HTTP/1.1" 302 0
INFO 2019-04-29 01:48:16,296 basehttp 124 "GET /login/ HTTP/1.1" 200 4192
INFO 2019-04-29 01:48:22,829 basehttp 124 "POST /login/ HTTP/1.1" 200 4307
INFO 2019-04-29 01:48:29,914 basehttp 124 "POST /login/ HTTP/1.1" 302 0
INFO 2019-04-29 01:48:30,018 basehttp 124 "GET / HTTP/1.1" 200 34181
WARNING 2019-04-29 01:48:30,175 base 152 Not Found: /carts/simple/
WARNING 2019-04-29 01:48:30,178 basehttp 124 "GET /carts/simple/ HTTP/1.1" 404 5668
INFO 2019-04-29 02:01:11,517 basehttp 124 "GET /password/ HTTP/1.1" 200 5177
WARNING 2019-04-29 02:01:20,076 base 152 Not Found: /password/user_center_info.html
WARNING 2019-04-29 02:01:20,078 basehttp 124 "GET /password/user_center_info.html HTTP/1.1" 404 5719
INFO 2019-04-29 02:03:12,569 basehttp 124 "GET /password/ HTTP/1.1" 200 5185
INFO 2019-04-29 02:03:15,112 basehttp 124 "GET /info/ HTTP/1.1" 200 8388
INFO 2019-04-29 02:03:15,149 basehttp 124 "GET /static/js/user_center_info.js HTTP/1.1" 200 4692
INFO 2019-04-29 02:03:15,157 basehttp 124 "GET /static/images/goods/goods006.jpg HTTP/1.1" 200 6836
INFO 2019-04-29 02:03:15,168 basehttp 124 "GET /static/images/goods/goods007.jpg HTTP/1.1" 200 3936
INFO 2019-04-29 02:03:15,173 basehttp 124 "GET /static/images/shop_cart.png HTTP/1.1" 200 1317
WARNING 2019-04-29 02:03:15,272 base 152 Not Found: /browse_histories/
WARNING 2019-04-29 02:03:15,274 basehttp 124 "GET /browse_histories/ HTTP/1.1" 404 5680
INFO 2019-04-29 02:03:17,280 basehttp 124 "GET /addresses/ HTTP/1.1" 200 11201
INFO 2019-04-29 02:03:17,403 basehttp 124 "GET /areas/ HTTP/1.1" 200 1774
INFO 2019-04-29 02:03:19,308 basehttp 124 "GET /password/ HTTP/1.1" 200 5185
INFO 2019-04-29 02:03:27,484 basehttp 124 "GET /static/user_center_order.html HTTP/1.1" 200 5905
INFO 2019-04-29 02:03:27,502 basehttp 124 "GET /static/css/jquery.pagination.css HTTP/1.1" 200 523
INFO 2019-04-29 02:03:27,530 basehttp 124 "GET /static/js/jquery.pagination.min.js HTTP/1.1" 200 2935
INFO 2019-04-29 02:03:27,532 basehttp 124 "GET /static/js/user_center_order.js HTTP/1.1" 200 2046
WARNING 2019-04-29 02:03:34,783 base 152 Not Found: /templates/user_center_info.html
WARNING 2019-04-29 02:03:34,785 basehttp 124 "GET /templates/user_center_info.html HTTP/1.1" 404 5722
WARNING 2019-04-29 02:03:48,940 base 152 Not Found: /templates/user_center_site.html
WARNING 2019-04-29 02:03:48,942 basehttp 124 "GET /templates/user_center_site.html HTTP/1.1" 404 5722
INFO 2019-04-29 02:11:56,251 basehttp 124 "GET / HTTP/1.1" 200 34181
WARNING 2019-04-29 02:11:56,533 base 152 Not Found: /carts/simple/
WARNING 2019-04-29 02:11:56,533 basehttp 124 "GET /carts/simple/ HTTP/1.1" 404 5668
INFO 2019-04-29 02:58:04,296 basehttp 124 "GET /static/list.html HTTP/1.1" 200 12354
WARNING 2019-04-29 02:58:04,371 basehttp 124 "GET /static/%7B%7B%20static('images/goods/goods001.jpg')%20%7D%7D HTTP/1.1" 404 1772
WARNING 2019-04-29 02:58:04,372 basehttp 124 "GET /static/%7B%7B%20static('images/logo.png')%20%7D%7D HTTP/1.1" 404 1742
INFO 2019-04-29 02:58:04,387 basehttp 124 "GET /static/js/list.js HTTP/1.1" 200 2105
WARNING 2019-04-29 02:58:04,399 basehttp 124 "GET /static/%7B%7B%20static('images/goods/goods002.jpg')%20%7D%7D HTTP/1.1" 404 1772
WARNING 2019-04-29 02:58:04,399 basehttp 124 "GET /static/%7B%7B%20static('images/goods/goods003.jpg')%20%7D%7D HTTP/1.1" 404 1772
WARNING 2019-04-29 02:58:04,405 basehttp 124 "GET /static/%7B%7B%20static('images/goods/goods005.jpg')%20%7D%7D HTTP/1.1" 404 1772
WARNING 2019-04-29 02:58:04,418 basehttp 124 "GET /static/%7B%7B%20static('images/goods/goods001.jpg')%20%7D%7D HTTP/1.1" 404 1772
WARNING 2019-04-29 02:58:04,421 basehttp 124 "GET /static/%7B%7B%20static('images/goods/goods002.jpg')%20%7D%7D HTTP/1.1" 404 1772
INFO 2019-04-29 02:58:06,066 basehttp 124 "GET /static/detail.html HTTP/1.1" 200 14353
WARNING 2019-04-29 02:58:06,078 basehttp 124 "GET /static/%7B%7B%20static('images/logo02.png')%20%7D%7D HTTP/1.1" 404 1748
INFO 2019-04-29 02:58:06,085 basehttp 124 "GET /static/js/detail.js HTTP/1.1" 200 15702
WARNING 2019-04-29 02:58:06,097 basehttp 124 "GET /static/%7B%7Bstatic('images/goods/goods002.jpg')%7D%7D HTTP/1.1" 404 1762
WARNING 2019-04-29 02:58:06,099 basehttp 124 "GET /static/%7B%7Bstatic('images/goods/goods001.jpg')%7D%7D HTTP/1.1" 404 1762
INFO 2019-04-29 02:58:06,100 basehttp 124 "GET /static/images/goods_450.jpg HTTP/1.1" 200 20260
INFO 2019-04-29 02:58:06,101 basehttp 124 "GET /static/images/cat.jpg HTTP/1.1" 200 4333
INFO 2019-04-29 02:58:06,101 basehttp 124 "GET /static/images/selected.png HTTP/1.1" 200 1060
INFO 2019-04-30 03:10:12,919 basehttp 124 "GET / HTTP/1.1" 200 34181
WARNING 2019-04-30 03:10:13,363 base 152 Not Found: /carts/simple/
WARNING 2019-04-30 03:10:13,363 basehttp 124 "GET /carts/simple/ HTTP/1.1" 404 5668
WARNING 2019-04-30 03:10:13,384 base 152 Not Found: /favicon.ico
WARNING 2019-04-30 03:10:13,385 basehttp 124 "GET /favicon.ico HTTP/1.1" 404 5662
INFO 2019-04-30 04:07:45,056 basehttp 124 "GET / HTTP/1.1" 200 124945
WARNING 2019-04-30 04:07:45,308 base 152 Not Found: /carts/simple/
WARNING 2019-04-30 04:07:45,309 basehttp 124 "GET /carts/simple/ HTTP/1.1" 404 5668
INFO 2019-04-30 04:43:16,189 basehttp 124 "GET / HTTP/1.1" 200 124945
WARNING 2019-04-30 04:43:16,558 base 152 Not Found: /carts/simple/
WARNING 2019-04-30 04:43:16,561 basehttp 124 "GET /carts/simple/ HTTP/1.1" 404 5668
INFO 2019-05-05 01:53:16,238 basehttp 124 "GET / HTTP/1.1" 200 124945
WARNING 2019-05-05 01:53:16,667 base 152 Not Found: /carts/simple/
WARNING 2019-05-05 01:53:16,670 basehttp 124 "GET /carts/simple/ HTTP/1.1" 404 5887
WARNING 2019-05-05 01:53:21,368 base 152 Not Found: /favicon.ico
WARNING 2019-05-05 01:53:21,369 basehttp 124 "GET /favicon.ico HTTP/1.1" 404 5881
ERROR 2019-05-05 01:53:32,752 exception 135 Internal Server Error: /list/115/1/
Traceback (most recent call last):
  File "/Users/meihao/.virtualenvs/project/lib/python3.6/site-packages/django/core/handlers/exception.py", line 41, in inner
    response = get_response(request)
  File "/Users/meihao/.virtualenvs/project/lib/python3.6/site-packages/django/core/handlers/base.py", line 187, in _get_response
    response = self.process_exception_by_middleware(e, request)
  File "/Users/meihao/.virtualenvs/project/lib/python3.6/site-packages/django/core/handlers/base.py", line 185, in _get_response
    response = wrapped_callback(request, *callback_args, **callback_kwargs)
  File "/Users/meihao/.virtualenvs/project/lib/python3.6/site-packages/django/views/generic/base.py", line 68, in view
    return self.dispatch(request, *args, **kwargs)
  File "/Users/meihao/.virtualenvs/project/lib/python3.6/site-packages/django/views/generic/base.py", line 88, in dispatch
    return handler(request, *args, **kwargs)
  File "/Users/meihao/Desktop/project/meiduo_mall/meiduo_mall/apps/goods/views.py", line 40, in get
    return render(request, 'list.html', context=context)
  File "/Users/meihao/.virtualenvs/project/lib/python3.6/site-packages/django/shortcuts.py", line 30, in render
    content = loader.render_to_string(template_name, context, request, using=using)
  File "/Users/meihao/.virtualenvs/project/lib/python3.6/site-packages/django/template/loader.py", line 68, in render_to_string
    return template.render(context, request)
  File "/Users/meihao/.virtualenvs/project/lib/python3.6/site-packages/django/template/backends/jinja2.py", line 81, in render
    return self.template.render(context)
  File "/Users/meihao/.virtualenvs/project/lib/python3.6/site-packages/jinja2/asyncsupport.py", line 76, in render
    return original_render(self, *args, **kwargs)
  File "/Users/meihao/.virtualenvs/project/lib/python3.6/site-packages/jinja2/environment.py", line 1008, in render
    return self.environment.handle_exception(exc_info, True)
  File "/Users/meihao/.virtualenvs/project/lib/python3.6/site-packages/jinja2/environment.py", line 780, in handle_exception
    reraise(exc_type, exc_value, tb)
  File "/Users/meihao/.virtualenvs/project/lib/python3.6/site-packages/jinja2/_compat.py", line 37, in reraise
    raise value.with_traceback(tb)
  File "/Users/meihao/Desktop/project/meiduo_mall/meiduo_mall/templates/list.html", line 375, in top-level template code
    // location.href = '/list/{{ category.id }}/' + current + '/?sort={{ sort }}';
  File "/Users/meihao/.virtualenvs/project/lib/python3.6/site-packages/jinja2/environment.py", line 430, in getattr
    return getattr(obj, attribute)
jinja2.exceptions.UndefinedError: 'category' is undefined
ERROR 2019-05-05 01:53:33,127 basehttp 124 "GET /list/115/1/ HTTP/1.1" 500 168463
ERROR 2019-05-05 02:44:26,702 exception 135 Internal Server Error: /list/115/1/
Traceback (most recent call last):
  File "/Users/meihao/.virtualenvs/project/lib/python3.6/site-packages/django/core/handlers/exception.py", line 41, in inner
    response = get_response(request)
  File "/Users/meihao/.virtualenvs/project/lib/python3.6/site-packages/django/core/handlers/base.py", line 187, in _get_response
    response = self.process_exception_by_middleware(e, request)
  File "/Users/meihao/.virtualenvs/project/lib/python3.6/site-packages/django/core/handlers/base.py", line 185, in _get_response
    response = wrapped_callback(request, *callback_args, **callback_kwargs)
  File "/Users/meihao/.virtualenvs/project/lib/python3.6/site-packages/django/views/generic/base.py", line 68, in view
    return self.dispatch(request, *args, **kwargs)
  File "/Users/meihao/.virtualenvs/project/lib/python3.6/site-packages/django/views/generic/base.py", line 88, in dispatch
    return handler(request, *args, **kwargs)
  File "/Users/meihao/Desktop/project/meiduo_mall/meiduo_mall/apps/goods/views.py", line 74, in get
    return render(request, 'list.html', context=context)
  File "/Users/meihao/.virtualenvs/project/lib/python3.6/site-packages/django/shortcuts.py", line 30, in render
    content = loader.render_to_string(template_name, context, request, using=using)
  File "/Users/meihao/.virtualenvs/project/lib/python3.6/site-packages/django/template/loader.py", line 68, in render_to_string
    return template.render(context, request)
  File "/Users/meihao/.virtualenvs/project/lib/python3.6/site-packages/django/template/backends/jinja2.py", line 81, in render
    return self.template.render(context)
  File "/Users/meihao/.virtualenvs/project/lib/python3.6/site-packages/jinja2/asyncsupport.py", line 76, in render
    return original_render(self, *args, **kwargs)
  File "/Users/meihao/.virtualenvs/project/lib/python3.6/site-packages/jinja2/environment.py", line 1008, in render
    return self.environment.handle_exception(exc_info, True)
  File "/Users/meihao/.virtualenvs/project/lib/python3.6/site-packages/jinja2/environment.py", line 780, in handle_exception
    reraise(exc_type, exc_value, tb)
  File "/Users/meihao/.virtualenvs/project/lib/python3.6/site-packages/jinja2/_compat.py", line 37, in reraise
    raise value.with_traceback(tb)
  File "/Users/meihao/Desktop/project/meiduo_mall/meiduo_mall/templates/list.html", line 307, in top-level template code
    <a href="{{ url('goods:list', args=(category.id, page_num)) }}?sort=hot"
  File "/Users/meihao/.virtualenvs/project/lib/python3.6/site-packages/jinja2/environment.py", line 430, in getattr
    return getattr(obj, attribute)
jinja2.exceptions.UndefinedError: 'category' is undefined
ERROR 2019-05-05 02:44:29,142 basehttp 124 "GET /list/115/1/ HTTP/1.1" 500 172097
ERROR 2019-05-05 02:44:39,504 exception 135 Internal Server Error: /list/115/1/
Traceback (most recent call last):
  File "/Users/meihao/.virtualenvs/project/lib/python3.6/site-packages/django/core/handlers/exception.py", line 41, in inner
    response = get_response(request)
  File "/Users/meihao/.virtualenvs/project/lib/python3.6/site-packages/django/core/handlers/base.py", line 187, in _get_response
    response = self.process_exception_by_middleware(e, request)
  File "/Users/meihao/.virtualenvs/project/lib/python3.6/site-packages/django/core/handlers/base.py", line 185, in _get_response
    response = wrapped_callback(request, *callback_args, **callback_kwargs)
  File "/Users/meihao/.virtualenvs/project/lib/python3.6/site-packages/django/views/generic/base.py", line 68, in view
    return self.dispatch(request, *args, **kwargs)
  File "/Users/meihao/.virtualenvs/project/lib/python3.6/site-packages/django/views/generic/base.py", line 88, in dispatch
    return handler(request, *args, **kwargs)
  File "/Users/meihao/Desktop/project/meiduo_mall/meiduo_mall/apps/goods/views.py", line 74, in get
    return render(request, 'list.html', context=context)
  File "/Users/meihao/.virtualenvs/project/lib/python3.6/site-packages/django/shortcuts.py", line 30, in render
    content = loader.render_to_string(template_name, context, request, using=using)
  File "/Users/meihao/.virtualenvs/project/lib/python3.6/site-packages/django/template/loader.py", line 68, in render_to_string
    return template.render(context, request)
  File "/Users/meihao/.virtualenvs/project/lib/python3.6/site-packages/django/template/backends/jinja2.py", line 81, in render
    return self.template.render(context)
  File "/Users/meihao/.virtualenvs/project/lib/python3.6/site-packages/jinja2/asyncsupport.py", line 76, in render
    return original_render(self, *args, **kwargs)
  File "/Users/meihao/.virtualenvs/project/lib/python3.6/site-packages/jinja2/environment.py", line 1008, in render
    return self.environment.handle_exception(exc_info, True)
  File "/Users/meihao/.virtualenvs/project/lib/python3.6/site-packages/jinja2/environment.py", line 780, in handle_exception
    reraise(exc_type, exc_value, tb)
  File "/Users/meihao/.virtualenvs/project/lib/python3.6/site-packages/jinja2/_compat.py", line 37, in reraise
    raise value.with_traceback(tb)
  File "/Users/meihao/Desktop/project/meiduo_mall/meiduo_mall/templates/list.html", line 307, in top-level template code
    <a href="{{ url('goods:list', args=(category.id, page_num)) }}?sort=hot"
  File "/Users/meihao/.virtualenvs/project/lib/python3.6/site-packages/jinja2/environment.py", line 430, in getattr
    return getattr(obj, attribute)
jinja2.exceptions.UndefinedError: 'category' is undefined
ERROR 2019-05-05 02:44:42,010 basehttp 124 "GET /list/115/1/ HTTP/1.1" 500 172097
INFO 2019-05-05 02:47:02,230 basehttp 124 "GET /list/115/1/ HTTP/1.1" 200 20293
INFO 2019-05-05 02:47:18,373 basehttp 124 "GET /list/115/2/?sort=default HTTP/1.1" 200 20342
INFO 2019-05-05 02:47:19,631 basehttp 124 "GET /list/115/3/?sort=default HTTP/1.1" 200 19432
INFO 2019-05-05 02:47:24,383 basehttp 124 "GET /list/115/1/?sort=default HTTP/1.1" 200 20293
WARNING 2019-05-05 02:47:37,172 base 152 Not Found: /list/115/1/defail.html
WARNING 2019-05-05 02:47:37,176 basehttp 124 "GET /list/115/1/defail.html HTTP/1.1" 404 5914
INFO 2019-05-05 02:50:00,730 basehttp 124 "GET /list/115/1/?sort=default HTTP/1.1" 200 20319
INFO 2019-05-05 02:50:08,434 basehttp 124 "GET /list/115/1/?sort=price HTTP/1.1" 200 20379
INFO 2019-05-05 02:50:14,575 basehttp 124 "GET /list/115/1/?sort=hot HTTP/1.1" 200 20340
WARNING 2019-05-05 02:51:03,232 base 152 Not Found: /list/115/static/cart.html
WARNING 2019-05-05 02:51:03,235 basehttp 124 "GET /list/115/static/cart.html HTTP/1.1" 404 5923
INFO 2019-05-05 02:51:27,225 basehttp 124 "GET /list/115/2/?sort=hot HTTP/1.1" 200 20340
INFO 2019-05-05 03:07:36,747 basehttp 124 "GET /list/115/2/?sort=hot HTTP/1.1" 200 20209
WARNING 2019-05-05 03:07:36,858 base 152 Not Found: /carts/simple/
WARNING 2019-05-05 03:07:36,861 basehttp 124 "GET /carts/simple/ HTTP/1.1" 404 6068
INFO 2019-05-05 03:08:40,280 basehttp 124 "GET /hot/115/ HTTP/1.1" 200 546
WARNING 2019-05-05 03:10:02,117 base 152 Not Found: /search/
WARNING 2019-05-05 03:10:02,119 basehttp 124 "GET /search/?q=wifi HTTP/1.1" 404 6057
INFO 2019-05-05 04:13:30,631 basehttp 124 "GET /list/115/2/?sort=hot HTTP/1.1" 200 20209
WARNING 2019-05-05 04:13:30,761 base 152 Not Found: /carts/simple/
WARNING 2019-05-05 04:13:30,766 basehttp 124 "GET /carts/simple/ HTTP/1.1" 404 6176
INFO 2019-05-05 04:13:34,232 basehttp 124 "GET /hot/115/ HTTP/1.1" 200 546
INFO 2019-05-05 04:13:41,249 basehttp 124 "GET / HTTP/1.1" 200 124945
WARNING 2019-05-05 04:13:41,496 base 152 Not Found: /carts/simple/
WARNING 2019-05-05 04:13:41,498 basehttp 124 "GET /carts/simple/ HTTP/1.1" 404 6176
ERROR 2019-05-05 04:13:50,594 exception 135 Internal Server Error: /search/
Traceback (most recent call last):
  File "/Users/meihao/.virtualenvs/project/lib/python3.6/site-packages/django/core/handlers/exception.py", line 41, in inner
    response = get_response(request)
  File "/Users/meihao/.virtualenvs/project/lib/python3.6/site-packages/django/core/handlers/base.py", line 187, in _get_response
    response = self.process_exception_by_middleware(e, request)
  File "/Users/meihao/.virtualenvs/project/lib/python3.6/site-packages/django/core/handlers/base.py", line 185, in _get_response
    response = wrapped_callback(request, *callback_args, **callback_kwargs)
  File "/Users/meihao/.virtualenvs/project/lib/python3.6/site-packages/haystack/views.py", line 51, in __call__
    return self.create_response()
  File "/Users/meihao/.virtualenvs/project/lib/python3.6/site-packages/haystack/views.py", line 152, in create_response
    return render(self.request, self.template, context)
  File "/Users/meihao/.virtualenvs/project/lib/python3.6/site-packages/django/shortcuts.py", line 30, in render
    content = loader.render_to_string(template_name, context, request, using=using)
  File "/Users/meihao/.virtualenvs/project/lib/python3.6/site-packages/django/template/loader.py", line 67, in render_to_string
    template = get_template(template_name, using=using)
  File "/Users/meihao/.virtualenvs/project/lib/python3.6/site-packages/django/template/loader.py", line 25, in get_template
    raise TemplateDoesNotExist(template_name, chain=chain)
django.template.exceptions.TemplateDoesNotExist: search/search.html
ERROR 2019-05-05 04:13:50,878 basehttp 124 "GET /search/?q=1 HTTP/1.1" 500 91438
INFO 2019-05-05 04:15:15,165 basehttp 124 "GET /search/?q=1 HTTP/1.1" 200 5178
INFO 2019-05-05 04:17:46,817 basehttp 124 "GET /search/?q=wifi HTTP/1.1" 200 8457
INFO 2019-05-05 04:18:54,501 basehttp 124 "GET /search/?q=wifi HTTP/1.1" 200 6737
INFO 2019-05-05 04:19:10,107 basehttp 124 "GET /search/?q=1 HTTP/1.1" 200 4396
INFO 2019-05-05 04:19:13,935 basehttp 124 "GET /search/?q=2 HTTP/1.1" 200 4399
INFO 2019-05-05 04:19:16,360 basehttp 124 "GET /search/?q=3 HTTP/1.1" 200 4417
INFO 2019-05-05 04:19:38,946 basehttp 124 "GET /search/?q=Apple HTTP/1.1" 200 6611
INFO 2019-05-05 04:19:49,025 basehttp 124 "GET /search/?q=8 HTTP/1.1" 200 6654
WARNING 2019-05-05 04:19:55,268 base 152 Not Found: /detail/8/
WARNING 2019-05-05 04:19:55,272 basehttp 124 "GET /detail/8/ HTTP/1.1" 404 6164
INFO 2019-05-05 04:27:31,079 basehttp 124 "GET / HTTP/1.1" 200 124945
WARNING 2019-05-05 04:27:31,339 base 152 Not Found: /carts/simple/
WARNING 2019-05-05 04:27:31,341 basehttp 124 "GET /carts/simple/ HTTP/1.1" 404 6176
INFO 2019-05-05 04:27:36,806 basehttp 124 "GET /list/115/1/ HTTP/1.1" 200 20188
WARNING 2019-05-05 04:27:36,926 base 152 Not Found: /carts/simple/
WARNING 2019-05-05 04:27:36,928 basehttp 124 "GET /carts/simple/ HTTP/1.1" 404 6176
INFO 2019-05-05 04:27:36,945 basehttp 124 "GET /hot/115/ HTTP/1.1" 200 546
INFO 2019-05-05 04:27:42,633 basehttp 124 "GET /search/?q=wifi HTTP/1.1" 200 6737
INFO 2019-05-06 01:48:50,873 basehttp 124 "GET / HTTP/1.1" 200 124945
WARNING 2019-05-06 01:48:51,364 base 152 Not Found: /carts/simple/
WARNING 2019-05-06 01:48:51,367 basehttp 124 "GET /carts/simple/ HTTP/1.1" 404 6370
INFO 2019-05-06 01:49:06,123 basehttp 124 "GET /list/115/1/ HTTP/1.1" 200 20188
WARNING 2019-05-06 01:49:06,248 base 152 Not Found: /carts/simple/
WARNING 2019-05-06 01:49:06,251 basehttp 124 "GET /carts/simple/ HTTP/1.1" 404 6370
INFO 2019-05-06 01:49:06,266 basehttp 124 "GET /hot/115/ HTTP/1.1" 200 546
WARNING 2019-05-06 01:49:15,211 base 152 Not Found: /list/115/1/detail.html
WARNING 2019-05-06 01:49:15,214 basehttp 124 "GET /list/115/1/detail.html HTTP/1.1" 404 6397
WARNING 2019-05-06 01:50:03,682 basehttp 124 "GET /static/js/axios.min.map HTTP/1.1" 404 1661
INFO 2019-05-06 01:51:41,474 basehttp 124 "GET /list/115/1/ HTTP/1.1" 200 19863
WARNING 2019-05-06 01:51:41,625 base 152 Not Found: /carts/simple/
WARNING 2019-05-06 01:51:41,629 basehttp 124 "GET /carts/simple/ HTTP/1.1" 404 6370
INFO 2019-05-06 01:51:41,645 basehttp 124 "GET /hot/115/ HTTP/1.1" 200 546
INFO 2019-05-06 01:51:50,671 basehttp 124 "GET /detail/3/ HTTP/1.1" 200 19070
WARNING 2019-05-06 01:51:50,820 base 152 Not Found: /detail/static/css/reset.css
WARNING 2019-05-06 01:51:50,929 basehttp 124 "GET /detail/static/css/reset.css HTTP/1.1" 404 6412
WARNING 2019-05-06 01:51:50,945 base 152 Not Found: /detail/static/js/host.js
WARNING 2019-05-06 01:51:50,961 base 152 Not Found: /detail/static/css/main.css
WARNING 2019-05-06 01:51:50,987 base 152 Not Found: /detail/static/js/axios-0.18.0.min.js
WARNING 2019-05-06 01:51:50,989 base 152 Not Found: /detail/static/js/vue-2.5.16.js
WARNING 2019-05-06 01:51:51,020 basehttp 124 "GET /detail/static/css/main.css HTTP/1.1" 404 6409
WARNING 2019-05-06 01:51:51,033 basehttp 124 "GET /detail/static/js/host.js HTTP/1.1" 404 6403
WARNING 2019-05-06 01:51:51,064 base 152 Not Found: /detail/static/js/common.js
WARNING 2019-05-06 01:51:51,070 base 152 Not Found: /detail/static/images/goods/goods001.jpg
WARNING 2019-05-06 01:51:51,073 basehttp 124 "GET /detail/static/js/vue-2.5.16.js HTTP/1.1" 404 6421
WARNING 2019-05-06 01:51:51,074 basehttp 124 "GET /detail/static/js/axios-0.18.0.min.js HTTP/1.1" 404 6439
WARNING 2019-05-06 01:51:51,075 basehttp 124 "GET /detail/static/js/common.js HTTP/1.1" 404 6409
WARNING 2019-05-06 01:51:51,079 basehttp 124 "GET /detail/static/images/goods/goods001.jpg HTTP/1.1" 404 6448
WARNING 2019-05-06 01:51:51,126 base 152 Not Found: /detail/static/js/axios-0.18.0.min.js
WARNING 2019-05-06 01:51:51,147 basehttp 124 "GET /detail/static/js/axios-0.18.0.min.js HTTP/1.1" 404 6439
WARNING 2019-05-06 01:51:51,194 base 152 Not Found: /detail/static/js/detail.js
WARNING 2019-05-06 01:51:51,196 basehttp 124 "GET /detail/static/js/detail.js HTTP/1.1" 404 6409
WARNING 2019-05-06 01:51:51,263 base 152 Not Found: /detail/static/images/goods/goods002.jpg
WARNING 2019-05-06 01:51:51,281 basehttp 124 "GET /detail/static/images/goods/goods002.jpg HTTP/1.1" 404 6448
WARNING 2019-05-06 01:51:51,324 base 152 Not Found: /detail/static/images/cat.jpg
WARNING 2019-05-06 01:51:51,331 base 152 Not Found: /detail/static/js/common.js
WARNING 2019-05-06 01:51:51,334 basehttp 124 "GET /detail/static/images/cat.jpg HTTP/1.1" 404 6415
WARNING 2019-05-06 01:51:51,337 basehttp 124 "GET /detail/static/js/common.js HTTP/1.1" 404 6409
WARNING 2019-05-06 01:51:51,380 base 152 Not Found: /detail/static/js/detail.js
WARNING 2019-05-06 01:51:51,382 basehttp 124 "GET /detail/static/js/detail.js HTTP/1.1" 404 6409
INFO 2019-05-06 01:57:00,864 basehttp 124 "GET /detail/3/ HTTP/1.1" 200 18659
WARNING 2019-05-06 01:57:00,996 base 152 Not Found: /detail/static/images/goods/goods002.jpg
WARNING 2019-05-06 01:57:01,013 base 152 Not Found: /detail/static/images/goods/goods001.jpg
WARNING 2019-05-06 01:57:01,015 basehttp 124 "GET /detail/static/images/goods/goods002.jpg HTTP/1.1" 404 6448
WARNING 2019-05-06 01:57:01,016 basehttp 124 "GET /detail/static/images/goods/goods001.jpg HTTP/1.1" 404 6448
WARNING 2019-05-06 01:57:01,174 base 152 Not Found: /carts/simple/
WARNING 2019-05-06 01:57:01,176 base 152 Not Found: /browse_histories/
WARNING 2019-05-06 01:57:01,170 base 152 Not Found: /detail/visit/115/
WARNING 2019-05-06 01:57:01,184 basehttp 124 "POST /browse_histories/ HTTP/1.1" 404 6383
WARNING 2019-05-06 01:57:01,197 basehttp 124 "GET /carts/simple/ HTTP/1.1" 404 6370
WARNING 2019-05-06 01:57:01,198 base 152 Not Found: /comment/3/
WARNING 2019-05-06 01:57:01,201 basehttp 124 "POST /detail/visit/115/ HTTP/1.1" 404 6383
INFO 2019-05-06 01:57:01,213 basehttp 124 "GET /hot/115/ HTTP/1.1" 200 546
WARNING 2019-05-06 01:57:01,215 basehttp 124 "GET /comment/3/ HTTP/1.1" 404 6361
INFO 2019-05-06 01:57:12,421 basehttp 124 "GET /detail/5/ HTTP/1.1" 200 18665
WARNING 2019-05-06 01:57:12,491 base 152 Not Found: /detail/static/images/goods/goods001.jpg
WARNING 2019-05-06 01:57:12,517 basehttp 124 "GET /detail/static/images/goods/goods001.jpg HTTP/1.1" 404 6448
WARNING 2019-05-06 01:57:12,527 base 152 Not Found: /detail/static/images/goods/goods002.jpg
WARNING 2019-05-06 01:57:12,563 basehttp 124 "GET /detail/static/images/goods/goods002.jpg HTTP/1.1" 404 6448
WARNING 2019-05-06 01:57:12,595 base 152 Not Found: /browse_histories/
WARNING 2019-05-06 01:57:12,608 basehttp 124 "POST /browse_histories/ HTTP/1.1" 404 6383
WARNING 2019-05-06 01:57:12,624 base 152 Not Found: /detail/visit/115/
WARNING 2019-05-06 01:57:12,658 base 152 Not Found: /carts/simple/
WARNING 2019-05-06 01:57:12,696 base 152 Not Found: /comment/5/
WARNING 2019-05-06 01:57:12,697 basehttp 124 "POST /detail/visit/115/ HTTP/1.1" 404 6383
WARNING 2019-05-06 01:57:12,699 basehttp 124 "GET /carts/simple/ HTTP/1.1" 404 6370
WARNING 2019-05-06 01:57:12,700 basehttp 124 "GET /comment/5/ HTTP/1.1" 404 6361
INFO 2019-05-06 01:57:12,713 basehttp 124 "GET /hot/115/ HTTP/1.1" 200 546
INFO 2019-05-06 01:57:14,691 basehttp 124 "GET /detail/6/ HTTP/1.1" 200 18666
WARNING 2019-05-06 01:57:14,780 base 152 Not Found: /detail/static/images/goods/goods001.jpg
WARNING 2019-05-06 01:57:14,793 basehttp 124 "GET /detail/static/images/goods/goods001.jpg HTTP/1.1" 404 6448
WARNING 2019-05-06 01:57:14,829 base 152 Not Found: /detail/static/images/goods/goods002.jpg
WARNING 2019-05-06 01:57:14,854 basehttp 124 "GET /detail/static/images/goods/goods002.jpg HTTP/1.1" 404 6448
WARNING 2019-05-06 01:57:14,913 base 152 Not Found: /browse_histories/
WARNING 2019-05-06 01:57:14,922 base 152 Not Found: /detail/visit/115/
WARNING 2019-05-06 01:57:14,946 basehttp 124 "POST /browse_histories/ HTTP/1.1" 404 6383
WARNING 2019-05-06 01:57:14,958 basehttp 124 "POST /detail/visit/115/ HTTP/1.1" 404 6383
WARNING 2019-05-06 01:57:14,962 base 152 Not Found: /carts/simple/
WARNING 2019-05-06 01:57:14,993 basehttp 124 "GET /carts/simple/ HTTP/1.1" 404 6370
WARNING 2019-05-06 01:57:14,998 base 152 Not Found: /comment/6/
WARNING 2019-05-06 01:57:15,003 basehttp 124 "GET /comment/6/ HTTP/1.1" 404 6361
INFO 2019-05-06 01:57:15,013 basehttp 124 "GET /hot/115/ HTTP/1.1" 200 546
WARNING 2019-05-06 01:59:05,668 base 152 Not Found: /detail/6/user_center_info.html
WARNING 2019-05-06 01:59:05,669 basehttp 124 "GET /detail/6/user_center_info.html HTTP/1.1" 404 6421
WARNING 2019-05-06 01:59:12,932 base 152 Not Found: /detail/static/images/goods/goods001.jpg
WARNING 2019-05-06 01:59:12,934 basehttp 124 "GET /detail/static/images/goods/goods001.jpg HTTP/1.1" 404 6448
WARNING 2019-05-06 01:59:13,010 base 152 Not Found: /browse_histories/
WARNING 2019-05-06 01:59:13,022 base 152 Not Found: /detail/visit/115/
WARNING 2019-05-06 01:59:13,024 basehttp 124 "POST /browse_histories/ HTTP/1.1" 404 6383
WARNING 2019-05-06 01:59:13,025 basehttp 124 "POST /detail/visit/115/ HTTP/1.1" 404 6383
INFO 2019-05-06 02:43:01,099 basehttp 124 "GET /detail/6/ HTTP/1.1" 200 18666
WARNING 2019-05-06 02:43:01,184 base 152 Not Found: /detail/static/images/goods/goods001.jpg
WARNING 2019-05-06 02:43:01,204 base 152 Not Found: /detail/static/images/goods/goods002.jpg
WARNING 2019-05-06 02:43:01,208 basehttp 124 "GET /detail/static/images/goods/goods001.jpg HTTP/1.1" 404 6638
WARNING 2019-05-06 02:43:01,227 basehttp 124 "GET /detail/static/images/goods/goods002.jpg HTTP/1.1" 404 6638
WARNING 2019-05-06 02:43:01,256 base 152 Not Found: /browse_histories/
WARNING 2019-05-06 02:43:01,267 basehttp 124 "POST /browse_histories/ HTTP/1.1" 404 6573
INFO 2019-05-06 02:43:01,291 basehttp 124 "GET /hot/115/ HTTP/1.1" 200 546
WARNING 2019-05-06 02:43:01,475 base 152 Not Found: /carts/simple/
WARNING 2019-05-06 02:43:01,478 base 152 Not Found: /comment/6/
WARNING 2019-05-06 02:43:01,481 basehttp 124 "GET /carts/simple/ HTTP/1.1" 404 6560
WARNING 2019-05-06 02:43:01,483 basehttp 124 "GET /comment/6/ HTTP/1.1" 404 6551
INFO 2019-05-06 02:44:22,309 basehttp 124 "POST /detail/visit/115/ HTTP/1.1" 200 29
INFO 2019-05-06 02:44:43,983 basehttp 124 "GET /detail/6/ HTTP/1.1" 200 18666
WARNING 2019-05-06 02:44:44,060 base 152 Not Found: /detail/static/images/goods/goods001.jpg
WARNING 2019-05-06 02:44:44,073 basehttp 124 "GET /detail/static/images/goods/goods001.jpg HTTP/1.1" 404 6638
WARNING 2019-05-06 02:44:44,095 base 152 Not Found: /detail/static/images/goods/goods002.jpg
WARNING 2019-05-06 02:44:44,102 basehttp 124 "GET /detail/static/images/goods/goods002.jpg HTTP/1.1" 404 6638
WARNING 2019-05-06 02:44:44,148 base 152 Not Found: /browse_histories/
WARNING 2019-05-06 02:44:44,176 basehttp 124 "POST /browse_histories/ HTTP/1.1" 404 6573
WARNING 2019-05-06 02:44:44,202 base 152 Not Found: /comment/6/
WARNING 2019-05-06 02:44:44,224 base 152 Not Found: /carts/simple/
WARNING 2019-05-06 02:44:44,227 basehttp 124 "GET /comment/6/ HTTP/1.1" 404 6551
WARNING 2019-05-06 02:44:44,230 basehttp 124 "GET /carts/simple/ HTTP/1.1" 404 6560
INFO 2019-05-06 02:44:44,248 basehttp 124 "GET /hot/115/ HTTP/1.1" 200 546
INFO 2019-05-06 02:44:46,422 basehttp 124 "POST /detail/visit/115/ HTTP/1.1" 200 29
INFO 2019-05-06 02:45:39,223 basehttp 124 "GET / HTTP/1.1" 200 124945
WARNING 2019-05-06 02:45:39,462 base 152 Not Found: /carts/simple/
WARNING 2019-05-06 02:45:39,465 basehttp 124 "GET /carts/simple/ HTTP/1.1" 404 6560
INFO 2019-05-06 02:45:46,455 basehttp 124 "GET /info/ HTTP/1.1" 200 8348
INFO 2019-05-06 02:45:46,476 basehttp 124 "GET /static/images/goods/goods004.jpg HTTP/1.1" 200 6565
INFO 2019-05-06 02:45:46,493 basehttp 124 "GET /static/images/goods/goods006.jpg HTTP/1.1" 200 6836
INFO 2019-05-06 02:45:46,495 basehttp 124 "GET /static/images/goods/goods007.jpg HTTP/1.1" 200 3936
WARNING 2019-05-06 02:45:46,544 base 152 Not Found: /browse_histories/
WARNING 2019-05-06 02:45:46,547 basehttp 124 "GET /browse_histories/ HTTP/1.1" 404 6572
INFO 2019-05-06 03:23:37,410 basehttp 124 "GET /info/ HTTP/1.1" 200 6324
INFO 2019-05-06 03:23:42,490 basehttp 124 "GET /browse_histories/ HTTP/1.1" 200 284
INFO 2019-05-06 03:24:09,071 basehttp 124 "GET / HTTP/1.1" 200 124945
WARNING 2019-05-06 03:24:09,359 base 152 Not Found: /carts/simple/
WARNING 2019-05-06 03:24:09,363 basehttp 124 "GET /carts/simple/ HTTP/1.1" 404 6727
INFO 2019-05-06 03:24:12,270 basehttp 124 "GET /list/115/1/ HTTP/1.1" 200 19863
WARNING 2019-05-06 03:24:12,380 base 152 Not Found: /carts/simple/
WARNING 2019-05-06 03:24:12,383 basehttp 124 "GET /carts/simple/ HTTP/1.1" 404 6727
INFO 2019-05-06 03:24:12,399 basehttp 124 "GET /hot/115/ HTTP/1.1" 200 546
INFO 2019-05-06 03:24:15,685 basehttp 124 "GET /detail/5/ HTTP/1.1" 200 18665
WARNING 2019-05-06 03:24:15,738 base 152 Not Found: /detail/static/images/goods/goods001.jpg
WARNING 2019-05-06 03:24:15,751 basehttp 124 "GET /detail/static/images/goods/goods001.jpg HTTP/1.1" 404 6805
WARNING 2019-05-06 03:24:15,794 base 152 Not Found: /detail/static/images/goods/goods002.jpg
WARNING 2019-05-06 03:24:15,803 basehttp 124 "GET /detail/static/images/goods/goods002.jpg HTTP/1.1" 404 6805
WARNING 2019-05-06 03:24:15,875 base 152 Not Found: /carts/simple/
WARNING 2019-05-06 03:24:15,891 basehttp 124 "GET /carts/simple/ HTTP/1.1" 404 6727
WARNING 2019-05-06 03:24:15,923 base 152 Not Found: /comment/5/
INFO 2019-05-06 03:24:15,926 basehttp 124 "GET /hot/115/ HTTP/1.1" 200 546
WARNING 2019-05-06 03:24:15,933 basehttp 124 "GET /comment/5/ HTTP/1.1" 404 6718
INFO 2019-05-06 03:24:16,082 basehttp 124 "POST /detail/visit/115/ HTTP/1.1" 200 29
INFO 2019-05-06 03:24:22,812 basehttp 124 "POST /browse_histories/ HTTP/1.1" 200 29
WARNING 2019-05-06 03:24:27,172 base 152 Not Found: /detail/5/user_center_info.html
WARNING 2019-05-06 03:24:27,174 basehttp 124 "GET /detail/5/user_center_info.html HTTP/1.1" 404 6778
WARNING 2019-05-06 03:24:28,507 base 152 Not Found: /detail/static/images/goods/goods002.jpg
WARNING 2019-05-06 03:24:28,509 basehttp 124 "GET /detail/static/images/goods/goods002.jpg HTTP/1.1" 404 6805
INFO 2019-05-06 03:24:28,697 basehttp 124 "POST /detail/visit/115/ HTTP/1.1" 200 29
INFO 2019-05-06 03:24:32,478 basehttp 124 "POST /browse_histories/ HTTP/1.1" 200 29
INFO 2019-05-06 03:24:37,561 basehttp 124 "GET /info/ HTTP/1.1" 200 6324
INFO 2019-05-06 03:24:40,524 basehttp 124 "GET /browse_histories/ HTTP/1.1" 200 541
INFO 2019-05-08 00:49:38,548 basehttp 124 "GET / HTTP/1.1" 200 124945
WARNING 2019-05-08 00:49:39,012 base 152 Not Found: /carts/simple/
WARNING 2019-05-08 00:49:39,015 basehttp 124 "GET /carts/simple/ HTTP/1.1" 404 6727
WARNING 2019-05-08 00:49:39,051 base 152 Not Found: /favicon.ico
WARNING 2019-05-08 00:49:39,052 basehttp 124 "GET /favicon.ico HTTP/1.1" 404 6721
INFO 2019-05-08 00:49:47,652 basehttp 124 "GET /list/115/1/ HTTP/1.1" 200 19863
WARNING 2019-05-08 00:49:47,763 base 152 Not Found: /carts/simple/
WARNING 2019-05-08 00:49:47,765 basehttp 124 "GET /carts/simple/ HTTP/1.1" 404 6727
INFO 2019-05-08 00:49:47,784 basehttp 124 "GET /hot/115/ HTTP/1.1" 200 546
INFO 2019-05-08 00:49:53,440 basehttp 124 "GET /detail/3/ HTTP/1.1" 200 18659
WARNING 2019-05-08 00:49:53,501 base 152 Not Found: /detail/static/images/goods/goods001.jpg
WARNING 2019-05-08 00:49:53,539 base 152 Not Found: /detail/static/images/goods/goods002.jpg
WARNING 2019-05-08 00:49:53,540 basehttp 124 "GET /detail/static/images/goods/goods002.jpg HTTP/1.1" 404 6805
WARNING 2019-05-08 00:49:53,548 basehttp 124 "GET /detail/static/images/goods/goods001.jpg HTTP/1.1" 404 6805
INFO 2019-05-08 00:49:53,563 basehttp 124 "POST /browse_histories/ HTTP/1.1" 200 60
WARNING 2019-05-08 00:49:53,657 base 152 Not Found: /comment/3/
WARNING 2019-05-08 00:49:53,637 base 152 Not Found: /carts/simple/
WARNING 2019-05-08 00:49:53,672 basehttp 124 "GET /comment/3/ HTTP/1.1" 404 6718
WARNING 2019-05-08 00:49:53,680 basehttp 124 "GET /carts/simple/ HTTP/1.1" 404 6727
INFO 2019-05-08 00:49:53,694 basehttp 124 "GET /hot/115/ HTTP/1.1" 200 546
INFO 2019-05-08 00:49:53,837 basehttp 124 "POST /detail/visit/115/ HTTP/1.1" 200 29
INFO 2019-05-08 02:37:05,743 basehttp 124 "GET /detail/3/ HTTP/1.1" 200 18657
WARNING 2019-05-08 02:37:05,819 base 152 Not Found: /detail/static/images/goods/goods001.jpg
WARNING 2019-05-08 02:37:05,834 basehttp 124 "GET /detail/static/images/goods/goods001.jpg HTTP/1.1" 404 6974
WARNING 2019-05-08 02:37:05,930 base 152 Not Found: /detail/static/images/goods/goods002.jpg
WARNING 2019-05-08 02:37:05,933 basehttp 124 "GET /detail/static/images/goods/goods002.jpg HTTP/1.1" 404 6974
INFO 2019-05-08 02:37:06,121 basehttp 124 "POST /browse_histories/ HTTP/1.1" 200 60
WARNING 2019-05-08 02:37:06,393 base 152 Not Found: /detail/static/images/goods/goods001.jpg
WARNING 2019-05-08 02:37:06,403 base 152 Not Found: /carts/simple/
WARNING 2019-05-08 02:37:06,407 basehttp 124 "GET /detail/static/images/goods/goods001.jpg HTTP/1.1" 404 6974
WARNING 2019-05-08 02:37:06,424 basehttp 124 "GET /carts/simple/ HTTP/1.1" 404 6896
WARNING 2019-05-08 02:37:06,441 base 152 Not Found: /comment/3/
WARNING 2019-05-08 02:37:06,444 basehttp 124 "GET /comment/3/ HTTP/1.1" 404 6887
INFO 2019-05-08 02:37:06,475 basehttp 124 "GET /hot/115/ HTTP/1.1" 200 546
INFO 2019-05-08 02:37:06,579 basehttp 124 "POST /detail/visit/115/ HTTP/1.1" 200 29
WARNING 2019-05-08 02:37:10,835 basehttp 124 "GET /static/js/axios.min.map HTTP/1.1" 404 1661
INFO 2019-05-08 02:39:58,019 basehttp 124 "GET /detail/3/ HTTP/1.1" 200 18657
INFO 2019-05-08 02:39:58,088 basehttp 124 "GET /static/css/reset.css HTTP/1.1" 200 638
INFO 2019-05-08 02:39:58,114 basehttp 124 "GET /static/js/host.js HTTP/1.1" 200 75
INFO 2019-05-08 02:39:58,123 basehttp 124 "GET /static/js/axios-0.18.0.min.js HTTP/1.1" 200 12941
INFO 2019-05-08 02:39:58,137 basehttp 124 "GET /static/images/logo02.png HTTP/1.1" 200 8466
INFO 2019-05-08 02:39:58,156 basehttp 124 "GET /static/css/main.css HTTP/1.1" 200 39722
INFO 2019-05-08 02:39:58,221 basehttp 124 "GET /static/js/common.js HTTP/1.1" 200 891
WARNING 2019-05-08 02:39:58,237 base 152 Not Found: /detail/static/images/goods/goods001.jpg
WARNING 2019-05-08 02:39:58,254 basehttp 124 "GET /detail/static/images/goods/goods001.jpg HTTP/1.1" 404 6974
INFO 2019-05-08 02:39:58,268 basehttp 124 "GET /static/js/detail.js HTTP/1.1" 200 15702
INFO 2019-05-08 02:39:58,375 basehttp 124 "GET /static/js/vue-2.5.16.js HTTP/1.1" 200 289307
WARNING 2019-05-08 02:39:58,391 base 152 Not Found: /detail/static/images/goods/goods002.jpg
WARNING 2019-05-08 02:39:58,394 basehttp 124 "GET /detail/static/images/goods/goods002.jpg HTTP/1.1" 404 6974
INFO 2019-05-08 02:39:58,419 basehttp 124 "GET /static/images/goods/goods001.jpg HTTP/1.1" 200 5391
INFO 2019-05-08 02:39:58,423 basehttp 124 "GET /static/images/goods/goods002.jpg HTTP/1.1" 200 5377
INFO 2019-05-08 02:39:58,492 basehttp 124 "GET /static/images/icons.png HTTP/1.1" 200 7740
WARNING 2019-05-08 02:39:58,530 basehttp 124 "GET /static/js/axios.min.map HTTP/1.1" 404 1661
INFO 2019-05-08 02:39:58,536 basehttp 124 "GET /static/images/selected.png HTTP/1.1" 200 1060
INFO 2019-05-08 02:39:58,651 basehttp 124 "POST /browse_histories/ HTTP/1.1" 200 60
WARNING 2019-05-08 02:39:58,858 base 152 Not Found: /detail/static/images/goods/goods002.jpg
WARNING 2019-05-08 02:39:58,860 basehttp 124 "GET /detail/static/images/goods/goods002.jpg HTTP/1.1" 404 6974
WARNING 2019-05-08 02:39:58,884 base 152 Not Found: /detail/static/images/goods/goods001.jpg
WARNING 2019-05-08 02:39:58,940 basehttp 124 "GET /detail/static/images/goods/goods001.jpg HTTP/1.1" 404 6974
WARNING 2019-05-08 02:39:59,000 base 152 Not Found: /comment/3/
WARNING 2019-05-08 02:39:59,017 basehttp 124 "GET /comment/3/ HTTP/1.1" 404 6887
INFO 2019-05-08 02:39:59,042 basehttp 124 "GET /hot/115/ HTTP/1.1" 200 546
WARNING 2019-05-08 02:39:59,053 base 152 Not Found: /carts/simple/
WARNING 2019-05-08 02:39:59,056 basehttp 124 "GET /carts/simple/ HTTP/1.1" 404 6896
INFO 2019-05-08 02:39:59,192 basehttp 124 "POST /detail/visit/115/ HTTP/1.1" 200 29
INFO 2019-05-08 02:42:10,487 basehttp 124 "POST /carts/ HTTP/1.1" 200 29
INFO 2019-05-08 02:44:06,454 basehttp 124 "GET /detail/3/ HTTP/1.1" 200 18657
INFO 2019-05-08 02:44:06,500 basehttp 124 "GET /static/css/reset.css HTTP/1.1" 200 638
INFO 2019-05-08 02:44:06,504 basehttp 124 "GET /static/css/main.css HTTP/1.1" 200 39722
INFO 2019-05-08 02:44:06,514 basehttp 124 "GET /static/js/host.js HTTP/1.1" 200 75
INFO 2019-05-08 02:44:06,545 basehttp 124 "GET /static/js/axios-0.18.0.min.js HTTP/1.1" 200 12941
INFO 2019-05-08 02:44:06,583 basehttp 124 "GET /static/images/logo02.png HTTP/1.1" 200 8466
INFO 2019-05-08 02:44:06,615 basehttp 124 "GET /static/js/common.js HTTP/1.1" 200 891
WARNING 2019-05-08 02:44:06,664 base 152 Not Found: /detail/static/images/goods/goods001.jpg
WARNING 2019-05-08 02:44:06,675 basehttp 124 "GET /detail/static/images/goods/goods001.jpg HTTP/1.1" 404 6974
INFO 2019-05-08 02:44:06,695 basehttp 124 "GET /static/js/detail.js HTTP/1.1" 200 15702
INFO 2019-05-08 02:44:06,728 basehttp 124 "GET /static/js/vue-2.5.16.js HTTP/1.1" 200 289307
INFO 2019-05-08 02:44:06,830 basehttp 124 "GET /static/images/goods/goods001.jpg HTTP/1.1" 200 5391
WARNING 2019-05-08 02:44:06,869 base 152 Not Found: /detail/static/images/goods/goods002.jpg
INFO 2019-05-08 02:44:06,872 basehttp 124 "GET /static/images/goods/goods002.jpg HTTP/1.1" 200 5377
INFO 2019-05-08 02:44:06,900 basehttp 124 "GET /static/images/selected.png HTTP/1.1" 200 1060
INFO 2019-05-08 02:44:06,905 basehttp 124 "GET /static/images/icons.png HTTP/1.1" 200 7740
WARNING 2019-05-08 02:44:06,936 basehttp 124 "GET /detail/static/images/goods/goods002.jpg HTTP/1.1" 404 6974
WARNING 2019-05-08 02:44:06,999 basehttp 124 "GET /static/js/axios.min.map HTTP/1.1" 404 1661
INFO 2019-05-08 02:44:07,017 basehttp 124 "POST /browse_histories/ HTTP/1.1" 200 60
INFO 2019-05-08 02:44:07,336 basehttp 124 "GET /hot/115/ HTTP/1.1" 200 546
WARNING 2019-05-08 02:44:07,376 base 152 Not Found: /comment/3/
WARNING 2019-05-08 02:44:07,392 base 152 Not Found: /carts/simple/
WARNING 2019-05-08 02:44:07,423 base 152 Not Found: /detail/static/images/goods/goods001.jpg
WARNING 2019-05-08 02:44:07,427 basehttp 124 "GET /carts/simple/ HTTP/1.1" 404 6896
WARNING 2019-05-08 02:44:07,430 basehttp 124 "GET /comment/3/ HTTP/1.1" 404 6887
WARNING 2019-05-08 02:44:07,431 basehttp 124 "GET /detail/static/images/goods/goods001.jpg HTTP/1.1" 404 6974
INFO 2019-05-08 02:44:07,518 basehttp 124 "POST /detail/visit/115/ HTTP/1.1" 200 29
INFO 2019-05-08 02:46:37,584 basehttp 124 "POST /carts/ HTTP/1.1" 200 29
WARNING 2019-05-08 02:49:22,559 base 152 Not Found: /detail/static/cart.html
WARNING 2019-05-08 02:49:22,563 basehttp 124 "GET /detail/static/cart.html HTTP/1.1" 404 6926
INFO 2019-05-08 02:49:27,088 basehttp 124 "POST /browse_histories/ HTTP/1.1" 200 60
INFO 2019-05-08 02:49:27,187 basehttp 124 "POST /detail/visit/115/ HTTP/1.1" 200 29
INFO 2019-05-08 02:51:37,715 basehttp 124 "GET /detail/3/ HTTP/1.1" 200 18517
WARNING 2019-05-08 02:51:37,799 base 152 Not Found: /detail/static/images/goods/goods002.jpg
WARNING 2019-05-08 02:51:37,807 basehttp 124 "GET /detail/static/images/goods/goods002.jpg HTTP/1.1" 404 6974
WARNING 2019-05-08 02:51:37,847 base 152 Not Found: /detail/static/images/goods/goods001.jpg
WARNING 2019-05-08 02:51:37,852 basehttp 124 "GET /detail/static/images/goods/goods001.jpg HTTP/1.1" 404 6974
INFO 2019-05-08 02:51:37,855 basehttp 124 "POST /browse_histories/ HTTP/1.1" 200 60
WARNING 2019-05-08 02:51:37,913 base 152 Not Found: /carts/simple/
WARNING 2019-05-08 02:51:37,936 base 152 Not Found: /comment/3/
WARNING 2019-05-08 02:51:37,938 basehttp 124 "GET /carts/simple/ HTTP/1.1" 404 6896
WARNING 2019-05-08 02:51:37,941 basehttp 124 "GET /comment/3/ HTTP/1.1" 404 6887
INFO 2019-05-08 02:51:37,962 basehttp 124 "GET /hot/115/ HTTP/1.1" 200 546
INFO 2019-05-08 02:51:38,069 basehttp 124 "POST /detail/visit/115/ HTTP/1.1" 200 29
WARNING 2019-05-08 02:51:46,891 base 93 Method Not Allowed (GET): /carts/
WARNING 2019-05-08 02:51:46,894 basehttp 124 "GET /carts/ HTTP/1.1" 405 0
INFO 2019-05-08 02:54:09,597 basehttp 124 "GET /carts/ HTTP/1.1" 200 4571
INFO 2019-05-08 03:32:03,696 basehttp 124 "GET /carts/ HTTP/1.1" 200 4571
INFO 2019-05-08 03:32:52,769 basehttp 124 "GET /carts/ HTTP/1.1" 200 4571
INFO 2019-05-08 03:33:38,735 basehttp 124 "GET /carts/ HTTP/1.1" 200 4571
INFO 2019-05-08 03:33:50,948 basehttp 124 "GET /carts/ HTTP/1.1" 200 4571
INFO 2019-05-08 03:52:05,446 basehttp 124 "GET /carts/ HTTP/1.1" 200 4683
INFO 2019-05-08 03:52:22,764 basehttp 124 "GET / HTTP/1.1" 200 124824
WARNING 2019-05-08 03:52:23,124 base 152 Not Found: /carts/simple/
WARNING 2019-05-08 03:52:23,127 basehttp 124 "GET /carts/simple/ HTTP/1.1" 404 6896
INFO 2019-05-08 03:52:31,131 basehttp 124 "GET /list/115/1/ HTTP/1.1" 200 19713
WARNING 2019-05-08 03:52:31,244 base 152 Not Found: /carts/simple/
WARNING 2019-05-08 03:52:31,246 basehttp 124 "GET /carts/simple/ HTTP/1.1" 404 6896
INFO 2019-05-08 03:52:31,261 basehttp 124 "GET /hot/115/ HTTP/1.1" 200 546
INFO 2019-05-08 03:52:49,649 basehttp 124 "GET /detail/3/ HTTP/1.1" 200 18507
WARNING 2019-05-08 03:52:49,712 base 152 Not Found: /detail/static/images/goods/goods001.jpg
WARNING 2019-05-08 03:52:49,743 basehttp 124 "GET /detail/static/images/goods/goods001.jpg HTTP/1.1" 404 6974
WARNING 2019-05-08 03:52:49,748 base 152 Not Found: /detail/static/images/goods/goods002.jpg
WARNING 2019-05-08 03:52:49,750 basehttp 124 "GET /detail/static/images/goods/goods002.jpg HTTP/1.1" 404 6974
INFO 2019-05-08 03:52:49,774 basehttp 124 "POST /browse_histories/ HTTP/1.1" 200 60
WARNING 2019-05-08 03:52:49,870 base 152 Not Found: /comment/3/
WARNING 2019-05-08 03:52:49,874 base 152 Not Found: /carts/simple/
INFO 2019-05-08 03:52:49,882 basehttp 124 "GET /hot/115/ HTTP/1.1" 200 546
WARNING 2019-05-08 03:52:49,883 basehttp 124 "GET /comment/3/ HTTP/1.1" 404 6887
WARNING 2019-05-08 03:52:49,885 basehttp 124 "GET /carts/simple/ HTTP/1.1" 404 6896
INFO 2019-05-08 03:52:49,951 basehttp 124 "POST /detail/visit/115/ HTTP/1.1" 200 29
INFO 2019-05-08 03:52:54,601 basehttp 124 "POST /carts/ HTTP/1.1" 200 29
INFO 2019-05-08 03:53:00,797 basehttp 124 "GET /carts/ HTTP/1.1" 200 4871
INFO 2019-05-08 03:53:24,760 basehttp 124 "GET /carts/ HTTP/1.1" 200 4871
INFO 2019-05-08 03:53:45,774 basehttp 124 "GET / HTTP/1.1" 200 124824
WARNING 2019-05-08 03:53:46,119 base 152 Not Found: /carts/simple/
WARNING 2019-05-08 03:53:46,123 basehttp 124 "GET /carts/simple/ HTTP/1.1" 404 6896
INFO 2019-05-08 03:53:47,899 basehttp 124 "GET /login/ HTTP/1.1" 200 4192
INFO 2019-05-08 03:53:53,321 basehttp 124 "POST /login/ HTTP/1.1" 302 0
INFO 2019-05-08 03:53:54,628 basehttp 124 "GET / HTTP/1.1" 200 124824
WARNING 2019-05-08 03:53:54,868 base 152 Not Found: /carts/simple/
WARNING 2019-05-08 03:53:54,870 basehttp 124 "GET /carts/simple/ HTTP/1.1" 404 6896
INFO 2019-05-08 03:53:58,860 basehttp 124 "GET /list/115/1/ HTTP/1.1" 200 19713
WARNING 2019-05-08 03:53:59,026 base 152 Not Found: /carts/simple/
WARNING 2019-05-08 03:53:59,030 basehttp 124 "GET /carts/simple/ HTTP/1.1" 404 6896
INFO 2019-05-08 03:53:59,049 basehttp 124 "GET /hot/115/ HTTP/1.1" 200 546
INFO 2019-05-08 03:54:07,010 basehttp 124 "GET /detail/5/ HTTP/1.1" 200 18513
WARNING 2019-05-08 03:54:07,107 base 152 Not Found: /detail/static/images/goods/goods001.jpg
WARNING 2019-05-08 03:54:07,128 basehttp 124 "GET /detail/static/images/goods/goods001.jpg HTTP/1.1" 404 6974
WARNING 2019-05-08 03:54:07,129 base 152 Not Found: /detail/static/images/goods/goods002.jpg
WARNING 2019-05-08 03:54:07,153 basehttp 124 "GET /detail/static/images/goods/goods002.jpg HTTP/1.1" 404 6974
WARNING 2019-05-08 03:54:07,259 base 152 Not Found: /carts/simple/
WARNING 2019-05-08 03:54:07,273 basehttp 124 "GET /carts/simple/ HTTP/1.1" 404 6896
WARNING 2019-05-08 03:54:07,290 base 152 Not Found: /comment/5/
WARNING 2019-05-08 03:54:07,300 basehttp 124 "GET /comment/5/ HTTP/1.1" 404 6887
INFO 2019-05-08 03:54:07,320 basehttp 124 "GET /hot/115/ HTTP/1.1" 200 546
INFO 2019-05-08 03:54:07,354 basehttp 124 "POST /browse_histories/ HTTP/1.1" 200 29
INFO 2019-05-08 03:54:07,438 basehttp 124 "POST /detail/visit/115/ HTTP/1.1" 200 29
INFO 2019-05-08 03:54:10,869 basehttp 124 "POST /carts/ HTTP/1.1" 200 69
INFO 2019-05-08 03:54:15,062 basehttp 124 "GET /carts/ HTTP/1.1" 200 5063
INFO 2019-05-08 03:54:56,969 basehttp 124 "GET /carts/ HTTP/1.1" 200 5225
WARNING 2019-05-08 03:55:48,309 base 93 Method Not Allowed (PUT): /carts/
WARNING 2019-05-08 03:55:48,312 basehttp 124 "PUT /carts/ HTTP/1.1" 405 0
WARNING 2019-05-08 03:55:50,492 base 152 Not Found: /carts/selection/
WARNING 2019-05-08 03:55:50,495 basehttp 124 "PUT /carts/selection/ HTTP/1.1" 404 6905
WARNING 2019-05-08 03:55:52,567 base 152 Not Found: /carts/selection/
WARNING 2019-05-08 03:55:52,568 basehttp 124 "PUT /carts/selection/ HTTP/1.1" 404 6905
WARNING 2019-05-08 03:55:52,983 base 152 Not Found: /carts/selection/
WARNING 2019-05-08 03:55:52,984 basehttp 124 "PUT /carts/selection/ HTTP/1.1" 404 6905
WARNING 2019-05-08 03:55:53,486 base 152 Not Found: /carts/selection/
WARNING 2019-05-08 03:55:53,487 basehttp 124 "PUT /carts/selection/ HTTP/1.1" 404 6905
WARNING 2019-05-08 03:55:53,887 base 152 Not Found: /carts/selection/
WARNING 2019-05-08 03:55:53,888 basehttp 124 "PUT /carts/selection/ HTTP/1.1" 404 6905
WARNING 2019-05-08 03:55:54,329 base 152 Not Found: /carts/selection/
WARNING 2019-05-08 03:55:54,331 basehttp 124 "PUT /carts/selection/ HTTP/1.1" 404 6905
WARNING 2019-05-08 03:55:54,699 base 152 Not Found: /carts/selection/
WARNING 2019-05-08 03:55:54,701 basehttp 124 "PUT /carts/selection/ HTTP/1.1" 404 6905
INFO 2019-05-08 04:17:48,956 basehttp 124 "GET /carts/ HTTP/1.1" 200 5225
INFO 2019-05-08 04:19:23,817 basehttp 124 "PUT /carts/ HTTP/1.1" 200 372
INFO 2019-05-09 01:03:26,404 basehttp 124 "GET / HTTP/1.1" 200 124824
WARNING 2019-05-09 01:03:26,914 base 152 Not Found: /carts/simple/
WARNING 2019-05-09 01:03:26,923 basehttp 124 "GET /carts/simple/ HTTP/1.1" 404 6896
WARNING 2019-05-09 01:03:26,956 base 152 Not Found: /favicon.ico
WARNING 2019-05-09 01:03:26,957 basehttp 124 "GET /favicon.ico HTTP/1.1" 404 6890
INFO 2019-05-09 01:03:32,007 basehttp 124 "GET /carts/ HTTP/1.1" 200 4683
INFO 2019-05-09 01:03:41,309 basehttp 124 "GET / HTTP/1.1" 200 124824
WARNING 2019-05-09 01:03:41,664 base 152 Not Found: /carts/simple/
WARNING 2019-05-09 01:03:41,666 basehttp 124 "GET /carts/simple/ HTTP/1.1" 404 6896
INFO 2019-05-09 01:03:44,190 basehttp 124 "GET /list/115/1/ HTTP/1.1" 200 19713
WARNING 2019-05-09 01:03:44,298 base 152 Not Found: /carts/simple/
WARNING 2019-05-09 01:03:44,300 basehttp 124 "GET /carts/simple/ HTTP/1.1" 404 6896
INFO 2019-05-09 01:03:44,315 basehttp 124 "GET /hot/115/ HTTP/1.1" 200 546
INFO 2019-05-09 01:03:46,357 basehttp 124 "GET /detail/3/ HTTP/1.1" 200 18507
WARNING 2019-05-09 01:03:46,425 base 152 Not Found: /detail/static/images/goods/goods001.jpg
WARNING 2019-05-09 01:03:46,488 base 152 Not Found: /detail/static/images/goods/goods002.jpg
WARNING 2019-05-09 01:03:46,489 basehttp 124 "GET /detail/static/images/goods/goods002.jpg HTTP/1.1" 404 6974
INFO 2019-05-09 01:03:46,490 basehttp 124 "POST /browse_histories/ HTTP/1.1" 200 60
WARNING 2019-05-09 01:03:46,492 basehttp 124 "GET /detail/static/images/goods/goods001.jpg HTTP/1.1" 404 6974
WARNING 2019-05-09 01:03:46,558 base 152 Not Found: /carts/simple/
WARNING 2019-05-09 01:03:46,589 basehttp 124 "GET /carts/simple/ HTTP/1.1" 404 6896
WARNING 2019-05-09 01:03:46,612 base 152 Not Found: /comment/3/
WARNING 2019-05-09 01:03:46,618 basehttp 124 "GET /comment/3/ HTTP/1.1" 404 6887
INFO 2019-05-09 01:03:46,629 basehttp 124 "GET /hot/115/ HTTP/1.1" 200 546
INFO 2019-05-09 01:03:46,715 basehttp 124 "POST /detail/visit/115/ HTTP/1.1" 200 29
INFO 2019-05-09 01:03:49,763 basehttp 124 "POST /carts/ HTTP/1.1" 200 29
INFO 2019-05-09 01:03:55,227 basehttp 124 "GET /carts/ HTTP/1.1" 200 4950
INFO 2019-05-09 01:03:55,492 basehttp 124 "GET / HTTP/1.1" 200 124824
INFO 2019-05-09 01:41:13,887 basehttp 124 "GET /carts/ HTTP/1.1" 200 4950
INFO 2019-05-09 01:42:12,312 basehttp 124 "DELETE /carts/ HTTP/1.1" 200 29
INFO 2019-05-09 01:44:15,066 basehttp 124 "GET / HTTP/1.1" 200 124824
WARNING 2019-05-09 01:44:15,282 base 152 Not Found: /carts/simple/
WARNING 2019-05-09 01:44:15,286 basehttp 124 "GET /carts/simple/ HTTP/1.1" 404 6896
INFO 2019-05-09 01:44:18,160 basehttp 124 "GET /list/115/1/ HTTP/1.1" 200 19713
WARNING 2019-05-09 01:44:18,274 base 152 Not Found: /carts/simple/
WARNING 2019-05-09 01:44:18,278 basehttp 124 "GET /carts/simple/ HTTP/1.1" 404 6896
INFO 2019-05-09 01:44:18,297 basehttp 124 "GET /hot/115/ HTTP/1.1" 200 546
INFO 2019-05-09 01:44:20,229 basehttp 124 "GET /detail/5/ HTTP/1.1" 200 18513
WARNING 2019-05-09 01:44:20,321 base 152 Not Found: /detail/static/images/goods/goods002.jpg
WARNING 2019-05-09 01:44:20,328 base 152 Not Found: /detail/static/images/goods/goods001.jpg
WARNING 2019-05-09 01:44:20,339 basehttp 124 "GET /detail/static/images/goods/goods001.jpg HTTP/1.1" 404 6974
INFO 2019-05-09 01:44:20,341 basehttp 124 "POST /browse_histories/ HTTP/1.1" 200 60
WARNING 2019-05-09 01:44:20,351 basehttp 124 "GET /detail/static/images/goods/goods002.jpg HTTP/1.1" 404 6974
WARNING 2019-05-09 01:44:20,431 base 152 Not Found: /comment/5/
WARNING 2019-05-09 01:44:20,435 base 152 Not Found: /carts/simple/
WARNING 2019-05-09 01:44:20,437 basehttp 124 "GET /comment/5/ HTTP/1.1" 404 6887
WARNING 2019-05-09 01:44:20,444 basehttp 124 "GET /carts/simple/ HTTP/1.1" 404 6896
INFO 2019-05-09 01:44:20,453 basehttp 124 "GET /hot/115/ HTTP/1.1" 200 546
INFO 2019-05-09 01:44:20,584 basehttp 124 "POST /detail/visit/115/ HTTP/1.1" 200 29
INFO 2019-05-09 01:44:22,928 basehttp 124 "POST /carts/ HTTP/1.1" 200 29
INFO 2019-05-09 01:44:28,091 basehttp 124 "GET /carts/ HTTP/1.1" 200 4956
WARNING 2019-05-09 01:44:45,104 base 152 Not Found: /carts/selection/
WARNING 2019-05-09 01:44:45,106 basehttp 124 "PUT /carts/selection/ HTTP/1.1" 404 6905
WARNING 2019-05-09 01:44:54,039 base 152 Not Found: /carts/selection/
WARNING 2019-05-09 01:44:54,040 basehttp 124 "PUT /carts/selection/ HTTP/1.1" 404 6905
WARNING 2019-05-09 01:44:54,528 base 152 Not Found: /carts/selection/
WARNING 2019-05-09 01:44:54,530 basehttp 124 "PUT /carts/selection/ HTTP/1.1" 404 6905
INFO 2019-05-09 02:09:34,086 basehttp 124 "GET /carts/ HTTP/1.1" 200 4956
INFO 2019-05-09 02:09:40,164 basehttp 124 "PUT /carts/selection/ HTTP/1.1" 200 51
INFO 2019-05-09 02:09:46,043 basehttp 124 "PUT /carts/selection/ HTTP/1.1" 200 51
INFO 2019-05-09 02:09:52,798 basehttp 124 "PUT /carts/selection/ HTTP/1.1" 200 51
INFO 2019-05-09 02:09:53,442 basehttp 124 "PUT /carts/selection/ HTTP/1.1" 200 51
INFO 2019-05-09 02:09:54,002 basehttp 124 "PUT /carts/selection/ HTTP/1.1" 200 51
INFO 2019-05-09 02:09:54,462 basehttp 124 "PUT /carts/selection/ HTTP/1.1" 200 51
INFO 2019-05-09 03:07:24,818 basehttp 124 "GET / HTTP/1.1" 200 124824
WARNING 2019-05-09 03:07:25,054 base 152 Not Found: /carts/simple/
WARNING 2019-05-09 03:07:25,072 basehttp 124 "GET /carts/simple/ HTTP/1.1" 404 7062
INFO 2019-05-09 03:07:27,576 basehttp 124 "GET /logout/ HTTP/1.1" 302 0
INFO 2019-05-09 03:07:28,693 basehttp 124 "GET / HTTP/1.1" 200 124824
WARNING 2019-05-09 03:07:28,898 base 152 Not Found: /carts/simple/
WARNING 2019-05-09 03:07:28,900 basehttp 124 "GET /carts/simple/ HTTP/1.1" 404 7062
INFO 2019-05-09 03:07:35,387 basehttp 124 "GET /list/115/1/ HTTP/1.1" 200 19713
WARNING 2019-05-09 03:07:35,535 base 152 Not Found: /carts/simple/
WARNING 2019-05-09 03:07:35,538 basehttp 124 "GET /carts/simple/ HTTP/1.1" 404 7062
INFO 2019-05-09 03:07:35,554 basehttp 124 "GET /hot/115/ HTTP/1.1" 200 546
INFO 2019-05-09 03:07:38,233 basehttp 124 "GET /detail/3/ HTTP/1.1" 200 18507
WARNING 2019-05-09 03:07:38,301 base 152 Not Found: /detail/static/images/goods/goods001.jpg
WARNING 2019-05-09 03:07:38,320 basehttp 124 "GET /detail/static/images/goods/goods001.jpg HTTP/1.1" 404 7140
WARNING 2019-05-09 03:07:38,347 base 152 Not Found: /detail/static/images/goods/goods002.jpg
WARNING 2019-05-09 03:07:38,360 basehttp 124 "GET /detail/static/images/goods/goods002.jpg HTTP/1.1" 404 7140
INFO 2019-05-09 03:07:38,363 basehttp 124 "POST /browse_histories/ HTTP/1.1" 200 60
WARNING 2019-05-09 03:07:38,444 base 152 Not Found: /carts/simple/
WARNING 2019-05-09 03:07:38,492 basehttp 124 "GET /carts/simple/ HTTP/1.1" 404 7062
INFO 2019-05-09 03:07:38,522 basehttp 124 "GET /hot/115/ HTTP/1.1" 200 546
WARNING 2019-05-09 03:07:38,616 base 152 Not Found: /comment/3/
WARNING 2019-05-09 03:07:38,619 basehttp 124 "GET /comment/3/ HTTP/1.1" 404 7053
INFO 2019-05-09 03:07:38,704 basehttp 124 "POST /detail/visit/115/ HTTP/1.1" 200 29
INFO 2019-05-09 03:07:40,867 basehttp 124 "POST /carts/ HTTP/1.1" 200 29
INFO 2019-05-09 03:07:47,263 basehttp 124 "GET /carts/ HTTP/1.1" 200 5225
INFO 2019-05-09 03:07:52,201 basehttp 124 "DELETE /carts/ HTTP/1.1" 200 29
WARNING 2019-05-09 03:08:06,422 base 152 Not Found: /carts/login.html
WARNING 2019-05-09 03:08:06,424 basehttp 124 "GET /carts/login.html HTTP/1.1" 404 7071
INFO 2019-05-09 03:08:07,720 basehttp 124 "GET /carts/ HTTP/1.1" 200 4950
INFO 2019-05-09 03:08:11,533 basehttp 124 "GET /login/ HTTP/1.1" 200 4192
ERROR 2019-05-09 03:08:18,234 exception 135 Internal Server Error: /login/
Traceback (most recent call last):
  File "/Users/meihao/.virtualenvs/project/lib/python3.6/site-packages/django_redis/cache.py", line 32, in _decorator
    return method(self, *args, **kwargs)
  File "/Users/meihao/.virtualenvs/project/lib/python3.6/site-packages/django_redis/cache.py", line 124, in has_key
    return self.client.has_key(*args, **kwargs)
  File "/Users/meihao/.virtualenvs/project/lib/python3.6/site-packages/django_redis/client/default.py", line 478, in has_key
    raise ConnectionInterrupted(connection=client, parent=e)
django_redis.exceptions.ConnectionInterrupted: Redis ConnectionError: Error 61 connecting to 127.0.0.1:6379. Connection refused.

During handling of the above exception, another exception occurred:

Traceback (most recent call last):
  File "/Users/meihao/.virtualenvs/project/lib/python3.6/site-packages/django/core/handlers/exception.py", line 41, in inner
    response = get_response(request)
  File "/Users/meihao/.virtualenvs/project/lib/python3.6/site-packages/django/core/handlers/base.py", line 187, in _get_response
    response = self.process_exception_by_middleware(e, request)
  File "/Users/meihao/.virtualenvs/project/lib/python3.6/site-packages/django/core/handlers/base.py", line 185, in _get_response
    response = wrapped_callback(request, *callback_args, **callback_kwargs)
  File "/Users/meihao/.virtualenvs/project/lib/python3.6/site-packages/django/views/generic/base.py", line 68, in view
    return self.dispatch(request, *args, **kwargs)
  File "/Users/meihao/.virtualenvs/project/lib/python3.6/site-packages/django/views/generic/base.py", line 88, in dispatch
    return handler(request, *args, **kwargs)
  File "/Users/meihao/Desktop/project/meiduo_mall/meiduo_mall/apps/users/views.py", line 563, in post
    login(request, user)
  File "/Users/meihao/.virtualenvs/project/lib/python3.6/site-packages/django/contrib/auth/__init__.py", line 140, in login
    request.session.cycle_key()
  File "/Users/meihao/.virtualenvs/project/lib/python3.6/site-packages/django/contrib/sessions/backends/base.py", line 311, in cycle_key
    self.create()
  File "/Users/meihao/.virtualenvs/project/lib/python3.6/site-packages/django/contrib/sessions/backends/cache.py", line 44, in create
    self._session_key = self._get_new_session_key()
  File "/Users/meihao/.virtualenvs/project/lib/python3.6/site-packages/django/contrib/sessions/backends/base.py", line 164, in _get_new_session_key
    if not self.exists(session_key):
  File "/Users/meihao/.virtualenvs/project/lib/python3.6/site-packages/django/contrib/sessions/backends/cache.py", line 71, in exists
    return session_key and (self.cache_key_prefix + session_key) in self._cache
  File "/Users/meihao/.virtualenvs/project/lib/python3.6/site-packages/django/core/cache/backends/base.py", line 203, in __contains__
    return self.has_key(key)
  File "/Users/meihao/.virtualenvs/project/lib/python3.6/site-packages/django_redis/cache.py", line 39, in _decorator
    raise e.parent
  File "/Users/meihao/.virtualenvs/project/lib/python3.6/site-packages/django_redis/client/default.py", line 476, in has_key
    return client.exists(key) == 1
  File "/Users/meihao/.virtualenvs/project/lib/python3.6/site-packages/redis/client.py", line 1239, in exists
    return self.execute_command('EXISTS', *names)
  File "/Users/meihao/.virtualenvs/project/lib/python3.6/site-packages/redis/client.py", line 772, in execute_command
    connection = pool.get_connection(command_name, **options)
  File "/Users/meihao/.virtualenvs/project/lib/python3.6/site-packages/redis/connection.py", line 994, in get_connection
    connection.connect()
  File "/Users/meihao/.virtualenvs/project/lib/python3.6/site-packages/redis/connection.py", line 497, in connect
    raise ConnectionError(self._error_message(e))
redis.exceptions.ConnectionError: Error 61 connecting to 127.0.0.1:6379. Connection refused.
ERROR 2019-05-09 03:08:18,725 basehttp 124 "POST /login/ HTTP/1.1" 500 143579
INFO 2019-05-09 03:08:37,816 basehttp 124 "POST /login/ HTTP/1.1" 302 0
INFO 2019-05-09 03:08:39,043 basehttp 124 "GET / HTTP/1.1" 200 124824
WARNING 2019-05-09 03:08:39,350 base 152 Not Found: /carts/simple/
WARNING 2019-05-09 03:08:39,351 basehttp 124 "GET /carts/simple/ HTTP/1.1" 404 7062
INFO 2019-05-09 03:09:20,643 basehttp 124 "GET /logout/ HTTP/1.1" 302 0
INFO 2019-05-09 03:09:21,752 basehttp 124 "GET / HTTP/1.1" 200 124824
WARNING 2019-05-09 03:09:21,981 base 152 Not Found: /carts/simple/
WARNING 2019-05-09 03:09:21,983 basehttp 124 "GET /carts/simple/ HTTP/1.1" 404 7062
INFO 2019-05-09 03:09:25,030 basehttp 124 "GET /carts/ HTTP/1.1" 200 4683
INFO 2019-05-09 03:09:38,103 basehttp 124 "GET /login/ HTTP/1.1" 200 4192
INFO 2019-05-09 03:09:44,780 basehttp 124 "POST /login/ HTTP/1.1" 302 0
INFO 2019-05-09 03:09:45,985 basehttp 124 "GET / HTTP/1.1" 200 124824
WARNING 2019-05-09 03:09:46,238 base 152 Not Found: /carts/simple/
WARNING 2019-05-09 03:09:46,240 basehttp 124 "GET /carts/simple/ HTTP/1.1" 404 7062
INFO 2019-05-09 03:09:48,787 basehttp 124 "GET /carts/ HTTP/1.1" 200 4950
INFO 2019-05-09 03:10:44,139 basehttp 124 "GET / HTTP/1.1" 200 124824
WARNING 2019-05-09 03:10:44,361 base 152 Not Found: /carts/simple/
WARNING 2019-05-09 03:10:44,364 basehttp 124 "GET /carts/simple/ HTTP/1.1" 404 7062
WARNING 2019-05-09 03:11:32,800 base 152 Not Found: /cart.html
WARNING 2019-05-09 03:11:32,802 basehttp 124 "GET /cart.html HTTP/1.1" 404 7050
INFO 2019-05-09 03:31:33,301 basehttp 124 "GET / HTTP/1.1" 200 124498
INFO 2019-05-09 03:31:33,500 basehttp 124 "GET /carts/simple/ HTTP/1.1" 200 283
INFO 2019-05-09 03:31:34,944 basehttp 124 "GET /carts/simple/ HTTP/1.1" 200 283
INFO 2019-05-09 03:31:44,777 basehttp 124 "GET /carts/simple/ HTTP/1.1" 200 283
INFO 2019-05-09 03:31:49,534 basehttp 124 "GET /list/115/1/ HTTP/1.1" 200 19392
INFO 2019-05-09 03:31:49,673 basehttp 124 "GET /carts/simple/ HTTP/1.1" 200 283
INFO 2019-05-09 03:31:49,682 basehttp 124 "GET /hot/115/ HTTP/1.1" 200 546
INFO 2019-05-09 03:31:50,901 basehttp 124 "GET /carts/simple/ HTTP/1.1" 200 283
INFO 2019-05-09 03:31:52,725 basehttp 124 "GET /carts/simple/ HTTP/1.1" 200 283
INFO 2019-05-09 03:31:55,107 basehttp 124 "GET /carts/ HTTP/1.1" 200 4950
INFO 2019-05-09 03:31:58,806 basehttp 124 "PUT /carts/ HTTP/1.1" 200 360
INFO 2019-05-09 03:32:04,901 basehttp 124 "GET / HTTP/1.1" 200 124498
INFO 2019-05-09 03:32:05,224 basehttp 124 "GET /carts/simple/ HTTP/1.1" 200 283
INFO 2019-05-09 03:32:06,159 basehttp 124 "GET /carts/simple/ HTTP/1.1" 200 283
INFO 2019-05-09 03:32:10,732 basehttp 124 "GET /carts/simple/ HTTP/1.1" 200 283
INFO 2019-05-09 03:32:11,033 basehttp 124 "GET / HTTP/1.1" 200 124498
INFO 2019-05-09 03:32:11,204 basehttp 124 "GET /carts/simple/ HTTP/1.1" 200 283
INFO 2019-05-09 03:32:11,514 basehttp 124 "GET /carts/simple/ HTTP/1.1" 200 283
INFO 2019-05-09 03:32:13,906 basehttp 124 "GET /carts/simple/ HTTP/1.1" 200 283
INFO 2019-05-09 03:32:14,015 basehttp 124 "GET / HTTP/1.1" 200 124498
INFO 2019-05-09 03:32:14,594 basehttp 124 "GET / HTTP/1.1" 200 124498
INFO 2019-05-09 03:32:14,793 basehttp 124 "GET /carts/simple/ HTTP/1.1" 200 283
INFO 2019-05-09 03:32:15,583 basehttp 124 "GET /carts/simple/ HTTP/1.1" 200 283
INFO 2019-05-09 03:32:19,344 basehttp 124 "GET /carts/simple/ HTTP/1.1" 200 283
INFO 2019-05-09 03:34:00,431 basehttp 124 "GET / HTTP/1.1" 200 124498
INFO 2019-05-09 03:34:00,878 basehttp 124 "GET /carts/simple/ HTTP/1.1" 200 283
INFO 2019-05-09 03:34:06,481 basehttp 124 "GET /carts/simple/ HTTP/1.1" 200 283
INFO 2019-05-09 03:34:09,043 basehttp 124 "GET /carts/ HTTP/1.1" 200 4950
INFO 2019-05-09 03:34:11,565 basehttp 124 "PUT /carts/ HTTP/1.1" 200 360
INFO 2019-05-09 03:34:14,527 basehttp 124 "GET /carts/ HTTP/1.1" 200 4950
INFO 2019-05-09 03:34:16,462 basehttp 124 "PUT /carts/ HTTP/1.1" 200 360
INFO 2019-05-09 03:34:29,819 basehttp 124 "GET /carts/ HTTP/1.1" 200 4950
INFO 2019-05-09 03:35:09,472 basehttp 124 "PUT /carts/ HTTP/1.1" 200 360
WARNING 2019-05-09 03:35:20,151 base 152 Not Found: /carts/cart.html
WARNING 2019-05-09 03:35:20,156 basehttp 124 "GET /carts/cart.html HTTP/1.1" 404 7231
INFO 2019-05-09 03:35:22,224 basehttp 124 "GET /carts/ HTTP/1.1" 200 4950
INFO 2019-05-09 03:36:01,933 basehttp 124 "PUT /carts/ HTTP/1.1" 200 360
INFO 2019-05-09 03:38:14,631 basehttp 124 "GET /carts/ HTTP/1.1" 200 4683
INFO 2019-05-09 03:38:21,693 basehttp 124 "GET / HTTP/1.1" 200 124498
INFO 2019-05-09 03:38:21,959 basehttp 124 "GET /carts/simple/ HTTP/1.1" 200 46
INFO 2019-05-09 03:38:25,006 basehttp 124 "GET /list/115/1/ HTTP/1.1" 200 19392
INFO 2019-05-09 03:38:25,107 basehttp 124 "GET /carts/simple/ HTTP/1.1" 200 46
INFO 2019-05-09 03:38:25,120 basehttp 124 "GET /hot/115/ HTTP/1.1" 200 546
INFO 2019-05-09 03:38:26,988 basehttp 124 "GET /detail/5/ HTTP/1.1" 200 18657
INFO 2019-05-09 03:38:27,070 basehttp 124 "POST /browse_histories/ HTTP/1.1" 200 60
WARNING 2019-05-09 03:38:27,133 base 152 Not Found: /comment/5/
WARNING 2019-05-09 03:38:27,140 basehttp 124 "GET /comment/5/ HTTP/1.1" 404 7216
INFO 2019-05-09 03:38:27,150 basehttp 124 "GET /carts/simple/ HTTP/1.1" 200 46
INFO 2019-05-09 03:38:27,159 basehttp 124 "GET /hot/115/ HTTP/1.1" 200 546
INFO 2019-05-09 03:38:27,307 basehttp 124 "POST /detail/visit/115/ HTTP/1.1" 200 29
INFO 2019-05-09 03:38:30,018 basehttp 124 "POST /carts/ HTTP/1.1" 200 29
INFO 2019-05-09 03:38:32,068 basehttp 124 "GET /carts/simple/ HTTP/1.1" 200 295
INFO 2019-05-09 03:38:33,340 basehttp 124 "GET /carts/ HTTP/1.1" 200 4956
INFO 2019-05-09 03:38:35,454 basehttp 124 "GET /carts/ HTTP/1.1" 200 4956
INFO 2019-05-09 03:38:39,065 basehttp 124 "PUT /carts/ HTTP/1.1" 200 372
INFO 2019-05-09 03:38:40,849 basehttp 124 "GET /carts/ HTTP/1.1" 200 4956
INFO 2019-05-09 03:38:41,800 basehttp 124 "GET /carts/ HTTP/1.1" 200 4956
INFO 2019-05-09 03:38:42,181 basehttp 124 "GET /carts/ HTTP/1.1" 200 4956
INFO 2019-05-09 03:38:42,405 basehttp 124 "GET /carts/ HTTP/1.1" 200 4956
INFO 2019-05-09 03:39:15,196 basehttp 124 "GET / HTTP/1.1" 200 124498
INFO 2019-05-09 03:39:15,383 basehttp 124 "GET /carts/simple/ HTTP/1.1" 200 295
INFO 2019-05-09 03:39:16,763 basehttp 124 "GET /logout/ HTTP/1.1" 302 0
INFO 2019-05-09 03:39:17,791 basehttp 124 "GET / HTTP/1.1" 200 124498
INFO 2019-05-09 03:39:17,968 basehttp 124 "GET /carts/simple/ HTTP/1.1" 200 295
INFO 2019-05-09 03:39:18,842 basehttp 124 "GET /login/ HTTP/1.1" 200 4192
INFO 2019-05-09 03:39:23,729 basehttp 124 "POST /login/ HTTP/1.1" 302 0
INFO 2019-05-09 03:39:24,806 basehttp 124 "GET / HTTP/1.1" 200 124498
INFO 2019-05-09 03:39:25,010 basehttp 124 "GET /carts/simple/ HTTP/1.1" 200 295
INFO 2019-05-09 03:39:27,686 basehttp 124 "GET /carts/simple/ HTTP/1.1" 200 295
INFO 2019-05-09 03:39:30,021 basehttp 124 "GET /carts/ HTTP/1.1" 200 4956
INFO 2019-05-09 03:39:33,145 basehttp 124 "PUT /carts/ HTTP/1.1" 200 372
INFO 2019-05-09 03:39:34,908 basehttp 124 "GET /carts/ HTTP/1.1" 200 4956
INFO 2019-05-09 03:40:45,246 basehttp 124 "GET /carts/ HTTP/1.1" 200 4956
INFO 2019-05-09 03:40:48,320 basehttp 124 "PUT /carts/ HTTP/1.1" 200 372
INFO 2019-05-09 03:40:49,749 basehttp 124 "GET /carts/ HTTP/1.1" 200 4956
INFO 2019-05-09 03:40:50,276 basehttp 124 "GET /carts/ HTTP/1.1" 200 4956
INFO 2019-05-09 03:40:50,438 basehttp 124 "GET /carts/ HTTP/1.1" 200 4956
INFO 2019-05-09 03:40:50,608 basehttp 124 "GET /carts/ HTTP/1.1" 200 4956
INFO 2019-05-09 03:40:50,726 basehttp 124 "GET /carts/ HTTP/1.1" 200 4956
INFO 2019-05-09 03:40:58,373 basehttp 124 "GET / HTTP/1.1" 200 124498
INFO 2019-05-09 03:40:58,592 basehttp 124 "GET /carts/simple/ HTTP/1.1" 200 295
INFO 2019-05-09 03:40:59,345 basehttp 124 "GET /carts/simple/ HTTP/1.1" 200 295
INFO 2019-05-09 03:48:15,695 basehttp 124 "GET /carts/simple/ HTTP/1.1" 200 295
INFO 2019-05-09 03:48:18,905 basehttp 124 "GET /carts/ HTTP/1.1" 200 4956
INFO 2019-05-09 03:48:24,934 basehttp 124 "PUT /carts/ HTTP/1.1" 200 372
INFO 2019-05-09 03:48:32,480 basehttp 124 "GET / HTTP/1.1" 200 124498
INFO 2019-05-09 03:48:32,690 basehttp 124 "GET /carts/simple/ HTTP/1.1" 200 295
INFO 2019-05-09 03:48:33,429 basehttp 124 "GET /carts/simple/ HTTP/1.1" 200 295
INFO 2019-05-09 03:48:40,695 basehttp 124 "GET /carts/simple/ HTTP/1.1" 200 295
INFO 2019-05-09 03:48:41,607 basehttp 124 "GET /carts/ HTTP/1.1" 200 4956
INFO 2019-05-09 03:49:18,810 basehttp 124 "GET /carts/ HTTP/1.1" 200 4956
INFO 2019-05-09 03:49:23,362 basehttp 124 "PUT /carts/ HTTP/1.1" 200 372
INFO 2019-05-09 03:49:25,620 basehttp 124 "PUT /carts/ HTTP/1.1" 200 372
INFO 2019-05-09 03:49:31,393 basehttp 124 "GET /carts/ HTTP/1.1" 200 4956
INFO 2019-05-09 03:49:33,093 basehttp 124 "PUT /carts/ HTTP/1.1" 200 372
INFO 2019-05-09 03:49:35,124 basehttp 124 "GET /carts/ HTTP/1.1" 200 4956
INFO 2019-05-09 03:49:38,138 basehttp 124 "PUT /carts/ HTTP/1.1" 200 372
INFO 2019-05-09 03:49:38,220 basehttp 124 "PUT /carts/ HTTP/1.1" 200 372
INFO 2019-05-09 03:49:38,423 basehttp 124 "PUT /carts/ HTTP/1.1" 200 372
INFO 2019-05-09 03:49:38,609 basehttp 124 "PUT /carts/ HTTP/1.1" 200 372
WARNING 2019-05-09 04:23:50,522 base 152 Not Found: /carts/place_order.html
WARNING 2019-05-09 04:23:50,535 base 152 Not Found: /carts/place_order.html
WARNING 2019-05-09 04:23:50,541 basehttp 124 "GET /carts/place_order.html HTTP/1.1" 404 7439
WARNING 2019-05-09 04:23:50,542 basehttp 124 "GET /carts/place_order.html HTTP/1.1" 404 7439
INFO 2019-05-09 04:23:52,538 basehttp 124 "GET /carts/ HTTP/1.1" 200 4956
WARNING 2019-05-09 04:23:53,727 base 152 Not Found: /carts/place_order.html
WARNING 2019-05-09 04:23:53,729 basehttp 124 "GET /carts/place_order.html HTTP/1.1" 404 7439
INFO 2019-05-09 04:24:06,449 basehttp 124 "GET /info/ HTTP/1.1" 200 6100
INFO 2019-05-09 04:24:07,401 basehttp 124 "GET /browse_histories/ HTTP/1.1" 200 41
INFO 2019-05-09 04:24:12,166 basehttp 124 "GET /static/user_center_order.html HTTP/1.1" 200 5918
WARNING 2019-05-09 04:25:45,041 base 152 Not Found: /templates/cart.html
WARNING 2019-05-09 04:25:45,043 basehttp 124 "GET /templates/cart.html HTTP/1.1" 404 7430
INFO 2019-05-09 04:26:23,266 basehttp 124 "GET / HTTP/1.1" 200 124498
INFO 2019-05-09 04:26:23,593 basehttp 124 "GET /carts/simple/ HTTP/1.1" 200 295
INFO 2019-05-09 04:26:25,341 basehttp 124 "GET /carts/ HTTP/1.1" 200 5067
INFO 2019-05-09 04:26:28,858 basehttp 124 "GET /orders/settlement/ HTTP/1.1" 200 6377
INFO 2019-05-09 04:27:09,355 basehttp 124 "GET /addresses/ HTTP/1.1" 200 11090
INFO 2019-05-09 04:27:09,370 basehttp 124 "GET /static/js/user_center_site.js HTTP/1.1" 200 27011
INFO 2019-05-09 04:27:09,388 basehttp 124 "GET /static/images/edit.png HTTP/1.1" 200 1244
INFO 2019-05-09 04:27:09,458 basehttp 124 "GET /areas/ HTTP/1.1" 200 1774
INFO 2019-05-09 04:27:15,939 basehttp 124 "DELETE /addresses/3/ HTTP/1.1" 200 29
INFO 2019-05-09 04:27:20,966 basehttp 124 "GET /carts/ HTTP/1.1" 200 5067
INFO 2019-05-09 04:27:22,758 basehttp 124 "GET /orders/settlement/ HTTP/1.1" 200 6116
INFO 2019-05-11 03:26:11,951 basehttp 124 "GET / HTTP/1.1" 200 124498
INFO 2019-05-11 03:26:12,416 basehttp 124 "GET /carts/simple/ HTTP/1.1" 200 46
INFO 2019-05-11 03:26:16,908 basehttp 124 "GET /list/115/1/ HTTP/1.1" 200 19392
INFO 2019-05-11 03:26:17,022 basehttp 124 "GET /hot/115/ HTTP/1.1" 200 571
INFO 2019-05-11 03:26:17,025 basehttp 124 "GET /carts/simple/ HTTP/1.1" 200 46
INFO 2019-05-11 03:26:18,977 basehttp 124 "GET /detail/3/ HTTP/1.1" 200 18651
WARNING 2019-05-11 03:26:19,139 base 152 Not Found: /comment/3/
WARNING 2019-05-11 03:26:19,143 basehttp 124 "GET /comment/3/ HTTP/1.1" 404 7732
INFO 2019-05-11 03:26:19,171 basehttp 124 "GET /hot/115/ HTTP/1.1" 200 571
INFO 2019-05-11 03:26:19,277 basehttp 124 "POST /browse_histories/ HTTP/1.1" 200 29
INFO 2019-05-11 03:26:19,290 basehttp 124 "GET /carts/simple/ HTTP/1.1" 200 46
INFO 2019-05-11 03:26:19,383 basehttp 124 "POST /detail/visit/115/ HTTP/1.1" 200 29
INFO 2019-05-11 03:26:20,329 basehttp 124 "POST /carts/ HTTP/1.1" 200 69
INFO 2019-05-11 03:26:22,584 basehttp 124 "GET /carts/simple/ HTTP/1.1" 200 283
INFO 2019-05-11 03:26:23,972 basehttp 124 "GET /carts/ HTTP/1.1" 200 5060
INFO 2019-05-11 03:26:27,155 basehttp 124 "GET /orders/settlement/ HTTP/1.1" 200 5564
ERROR 2019-05-11 03:26:43,722 exception 135 Internal Server Error: /orders/commit/
Traceback (most recent call last):
  File "/Users/meihao/.virtualenvs/project/lib/python3.6/site-packages/django/core/handlers/exception.py", line 41, in inner
    response = get_response(request)
  File "/Users/meihao/.virtualenvs/project/lib/python3.6/site-packages/django/core/handlers/base.py", line 187, in _get_response
    response = self.process_exception_by_middleware(e, request)
  File "/Users/meihao/.virtualenvs/project/lib/python3.6/site-packages/django/core/handlers/base.py", line 185, in _get_response
    response = wrapped_callback(request, *callback_args, **callback_kwargs)
  File "/Users/meihao/Desktop/project/meiduo_mall/meiduo_mall/utils/views.py", line 29, in wrapper
    return view_func(request, *args, **kwargs)
  File "/Users/meihao/.virtualenvs/project/lib/python3.6/site-packages/django/views/generic/base.py", line 68, in view
    return self.dispatch(request, *args, **kwargs)
  File "/Users/meihao/.virtualenvs/project/lib/python3.6/site-packages/django/views/generic/base.py", line 88, in dispatch
    return handler(request, *args, **kwargs)
  File "/Users/meihao/Desktop/project/meiduo_mall/meiduo_mall/apps/orders/views.py", line 63, in post
    if pay_method not in [OrderInfo.ORDER_STATUS_ENUM['CASH'],
KeyError: 'CASH'
ERROR 2019-05-11 03:26:43,965 basehttp 124 "POST /orders/commit/ HTTP/1.1" 500 86306
ERROR 2019-05-11 03:26:44,820 exception 135 Internal Server Error: /orders/commit/
Traceback (most recent call last):
  File "/Users/meihao/.virtualenvs/project/lib/python3.6/site-packages/django/core/handlers/exception.py", line 41, in inner
    response = get_response(request)
  File "/Users/meihao/.virtualenvs/project/lib/python3.6/site-packages/django/core/handlers/base.py", line 187, in _get_response
    response = self.process_exception_by_middleware(e, request)
  File "/Users/meihao/.virtualenvs/project/lib/python3.6/site-packages/django/core/handlers/base.py", line 185, in _get_response
    response = wrapped_callback(request, *callback_args, **callback_kwargs)
  File "/Users/meihao/Desktop/project/meiduo_mall/meiduo_mall/utils/views.py", line 29, in wrapper
    return view_func(request, *args, **kwargs)
  File "/Users/meihao/.virtualenvs/project/lib/python3.6/site-packages/django/views/generic/base.py", line 68, in view
    return self.dispatch(request, *args, **kwargs)
  File "/Users/meihao/.virtualenvs/project/lib/python3.6/site-packages/django/views/generic/base.py", line 88, in dispatch
    return handler(request, *args, **kwargs)
  File "/Users/meihao/Desktop/project/meiduo_mall/meiduo_mall/apps/orders/views.py", line 63, in post
    if pay_method not in [OrderInfo.ORDER_STATUS_ENUM['CASH'],
KeyError: 'CASH'
ERROR 2019-05-11 03:26:45,048 basehttp 124 "POST /orders/commit/ HTTP/1.1" 500 86306
ERROR 2019-05-11 03:26:45,428 exception 135 Internal Server Error: /orders/commit/
Traceback (most recent call last):
  File "/Users/meihao/.virtualenvs/project/lib/python3.6/site-packages/django/core/handlers/exception.py", line 41, in inner
    response = get_response(request)
  File "/Users/meihao/.virtualenvs/project/lib/python3.6/site-packages/django/core/handlers/base.py", line 187, in _get_response
    response = self.process_exception_by_middleware(e, request)
  File "/Users/meihao/.virtualenvs/project/lib/python3.6/site-packages/django/core/handlers/base.py", line 185, in _get_response
    response = wrapped_callback(request, *callback_args, **callback_kwargs)
  File "/Users/meihao/Desktop/project/meiduo_mall/meiduo_mall/utils/views.py", line 29, in wrapper
    return view_func(request, *args, **kwargs)
  File "/Users/meihao/.virtualenvs/project/lib/python3.6/site-packages/django/views/generic/base.py", line 68, in view
    return self.dispatch(request, *args, **kwargs)
  File "/Users/meihao/.virtualenvs/project/lib/python3.6/site-packages/django/views/generic/base.py", line 88, in dispatch
    return handler(request, *args, **kwargs)
  File "/Users/meihao/Desktop/project/meiduo_mall/meiduo_mall/apps/orders/views.py", line 63, in post
    if pay_method not in [OrderInfo.ORDER_STATUS_ENUM['CASH'],
KeyError: 'CASH'
ERROR 2019-05-11 03:26:45,697 basehttp 124 "POST /orders/commit/ HTTP/1.1" 500 86306
ERROR 2019-05-11 03:26:46,015 exception 135 Internal Server Error: /orders/commit/
Traceback (most recent call last):
  File "/Users/meihao/.virtualenvs/project/lib/python3.6/site-packages/django/core/handlers/exception.py", line 41, in inner
    response = get_response(request)
  File "/Users/meihao/.virtualenvs/project/lib/python3.6/site-packages/django/core/handlers/base.py", line 187, in _get_response
    response = self.process_exception_by_middleware(e, request)
  File "/Users/meihao/.virtualenvs/project/lib/python3.6/site-packages/django/core/handlers/base.py", line 185, in _get_response
    response = wrapped_callback(request, *callback_args, **callback_kwargs)
  File "/Users/meihao/Desktop/project/meiduo_mall/meiduo_mall/utils/views.py", line 29, in wrapper
    return view_func(request, *args, **kwargs)
  File "/Users/meihao/.virtualenvs/project/lib/python3.6/site-packages/django/views/generic/base.py", line 68, in view
    return self.dispatch(request, *args, **kwargs)
  File "/Users/meihao/.virtualenvs/project/lib/python3.6/site-packages/django/views/generic/base.py", line 88, in dispatch
    return handler(request, *args, **kwargs)
  File "/Users/meihao/Desktop/project/meiduo_mall/meiduo_mall/apps/orders/views.py", line 63, in post
    if pay_method not in [OrderInfo.ORDER_STATUS_ENUM['CASH'],
KeyError: 'CASH'
ERROR 2019-05-11 03:26:46,282 basehttp 124 "POST /orders/commit/ HTTP/1.1" 500 86306
ERROR 2019-05-11 03:26:46,676 exception 135 Internal Server Error: /orders/commit/
Traceback (most recent call last):
  File "/Users/meihao/.virtualenvs/project/lib/python3.6/site-packages/django/core/handlers/exception.py", line 41, in inner
    response = get_response(request)
  File "/Users/meihao/.virtualenvs/project/lib/python3.6/site-packages/django/core/handlers/base.py", line 187, in _get_response
    response = self.process_exception_by_middleware(e, request)
  File "/Users/meihao/.virtualenvs/project/lib/python3.6/site-packages/django/core/handlers/base.py", line 185, in _get_response
    response = wrapped_callback(request, *callback_args, **callback_kwargs)
  File "/Users/meihao/Desktop/project/meiduo_mall/meiduo_mall/utils/views.py", line 29, in wrapper
    return view_func(request, *args, **kwargs)
  File "/Users/meihao/.virtualenvs/project/lib/python3.6/site-packages/django/views/generic/base.py", line 68, in view
    return self.dispatch(request, *args, **kwargs)
  File "/Users/meihao/.virtualenvs/project/lib/python3.6/site-packages/django/views/generic/base.py", line 88, in dispatch
    return handler(request, *args, **kwargs)
  File "/Users/meihao/Desktop/project/meiduo_mall/meiduo_mall/apps/orders/views.py", line 63, in post
    if pay_method not in [OrderInfo.ORDER_STATUS_ENUM['CASH'],
KeyError: 'CASH'
ERROR 2019-05-11 03:26:46,895 basehttp 124 "POST /orders/commit/ HTTP/1.1" 500 86306
INFO 2019-05-11 03:27:55,411 basehttp 124 "GET /orders/settlement/ HTTP/1.1" 200 5564
INFO 2019-05-11 03:27:59,407 basehttp 124 "POST /orders/commit/ HTTP/1.1" 200 54
INFO 2019-05-11 03:29:17,628 basehttp 124 "GET /orders/settlement/ HTTP/1.1" 200 5564
INFO 2019-05-11 03:29:21,125 basehttp 124 "POST /orders/commit/ HTTP/1.1" 200 68
INFO 2019-05-11 03:29:21,190 basehttp 124 "GET /orders/success/?order_id=20190511032921000000001&payment_amount=6509.00&pay_method=2 HTTP/1.1" 200 3138
INFO 2019-05-11 03:29:47,716 basehttp 124 "GET /orders/success/?order_id=20190511032921000000001&payment_amount=6509.00&pay_method=2 HTTP/1.1" 200 3036
INFO 2019-05-11 04:11:45,971 basehttp 124 "GET / HTTP/1.1" 200 124488
INFO 2019-05-11 04:11:46,277 basehttp 124 "GET /carts/simple/ HTTP/1.1" 200 46
INFO 2019-05-11 04:11:49,681 basehttp 124 "GET /info/ HTTP/1.1" 200 6080
INFO 2019-05-11 04:11:49,698 basehttp 124 "GET /static/js/user_center_info.js HTTP/1.1" 200 4692
INFO 2019-05-11 04:11:49,785 basehttp 124 "GET /browse_histories/ HTTP/1.1" 200 284
WARNING 2019-05-11 04:11:54,110 base 152 Not Found: /info/user_center_order.html
WARNING 2019-05-11 04:11:54,114 basehttp 124 "GET /info/user_center_order.html HTTP/1.1" 404 7982
WARNING 2019-05-11 04:11:57,610 base 152 Not Found: /info/user_center_order.html
WARNING 2019-05-11 04:11:57,612 basehttp 124 "GET /info/user_center_order.html HTTP/1.1" 404 7982
INFO 2019-05-11 04:12:08,994 basehttp 124 "GET / HTTP/1.1" 200 124488
INFO 2019-05-11 04:12:09,298 basehttp 124 "GET /carts/simple/ HTTP/1.1" 200 46
INFO 2019-05-11 04:12:10,211 basehttp 124 "GET /carts/simple/ HTTP/1.1" 200 46
INFO 2019-05-11 04:12:11,290 basehttp 124 "GET /carts/ HTTP/1.1" 200 4784
INFO 2019-05-11 04:12:20,849 basehttp 124 "GET /list/115/1/ HTTP/1.1" 200 19382
INFO 2019-05-11 04:12:20,965 basehttp 124 "GET /carts/simple/ HTTP/1.1" 200 46
INFO 2019-05-11 04:12:20,975 basehttp 124 "GET /hot/115/ HTTP/1.1" 200 571
INFO 2019-05-11 04:12:23,742 basehttp 124 "GET /detail/3/ HTTP/1.1" 200 18641
WARNING 2019-05-11 04:12:23,903 base 152 Not Found: /comment/3/
WARNING 2019-05-11 04:12:23,907 basehttp 124 "GET /comment/3/ HTTP/1.1" 404 7931
INFO 2019-05-11 04:12:23,923 basehttp 124 "GET /hot/115/ HTTP/1.1" 200 571
INFO 2019-05-11 04:12:23,974 basehttp 124 "GET /carts/simple/ HTTP/1.1" 200 46
INFO 2019-05-11 04:12:23,997 basehttp 124 "POST /browse_histories/ HTTP/1.1" 200 29
INFO 2019-05-11 04:12:24,118 basehttp 124 "POST /detail/visit/115/ HTTP/1.1" 200 29
INFO 2019-05-11 04:12:25,485 basehttp 124 "POST /carts/ HTTP/1.1" 200 69
INFO 2019-05-11 04:12:27,012 basehttp 124 "GET /carts/simple/ HTTP/1.1" 200 283
INFO 2019-05-11 04:12:28,503 basehttp 124 "GET /carts/ HTTP/1.1" 200 5050
INFO 2019-05-11 04:12:30,695 basehttp 124 "GET /orders/settlement/ HTTP/1.1" 200 5554
INFO 2019-05-11 04:12:33,663 basehttp 124 "POST /orders/commit/ HTTP/1.1" 200 68
INFO 2019-05-11 04:12:33,729 basehttp 124 "GET /orders/success/?order_id=20190511041233000000001&payment_amount=6509.00&pay_method=2 HTTP/1.1" 200 3039
ERROR 2019-05-11 04:12:48,189 exception 135 Internal Server Error: /orders/info/1/
Traceback (most recent call last):
  File "/Users/meihao/.virtualenvs/project/lib/python3.6/site-packages/django/core/handlers/exception.py", line 41, in inner
    response = get_response(request)
  File "/Users/meihao/.virtualenvs/project/lib/python3.6/site-packages/django/core/handlers/base.py", line 187, in _get_response
    response = self.process_exception_by_middleware(e, request)
  File "/Users/meihao/.virtualenvs/project/lib/python3.6/site-packages/django/core/handlers/base.py", line 185, in _get_response
    response = wrapped_callback(request, *callback_args, **callback_kwargs)
  File "/Users/meihao/.virtualenvs/project/lib/python3.6/site-packages/django/contrib/auth/decorators.py", line 23, in _wrapped_view
    return view_func(request, *args, **kwargs)
  File "/Users/meihao/.virtualenvs/project/lib/python3.6/site-packages/django/views/generic/base.py", line 68, in view
    return self.dispatch(request, *args, **kwargs)
  File "/Users/meihao/.virtualenvs/project/lib/python3.6/site-packages/django/views/generic/base.py", line 88, in dispatch
    return handler(request, *args, **kwargs)
  File "/Users/meihao/Desktop/project/meiduo_mall/meiduo_mall/apps/orders/views.py", line 47, in get
    sku.amount = order_good.amount
AttributeError: 'OrderGoods' object has no attribute 'amount'
ERROR 2019-05-11 04:12:48,489 basehttp 124 "GET /orders/info/1/ HTTP/1.1" 500 89127
INFO 2019-05-11 04:13:33,050 basehttp 124 "GET /orders/info/1/ HTTP/1.1" 200 5681
INFO 2019-05-12 01:54:04,026 basehttp 124 "GET / HTTP/1.1" 200 124488
INFO 2019-05-12 01:54:04,477 basehttp 124 "GET /carts/simple/ HTTP/1.1" 200 46
WARNING 2019-05-12 01:54:04,594 base 152 Not Found: /favicon.ico
WARNING 2019-05-12 01:54:04,599 basehttp 124 "GET /favicon.ico HTTP/1.1" 404 8116
INFO 2019-05-12 01:54:12,862 basehttp 124 "GET /list/115/1/ HTTP/1.1" 200 19382
INFO 2019-05-12 01:54:12,969 basehttp 124 "GET /carts/simple/ HTTP/1.1" 200 46
INFO 2019-05-12 01:54:12,996 basehttp 124 "GET /hot/115/ HTTP/1.1" 200 571
INFO 2019-05-12 01:54:16,960 basehttp 124 "GET /detail/3/ HTTP/1.1" 200 18641
INFO 2019-05-12 01:54:17,090 basehttp 124 "POST /browse_histories/ HTTP/1.1" 200 60
INFO 2019-05-12 01:54:17,187 basehttp 124 "GET /carts/simple/ HTTP/1.1" 200 46
WARNING 2019-05-12 01:54:17,247 base 152 Not Found: /comment/3/
WARNING 2019-05-12 01:54:17,264 basehttp 124 "GET /comment/3/ HTTP/1.1" 404 8113
INFO 2019-05-12 01:54:17,267 basehttp 124 "GET /hot/115/ HTTP/1.1" 200 571
INFO 2019-05-12 01:54:17,452 basehttp 124 "POST /detail/visit/115/ HTTP/1.1" 200 29
INFO 2019-05-12 01:54:19,699 basehttp 124 "POST /carts/ HTTP/1.1" 200 29
INFO 2019-05-12 01:54:23,419 basehttp 124 "POST /carts/ HTTP/1.1" 200 29
INFO 2019-05-12 01:54:25,377 basehttp 124 "GET /carts/simple/ HTTP/1.1" 200 283
INFO 2019-05-12 01:54:27,000 basehttp 124 "GET /carts/ HTTP/1.1" 200 5051
INFO 2019-05-12 01:54:35,780 basehttp 124 "GET /orders/settlement/ HTTP/1.1" 302 0
INFO 2019-05-12 01:54:35,885 basehttp 124 "GET /login/?next=/orders/settlement/ HTTP/1.1" 200 4192
ERROR 2019-05-12 01:54:43,068 exception 135 Internal Server Error: /login/
Traceback (most recent call last):
  File "/Users/meihao/.virtualenvs/project/lib/python3.6/site-packages/django_redis/cache.py", line 32, in _decorator
    return method(self, *args, **kwargs)
  File "/Users/meihao/.virtualenvs/project/lib/python3.6/site-packages/django_redis/cache.py", line 124, in has_key
    return self.client.has_key(*args, **kwargs)
  File "/Users/meihao/.virtualenvs/project/lib/python3.6/site-packages/django_redis/client/default.py", line 478, in has_key
    raise ConnectionInterrupted(connection=client, parent=e)
django_redis.exceptions.ConnectionInterrupted: Redis ConnectionError: Error 61 connecting to 127.0.0.1:6379. Connection refused.

During handling of the above exception, another exception occurred:

Traceback (most recent call last):
  File "/Users/meihao/.virtualenvs/project/lib/python3.6/site-packages/django/core/handlers/exception.py", line 41, in inner
    response = get_response(request)
  File "/Users/meihao/.virtualenvs/project/lib/python3.6/site-packages/django/core/handlers/base.py", line 187, in _get_response
    response = self.process_exception_by_middleware(e, request)
  File "/Users/meihao/.virtualenvs/project/lib/python3.6/site-packages/django/core/handlers/base.py", line 185, in _get_response
    response = wrapped_callback(request, *callback_args, **callback_kwargs)
  File "/Users/meihao/.virtualenvs/project/lib/python3.6/site-packages/django/views/generic/base.py", line 68, in view
    return self.dispatch(request, *args, **kwargs)
  File "/Users/meihao/.virtualenvs/project/lib/python3.6/site-packages/django/views/generic/base.py", line 88, in dispatch
    return handler(request, *args, **kwargs)
  File "/Users/meihao/Desktop/project/meiduo_mall/meiduo_mall/apps/users/views.py", line 563, in post
    login(request, user)
  File "/Users/meihao/.virtualenvs/project/lib/python3.6/site-packages/django/contrib/auth/__init__.py", line 140, in login
    request.session.cycle_key()
  File "/Users/meihao/.virtualenvs/project/lib/python3.6/site-packages/django/contrib/sessions/backends/base.py", line 311, in cycle_key
    self.create()
  File "/Users/meihao/.virtualenvs/project/lib/python3.6/site-packages/django/contrib/sessions/backends/cache.py", line 44, in create
    self._session_key = self._get_new_session_key()
  File "/Users/meihao/.virtualenvs/project/lib/python3.6/site-packages/django/contrib/sessions/backends/base.py", line 164, in _get_new_session_key
    if not self.exists(session_key):
  File "/Users/meihao/.virtualenvs/project/lib/python3.6/site-packages/django/contrib/sessions/backends/cache.py", line 71, in exists
    return session_key and (self.cache_key_prefix + session_key) in self._cache
  File "/Users/meihao/.virtualenvs/project/lib/python3.6/site-packages/django/core/cache/backends/base.py", line 203, in __contains__
    return self.has_key(key)
  File "/Users/meihao/.virtualenvs/project/lib/python3.6/site-packages/django_redis/cache.py", line 39, in _decorator
    raise e.parent
  File "/Users/meihao/.virtualenvs/project/lib/python3.6/site-packages/django_redis/client/default.py", line 476, in has_key
    return client.exists(key) == 1
  File "/Users/meihao/.virtualenvs/project/lib/python3.6/site-packages/redis/client.py", line 1239, in exists
    return self.execute_command('EXISTS', *names)
  File "/Users/meihao/.virtualenvs/project/lib/python3.6/site-packages/redis/client.py", line 772, in execute_command
    connection = pool.get_connection(command_name, **options)
  File "/Users/meihao/.virtualenvs/project/lib/python3.6/site-packages/redis/connection.py", line 994, in get_connection
    connection.connect()
  File "/Users/meihao/.virtualenvs/project/lib/python3.6/site-packages/redis/connection.py", line 497, in connect
    raise ConnectionError(self._error_message(e))
redis.exceptions.ConnectionError: Error 61 connecting to 127.0.0.1:6379. Connection refused.
ERROR 2019-05-12 01:54:44,265 basehttp 124 "POST /login/?next=/orders/settlement/ HTTP/1.1" 500 144809
INFO 2019-05-12 01:54:56,920 basehttp 124 "POST /login/?next=/orders/settlement/ HTTP/1.1" 302 0
INFO 2019-05-12 01:54:57,272 basehttp 124 "GET /orders/settlement/ HTTP/1.1" 200 5558
INFO 2019-05-12 01:55:01,912 basehttp 124 "POST /orders/commit/ HTTP/1.1" 200 68
INFO 2019-05-12 01:55:02,064 basehttp 124 "GET /orders/success/?order_id=20190512015501000000001&payment_amount=26006.00&pay_method=2 HTTP/1.1" 200 3040
WARNING 2019-05-12 01:55:27,368 basehttp 124 "GET /static/js/axios.min.map HTTP/1.1" 404 1661
INFO 2019-05-12 01:58:09,627 basehttp 124 "GET /orders/success/?order_id=20190512015501000000001&payment_amount=26006.00&pay_method=2 HTTP/1.1" 200 3108
INFO 2019-05-12 01:58:09,707 basehttp 124 "GET /static/js/host.js HTTP/1.1" 200 75
INFO 2019-05-12 01:58:09,721 basehttp 124 "GET /static/css/reset.css HTTP/1.1" 200 638
INFO 2019-05-12 01:58:09,724 basehttp 124 "GET /static/css/main.css HTTP/1.1" 200 39722
INFO 2019-05-12 01:58:09,725 basehttp 124 "GET /static/js/axios-0.18.0.min.js HTTP/1.1" 200 12941
INFO 2019-05-12 01:58:09,740 basehttp 124 "GET /static/images/logo.png HTTP/1.1" 200 7450
INFO 2019-05-12 01:58:09,754 basehttp 124 "GET /static/js/order_success.js HTTP/1.1" 200 1626
INFO 2019-05-12 01:58:09,756 basehttp 124 "GET /static/js/common.js HTTP/1.1" 200 891
INFO 2019-05-12 01:58:09,761 basehttp 124 "GET /static/js/jquery-1.12.4.min.js HTTP/1.1" 200 97163
INFO 2019-05-12 01:58:09,766 basehttp 124 "GET /static/js/vue-2.5.16.js HTTP/1.1" 200 289307
INFO 2019-05-12 01:58:09,816 basehttp 124 "GET /static/images/icons.png HTTP/1.1" 200 7740
INFO 2019-05-12 01:58:09,818 basehttp 124 "GET /static/images/success.png HTTP/1.1" 200 2738
WARNING 2019-05-12 01:58:09,873 basehttp 124 "GET /static/js/axios.min.map HTTP/1.1" 404 1661
INFO 2019-05-12 01:58:57,194 basehttp 124 "GET /payment/20190512015501000000001/ HTTP/1.1" 200 899
WARNING 2019-05-12 02:02:17,891 base 152 Not Found: /payment/status/
WARNING 2019-05-12 02:02:17,893 basehttp 124 "GET /payment/status/?charset=utf-8&out_trade_no=20190512015501000000001&method=alipay.trade.page.pay.return&total_amount=26006.00&sign=aM22jL%2Fb8v7YTA24QZUyOtDZVqR7JeywNfDOrejHr4HY0qZAi6VzpophPmumM%2B%2F908AXU7XV8v0CK5wyFZNNwYym8c6kbXwqAvW6FvFyFKkHIFsc6Yd7GC4Wvnz%2F0%2B7cuFssJ88gLXjhLNEA5W8XWMRdTpU2Mo51wy%2FTNfnuFLG5pqjOpwN%2F0whAroSFwdbdA2OKCi0sRBsrbNhqJHX8x7nMY5DrMmiQlRKC7w7HcWMqSJ%2BvGxuSGVrRNTUONbG%2FcZjLYXlziqb3vyfQA%2F5%2FS%2BYe1Sz%2B%2FvA8ofn0KQTprJyGtuuuBChC%2BaF87C8x1aQhsID5hSzsPx4x%2BYCMnbK1kw%3D%3D&trade_no=2019051222001432561000010027&auth_app_id=2016092500589723&version=1.0&app_id=2016092500589723&sign_type=RSA2&seller_id=2088102177141037&timestamp=2019-05-12+10%3A02%3A14 HTTP/1.1" 404 8852
WARNING 2019-05-12 02:02:18,152 base 152 Not Found: /favicon.ico
WARNING 2019-05-12 02:02:18,154 basehttp 124 "GET /favicon.ico HTTP/1.1" 404 8122
INFO 2019-05-12 02:52:50,767 basehttp 124 "GET /payment/status/?charset=utf-8&out_trade_no=20190512015501000000001&method=alipay.trade.page.pay.return&total_amount=26006.00&sign=aM22jL%2Fb8v7YTA24QZUyOtDZVqR7JeywNfDOrejHr4HY0qZAi6VzpophPmumM%2B%2F908AXU7XV8v0CK5wyFZNNwYym8c6kbXwqAvW6FvFyFKkHIFsc6Yd7GC4Wvnz%2F0%2B7cuFssJ88gLXjhLNEA5W8XWMRdTpU2Mo51wy%2FTNfnuFLG5pqjOpwN%2F0whAroSFwdbdA2OKCi0sRBsrbNhqJHX8x7nMY5DrMmiQlRKC7w7HcWMqSJ%2BvGxuSGVrRNTUONbG%2FcZjLYXlziqb3vyfQA%2F5%2FS%2BYe1Sz%2B%2FvA8ofn0KQTprJyGtuuuBChC%2BaF87C8x1aQhsID5hSzsPx4x%2BYCMnbK1kw%3D%3D&trade_no=2019051222001432561000010027&auth_app_id=2016092500589723&version=1.0&app_id=2016092500589723&sign_type=RSA2&seller_id=2088102177141037&timestamp=2019-05-12+10%3A02%3A14 HTTP/1.1" 200 3239
INFO 2019-05-12 03:12:31,799 basehttp 124 "GET / HTTP/1.1" 200 124488
INFO 2019-05-12 03:12:32,227 basehttp 124 "GET /carts/simple/ HTTP/1.1" 200 46
INFO 2019-05-12 03:12:47,451 basehttp 124 "GET /static/index.html HTTP/1.1" 200 124488
INFO 2019-05-12 03:12:47,663 basehttp 124 "GET /carts/simple/ HTTP/1.1" 200 46
INFO 2019-05-12 03:12:55,460 basehttp 124 "GET /static/index.html HTTP/1.1" 304 0
INFO 2019-05-12 03:12:55,646 basehttp 124 "GET /carts/simple/ HTTP/1.1" 200 46
INFO 2019-05-12 03:38:18,283 basehttp 124 "GET /static/detail/1.html HTTP/1.1" 200 19196
WARNING 2019-05-12 03:38:18,558 base 152 Not Found: /comment/1/
WARNING 2019-05-12 03:38:18,565 basehttp 124 "GET /comment/1/ HTTP/1.1" 404 8278
INFO 2019-05-12 03:38:18,579 basehttp 124 "GET /hot/157/ HTTP/1.1" 200 479
INFO 2019-05-12 03:38:18,672 basehttp 124 "POST /detail/visit/157/ HTTP/1.1" 200 29
INFO 2019-05-12 03:38:18,710 basehttp 124 "GET /carts/simple/ HTTP/1.1" 200 46
INFO 2019-05-12 03:38:18,715 basehttp 124 "POST /browse_histories/ HTTP/1.1" 200 29
INFO 2019-05-12 03:38:33,275 basehttp 124 "GET /static/detail/2.html HTTP/1.1" 200 19199
WARNING 2019-05-12 03:38:33,472 base 152 Not Found: /comment/2/
WARNING 2019-05-12 03:38:33,481 basehttp 124 "GET /comment/2/ HTTP/1.1" 404 8278
INFO 2019-05-12 03:38:33,495 basehttp 124 "GET /hot/157/ HTTP/1.1" 200 479
INFO 2019-05-12 03:38:33,526 basehttp 124 "GET /carts/simple/ HTTP/1.1" 200 46
INFO 2019-05-12 03:38:33,552 basehttp 124 "POST /browse_histories/ HTTP/1.1" 200 29
INFO 2019-05-12 03:38:33,568 basehttp 124 "POST /detail/visit/157/ HTTP/1.1" 200 29
INFO 2019-05-12 03:39:46,585 basehttp 124 "GET /static/index.html HTTP/1.1" 200 124488
INFO 2019-05-12 03:39:46,804 basehttp 124 "GET /carts/simple/ HTTP/1.1" 200 46
INFO 2019-05-12 03:39:52,933 basehttp 124 "GET /list/115/1/ HTTP/1.1" 200 19382
INFO 2019-05-12 03:39:53,050 basehttp 124 "GET /hot/115/ HTTP/1.1" 200 571
INFO 2019-05-12 03:39:53,057 basehttp 124 "GET /carts/simple/ HTTP/1.1" 200 46
INFO 2019-05-12 04:10:01,908 basehttp 124 "GET / HTTP/1.1" 200 124488
INFO 2019-05-12 04:10:02,356 basehttp 124 "GET /carts/simple/ HTTP/1.1" 200 46
INFO 2019-05-12 04:10:10,618 basehttp 124 "GET /list/115/1/ HTTP/1.1" 200 19382
INFO 2019-05-12 04:10:10,735 basehttp 124 "GET /carts/simple/ HTTP/1.1" 200 46
INFO 2019-05-12 04:10:10,737 basehttp 124 "GET /hot/115/ HTTP/1.1" 200 584
INFO 2019-05-12 04:10:21,294 basehttp 124 "GET / HTTP/1.1" 200 124488
INFO 2019-05-12 04:10:21,508 basehttp 124 "GET /carts/simple/ HTTP/1.1" 200 46
INFO 2019-05-12 04:10:23,451 basehttp 124 "GET /logout/ HTTP/1.1" 302 0
INFO 2019-05-12 04:10:24,563 basehttp 124 "GET / HTTP/1.1" 200 124488
INFO 2019-05-12 04:10:24,693 basehttp 124 "GET /carts/simple/ HTTP/1.1" 200 46
INFO 2019-05-12 04:10:25,637 basehttp 124 "GET /login/ HTTP/1.1" 200 4192
INFO 2019-05-12 04:10:33,366 basehttp 124 "POST /login/ HTTP/1.1" 200 4307
INFO 2019-05-12 04:10:40,364 basehttp 124 "GET /register/ HTTP/1.1" 200 5373
INFO 2019-05-12 04:10:40,389 basehttp 124 "GET /static/js/register.js HTTP/1.1" 200 15584
INFO 2019-05-12 04:10:40,451 basehttp 124 "GET /static/images/interval_line.png HTTP/1.1" 200 1123
INFO 2019-05-12 04:10:40,474 basehttp 124 "GET /static/images/register_banner.png HTTP/1.1" 200 54894
INFO 2019-05-12 04:10:40,477 basehttp 124 "GET /image_codes/12927c0d-2660-42e7-b4f7-25cb6a7b9a89/ HTTP/1.1" 200 3474
INFO 2019-05-12 04:10:45,363 basehttp 124 "GET /usernames/meihao4444/count/ HTTP/1.1" 200 41
INFO 2019-05-12 04:10:51,082 basehttp 124 "GET /mobiles/15910261232/count/ HTTP/1.1" 200 41
INFO 2019-05-12 04:10:54,948 views 52 225735
INFO 2019-05-12 04:10:54,952 basehttp 124 "GET /sms_codes/15910261232/?image_code=uraq&image_code_id=12927c0d-2660-42e7-b4f7-25cb6a7b9a89 HTTP/1.1" 200 29
INFO 2019-05-12 04:10:54,966 basehttp 124 "GET /mobiles/15910261232/count/ HTTP/1.1" 200 41
INFO 2019-05-12 04:11:02,709 basehttp 124 "GET /mobiles/15910261232/count/ HTTP/1.1" 200 41
INFO 2019-05-12 04:11:02,710 basehttp 124 "GET /usernames/meihao4444/count/ HTTP/1.1" 200 41
INFO 2019-05-12 04:11:12,819 basehttp 124 "POST /register/ HTTP/1.1" 302 0
INFO 2019-05-12 04:11:14,113 basehttp 124 "GET / HTTP/1.1" 200 124488
INFO 2019-05-12 04:11:14,353 basehttp 124 "GET /carts/simple/ HTTP/1.1" 200 46
INFO 2019-05-12 04:11:27,686 basehttp 124 "GET /carts/simple/ HTTP/1.1" 200 46
WARNING 2019-05-12 07:22:12,722 base 152 Not Found: /favicon.ico
WARNING 2019-05-12 07:23:02,696 base 152 Not Found: /comment/3/
